   1              		.cpu cortex-m4
   2              		.eabi_attribute 27, 1
   3              		.eabi_attribute 28, 1
   4              		.eabi_attribute 20, 1
   5              		.eabi_attribute 21, 1
   6              		.eabi_attribute 23, 3
   7              		.eabi_attribute 24, 1
   8              		.eabi_attribute 25, 1
   9              		.eabi_attribute 26, 1
  10              		.eabi_attribute 30, 1
  11              		.eabi_attribute 34, 1
  12              		.eabi_attribute 18, 4
  13              		.file	"graph_code.c"
  14              		.text
  15              		.section	.text.graphcode_init,"ax",%progbits
  16              		.align	1
  17              		.global	graphcode_init
  18              		.arch armv7e-m
  19              		.syntax unified
  20              		.thumb
  21              		.thumb_func
  22              		.fpu fpv4-sp-d16
  24              	graphcode_init:
  25              		@ args = 0, pretend = 0, frame = 0
  26              		@ frame_needed = 0, uses_anonymous_args = 0
  27              		@ link register save eliminated.
  28 0000 7047     		bx	lr
  30              		.section	.text.graphcode,"ax",%progbits
  31              		.align	1
  32              		.global	graphcode
  33              		.syntax unified
  34              		.thumb
  35              		.thumb_func
  36              		.fpu fpv4-sp-d16
  38              	graphcode:
  39              		@ args = 0, pretend = 0, frame = 0
  40              		@ frame_needed = 0, uses_anonymous_args = 0
  41              		@ link register save eliminated.
  42 0000 7047     		bx	lr
  44              		.global	ext_graph_cycle_time
  45              		.comm	mem32array,4,4
  46              		.comm	mem16array,2,4
  47              		.comm	membitarray,1,4
  48              		.section	.data.ext_graph_cycle_time,"aw"
  49              		.align	1
  52              	ext_graph_cycle_time:
  53 0000 0A00     		.short	10
  54              		.ident	"GCC: (GNU Tools for Arm Embedded Processors 8-2019-q3-update) 8.3.1 20190703 (release) [gc
