   1              		.cpu cortex-m4
   2              		.eabi_attribute 27, 1
   3              		.eabi_attribute 28, 1
   4              		.eabi_attribute 20, 1
   5              		.eabi_attribute 21, 1
   6              		.eabi_attribute 23, 3
   7              		.eabi_attribute 24, 1
   8              		.eabi_attribute 25, 1
   9              		.eabi_attribute 26, 1
  10              		.eabi_attribute 30, 1
  11              		.eabi_attribute 34, 1
  12              		.eabi_attribute 18, 4
  13              		.file	"user_api_io.c"
  14              		.text
  15              		.section	.text.user_do_set,"ax",%progbits
  16              		.align	1
  17              		.global	user_do_set
  18              		.arch armv7e-m
  19              		.syntax unified
  20              		.thumb
  21              		.thumb_func
  22              		.fpu fpv4-sp-d16
  24              	user_do_set:
  25              		@ args = 0, pretend = 0, frame = 0
  26              		@ frame_needed = 0, uses_anonymous_args = 0
  27 0000 08B5     		push	{r3, lr}
  28 0002 00EB4002 		add	r2, r0, r0, lsl #1
  29 0006 124B     		ldr	r3, .L8
  30 0008 03EBC203 		add	r3, r3, r2, lsl #3
  31 000c DB7A     		ldrb	r3, [r3, #11]	@ zero_extendqisi2
  32 000e 012B     		cmp	r3, #1
  33 0010 0AD0     		beq	.L7
  34              	.L2:
  35 0012 A0F15903 		sub	r3, r0, #89
  36 0016 9BB2     		uxth	r3, r3
  37 0018 0D2B     		cmp	r3, #13
  38 001a 0AD8     		bhi	.L4
  39 001c 0D4B     		ldr	r3, .L8+4
  40 001e 03EB4000 		add	r0, r3, r0, lsl #1
  41 0022 00F8B11C 		strb	r1, [r0, #-177]
  42              	.L1:
  43 0026 08BD     		pop	{r3, pc}
  44              	.L7:
  45 0028 5828     		cmp	r0, #88
  46 002a F2D8     		bhi	.L2
  47 002c FFF7FEFF 		bl	hal_io_do_set
  48 0030 F9E7     		b	.L1
  49              	.L4:
  50 0032 094B     		ldr	r3, .L8+8
  51 0034 03EB4000 		add	r0, r3, r0, lsl #1
  52 0038 4078     		ldrb	r0, [r0, #1]	@ zero_extendqisi2
  53 003a 0828     		cmp	r0, #8
  54 003c F3D0     		beq	.L1
  55 003e 11B9     		cbnz	r1, .L5
  56 0040 FFF7FEFF 		bl	user_pwm_output_force
  57 0044 EFE7     		b	.L1
  58              	.L5:
  59 0046 4FF47A71 		mov	r1, #1000
  60 004a FFF7FEFF 		bl	user_pwm_output_force
  61 004e EAE7     		b	.L1
  62              	.L9:
  63              		.align	2
  64              	.L8:
  65 0050 00000000 		.word	g_pin_mux_InitConfigArr
  66 0054 00000000 		.word	virtual_pin
  67 0058 00000000 		.word	io_pin_linker
  69              		.section	.text.user_do_readback,"ax",%progbits
  70              		.align	1
  71              		.global	user_do_readback
  72              		.syntax unified
  73              		.thumb
  74              		.thumb_func
  75              		.fpu fpv4-sp-d16
  77              	user_do_readback:
  78              		@ args = 0, pretend = 0, frame = 8
  79              		@ frame_needed = 0, uses_anonymous_args = 0
  80 0000 00B5     		push	{lr}
  81 0002 83B0     		sub	sp, sp, #12
  82 0004 0023     		movs	r3, #0
  83 0006 8DF80730 		strb	r3, [sp, #7]
  84 000a 00EB4002 		add	r2, r0, r0, lsl #1
  85 000e 134B     		ldr	r3, .L18
  86 0010 03EBC203 		add	r3, r3, r2, lsl #3
  87 0014 DB7A     		ldrb	r3, [r3, #11]	@ zero_extendqisi2
  88 0016 012B     		cmp	r3, #1
  89 0018 0CD0     		beq	.L16
  90 001a 5828     		cmp	r0, #88
  91 001c 0CD8     		bhi	.L12
  92 001e 104B     		ldr	r3, .L18+4
  93 0020 03EB4000 		add	r0, r3, r0, lsl #1
  94 0024 4078     		ldrb	r0, [r0, #1]	@ zero_extendqisi2
  95 0026 0828     		cmp	r0, #8
  96 0028 0DD0     		beq	.L13
  97 002a 0DF10701 		add	r1, sp, #7
  98 002e FFF7FEFF 		bl	hal_pwm_readback_do
  99 0032 08E0     		b	.L13
 100              	.L16:
 101 0034 5828     		cmp	r0, #88
 102 0036 0BD9     		bls	.L17
 103              	.L12:
 104 0038 0A4B     		ldr	r3, .L18+8
 105 003a 03EB4000 		add	r0, r3, r0, lsl #1
 106 003e 10F8B13C 		ldrb	r3, [r0, #-177]	@ zero_extendqisi2
 107 0042 8DF80730 		strb	r3, [sp, #7]
 108              	.L13:
 109 0046 9DF80700 		ldrb	r0, [sp, #7]	@ zero_extendqisi2
 110 004a 03B0     		add	sp, sp, #12
 111              		@ sp needed
 112 004c 5DF804FB 		ldr	pc, [sp], #4
 113              	.L17:
 114 0050 0DF10701 		add	r1, sp, #7
 115 0054 FFF7FEFF 		bl	hal_io_do_readback
 116 0058 F5E7     		b	.L13
 117              	.L19:
 118 005a 00BF     		.align	2
 119              	.L18:
 120 005c 00000000 		.word	g_pin_mux_InitConfigArr
 121 0060 00000000 		.word	io_pin_linker
 122 0064 00000000 		.word	virtual_pin
 124              		.section	.text.user_di_get,"ax",%progbits
 125              		.align	1
 126              		.global	user_di_get
 127              		.syntax unified
 128              		.thumb
 129              		.thumb_func
 130              		.fpu fpv4-sp-d16
 132              	user_di_get:
 133              		@ args = 0, pretend = 0, frame = 8
 134              		@ frame_needed = 0, uses_anonymous_args = 0
 135 0000 70B5     		push	{r4, r5, r6, lr}
 136 0002 82B0     		sub	sp, sp, #8
 137 0004 0023     		movs	r3, #0
 138 0006 8DF80730 		strb	r3, [sp, #7]
 139 000a 6628     		cmp	r0, #102
 140 000c 0ED8     		bhi	.L21
 141 000e 5828     		cmp	r0, #88
 142 0010 07D8     		bhi	.L22
 143 0012 00EB4003 		add	r3, r0, r0, lsl #1
 144 0016 234A     		ldr	r2, .L28
 145 0018 02EBC303 		add	r3, r2, r3, lsl #3
 146 001c DB7A     		ldrb	r3, [r3, #11]	@ zero_extendqisi2
 147 001e 012B     		cmp	r3, #1
 148 0020 08D0     		beq	.L26
 149              	.L22:
 150 0022 214B     		ldr	r3, .L28+4
 151 0024 13F81040 		ldrb	r4, [r3, r0, lsl #1]	@ zero_extendqisi2
 152 0028 272C     		cmp	r4, #39
 153 002a 0AD9     		bls	.L27
 154              	.L21:
 155 002c 9DF80700 		ldrb	r0, [sp, #7]	@ zero_extendqisi2
 156              	.L23:
 157 0030 02B0     		add	sp, sp, #8
 158              		@ sp needed
 159 0032 70BD     		pop	{r4, r5, r6, pc}
 160              	.L26:
 161 0034 0DF10701 		add	r1, sp, #7
 162 0038 FFF7FEFF 		bl	hal_io_di_get
 163 003c 9DF80700 		ldrb	r0, [sp, #7]	@ zero_extendqisi2
 164 0040 F6E7     		b	.L23
 165              	.L27:
 166 0042 6609     		lsrs	r6, r4, #5
 167 0044 04F01F03 		and	r3, r4, #31
 168 0048 0125     		movs	r5, #1
 169 004a 9D40     		lsls	r5, r5, r3
 170 004c 174B     		ldr	r3, .L28+8
 171 004e 53F82630 		ldr	r3, [r3, r6, lsl #2]
 172 0052 1D42     		tst	r5, r3
 173 0054 14BF     		ite	ne
 174 0056 0123     		movne	r3, #1
 175 0058 0023     		moveq	r3, #0
 176 005a 8DF80730 		strb	r3, [sp, #7]
 177 005e 2046     		mov	r0, r4
 178 0060 FFF7FEFF 		bl	user_ai_get_mv
 179 0064 41F26F73 		movw	r3, #5999
 180 0068 9842     		cmp	r0, r3
 181 006a 09D9     		bls	.L24
 182 006c 0F4A     		ldr	r2, .L28+8
 183 006e 52F82630 		ldr	r3, [r2, r6, lsl #2]
 184 0072 1D43     		orrs	r5, r5, r3
 185 0074 42F82650 		str	r5, [r2, r6, lsl #2]
 186 0078 0123     		movs	r3, #1
 187 007a 8DF80730 		strb	r3, [sp, #7]
 188 007e D5E7     		b	.L21
 189              	.L24:
 190 0080 2046     		mov	r0, r4
 191 0082 FFF7FEFF 		bl	user_ai_get_mv
 192 0086 B0F57A6F 		cmp	r0, #4000
 193 008a CFD8     		bhi	.L21
 194 008c 074A     		ldr	r2, .L28+8
 195 008e 52F82630 		ldr	r3, [r2, r6, lsl #2]
 196 0092 23EA0505 		bic	r5, r3, r5
 197 0096 42F82650 		str	r5, [r2, r6, lsl #2]
 198 009a 0023     		movs	r3, #0
 199 009c 8DF80730 		strb	r3, [sp, #7]
 200 00a0 C4E7     		b	.L21
 201              	.L29:
 202 00a2 00BF     		.align	2
 203              	.L28:
 204 00a4 00000000 		.word	g_pin_mux_InitConfigArr
 205 00a8 00000000 		.word	io_pin_linker
 206 00ac 00000000 		.word	.LANCHOR0
 208              		.section	.text.user_di_find_adc_pin,"ax",%progbits
 209              		.align	1
 210              		.global	user_di_find_adc_pin
 211              		.syntax unified
 212              		.thumb
 213              		.thumb_func
 214              		.fpu fpv4-sp-d16
 216              	user_di_find_adc_pin:
 217              		@ args = 0, pretend = 0, frame = 0
 218              		@ frame_needed = 0, uses_anonymous_args = 0
 219              		@ link register save eliminated.
 220 0000 6628     		cmp	r0, #102
 221 0002 9ABF     		itte	ls
 222 0004 024B     		ldrls	r3, .L33
 223 0006 13F81000 		ldrbls	r0, [r3, r0, lsl #1]	@ zero_extendqisi2
 224 000a 2820     		movhi	r0, #40
 225 000c 7047     		bx	lr
 226              	.L34:
 227 000e 00BF     		.align	2
 228              	.L33:
 229 0010 00000000 		.word	io_pin_linker
 231              		.section	.bss.pin_states.12689,"aw",%nobits
 232              		.align	2
 233              		.set	.LANCHOR0,. + 0
 236              	pin_states.12689:
 237 0000 00000000 		.space	8
 237      00000000 
 238              		.ident	"GCC: (GNU Tools for Arm Embedded Processors 8-2019-q3-update) 8.3.1 20190703 (release) [gc
