   1              		.cpu cortex-m4
   2              		.eabi_attribute 27, 1
   3              		.eabi_attribute 28, 1
   4              		.eabi_attribute 20, 1
   5              		.eabi_attribute 21, 1
   6              		.eabi_attribute 23, 3
   7              		.eabi_attribute 24, 1
   8              		.eabi_attribute 25, 1
   9              		.eabi_attribute 26, 1
  10              		.eabi_attribute 30, 1
  11              		.eabi_attribute 34, 1
  12              		.eabi_attribute 18, 4
  13              		.file	"user_code.c"
  14              		.text
  15              		.section	.text.usercode_init,"ax",%progbits
  16              		.align	1
  17              		.global	usercode_init
  18              		.arch armv7e-m
  19              		.syntax unified
  20              		.thumb
  21              		.thumb_func
  22              		.fpu fpv4-sp-d16
  24              	usercode_init:
  25              		@ args = 0, pretend = 0, frame = 0
  26              		@ frame_needed = 0, uses_anonymous_args = 0
  27              		@ link register save eliminated.
  28 0000 7047     		bx	lr
  30              		.section	.text.usercode,"ax",%progbits
  31              		.align	1
  32              		.global	usercode
  33              		.syntax unified
  34              		.thumb
  35              		.thumb_func
  36              		.fpu fpv4-sp-d16
  38              	usercode:
  39              		@ args = 0, pretend = 0, frame = 0
  40              		@ frame_needed = 0, uses_anonymous_args = 0
  41              		@ link register save eliminated.
  42 0000 7047     		bx	lr
  44              		.section	.text.user_can_receive_msg_callback,"ax",%progbits
  45              		.align	1
  46              		.global	user_can_receive_msg_callback
  47              		.syntax unified
  48              		.thumb
  49              		.thumb_func
  50              		.fpu fpv4-sp-d16
  52              	user_can_receive_msg_callback:
  53              		@ args = 0, pretend = 0, frame = 0
  54              		@ frame_needed = 0, uses_anonymous_args = 0
  55 0000 08B5     		push	{r3, lr}
  56 0002 0B68     		ldr	r3, [r1]
  57 0004 B3F5FC6F 		cmp	r3, #2016
  58 0008 00D0     		beq	.L9
  59              	.L3:
  60 000a 08BD     		pop	{r3, pc}
  61              	.L9:
  62 000c 0846     		mov	r0, r1
  63 000e 4B7A     		ldrb	r3, [r1, #9]	@ zero_extendqisi2
  64 0010 302B     		cmp	r3, #48
  65 0012 07D0     		beq	.L10
  66 0014 8B7A     		ldrb	r3, [r1, #10]	@ zero_extendqisi2
  67 0016 102B     		cmp	r3, #16
  68 0018 07D0     		beq	.L6
  69 001a 222B     		cmp	r3, #34
  70 001c F5D1     		bne	.L3
  71 001e FFF7FEFF 		bl	read_data_request
  72 0022 F2E7     		b	.L3
  73              	.L10:
  74 0024 FFF7FEFF 		bl	consecutive_frame_sending
  75 0028 EFE7     		b	.L3
  76              	.L6:
  77 002a FFF7FEFF 		bl	diag_start_request
  78 002e ECE7     		b	.L3
  80              		.section	.text.user_sci_continuous_receive_callback,"ax",%progbits
  81              		.align	1
  82              		.global	user_sci_continuous_receive_callback
  83              		.syntax unified
  84              		.thumb
  85              		.thumb_func
  86              		.fpu fpv4-sp-d16
  88              	user_sci_continuous_receive_callback:
  89              		@ args = 0, pretend = 0, frame = 0
  90              		@ frame_needed = 0, uses_anonymous_args = 0
  91              		@ link register save eliminated.
  92 0000 7047     		bx	lr
  94              		.section	.text.user_int_timer_1ms,"ax",%progbits
  95              		.align	1
  96              		.global	user_int_timer_1ms
  97              		.syntax unified
  98              		.thumb
  99              		.thumb_func
 100              		.fpu fpv4-sp-d16
 102              	user_int_timer_1ms:
 103              		@ args = 0, pretend = 0, frame = 0
 104              		@ frame_needed = 0, uses_anonymous_args = 0
 105              		@ link register save eliminated.
 106 0000 7047     		bx	lr
 108              		.ident	"GCC: (GNU Tools for Arm Embedded Processors 8-2019-q3-update) 8.3.1 20190703 (release) [gc
