   1              		.cpu cortex-m4
   2              		.eabi_attribute 27, 1
   3              		.eabi_attribute 28, 1
   4              		.eabi_attribute 20, 1
   5              		.eabi_attribute 21, 1
   6              		.eabi_attribute 23, 3
   7              		.eabi_attribute 24, 1
   8              		.eabi_attribute 25, 1
   9              		.eabi_attribute 26, 1
  10              		.eabi_attribute 30, 1
  11              		.eabi_attribute 34, 1
  12              		.eabi_attribute 18, 4
  13              		.file	"user_api_util.c"
  14              		.text
  15              		.section	.text.user_lookup_1D_16,"ax",%progbits
  16              		.align	1
  17              		.global	user_lookup_1D_16
  18              		.arch armv7e-m
  19              		.syntax unified
  20              		.thumb
  21              		.thumb_func
  22              		.fpu fpv4-sp-d16
  24              	user_lookup_1D_16:
  25              		@ args = 4, pretend = 0, frame = 0
  26              		@ frame_needed = 0, uses_anonymous_args = 0
  27 0000 10B5     		push	{r4, lr}
  28 0002 82B0     		sub	sp, sp, #8
  29 0004 9DF81040 		ldrb	r4, [sp, #16]	@ zero_extendqisi2
  30 0008 0094     		str	r4, [sp]
  31 000a FFF7FEFF 		bl	os_util_lookup1D
  32 000e 80B2     		uxth	r0, r0
  33 0010 02B0     		add	sp, sp, #8
  34              		@ sp needed
  35 0012 10BD     		pop	{r4, pc}
  37              		.section	.text.user_lookup_1D_32,"ax",%progbits
  38              		.align	1
  39              		.global	user_lookup_1D_32
  40              		.syntax unified
  41              		.thumb
  42              		.thumb_func
  43              		.fpu fpv4-sp-d16
  45              	user_lookup_1D_32:
  46              		@ args = 4, pretend = 0, frame = 0
  47              		@ frame_needed = 0, uses_anonymous_args = 0
  48 0000 10B5     		push	{r4, lr}
  49 0002 82B0     		sub	sp, sp, #8
  50 0004 9DF81040 		ldrb	r4, [sp, #16]	@ zero_extendqisi2
  51 0008 0094     		str	r4, [sp]
  52 000a FFF7FEFF 		bl	os_util_lookup1D_32
  53 000e 02B0     		add	sp, sp, #8
  54              		@ sp needed
  55 0010 10BD     		pop	{r4, pc}
  57              		.section	.text.user_lookup_2D_16,"ax",%progbits
  58              		.align	1
  59              		.global	user_lookup_2D_16
  60              		.syntax unified
  61              		.thumb
  62              		.thumb_func
  63              		.fpu fpv4-sp-d16
  65              	user_lookup_2D_16:
  66              		@ args = 12, pretend = 0, frame = 0
  67              		@ frame_needed = 0, uses_anonymous_args = 0
  68 0000 10B5     		push	{r4, lr}
  69 0002 84B0     		sub	sp, sp, #16
  70 0004 BDF92040 		ldrsh	r4, [sp, #32]
  71 0008 0294     		str	r4, [sp, #8]
  72 000a BDF91C40 		ldrsh	r4, [sp, #28]
  73 000e 0194     		str	r4, [sp, #4]
  74 0010 069C     		ldr	r4, [sp, #24]
  75 0012 0094     		str	r4, [sp]
  76 0014 DBB2     		uxtb	r3, r3
  77 0016 D2B2     		uxtb	r2, r2
  78 0018 FFF7FEFF 		bl	os_util_lookup2D
  79 001c 80B2     		uxth	r0, r0
  80 001e 04B0     		add	sp, sp, #16
  81              		@ sp needed
  82 0020 10BD     		pop	{r4, pc}
  84              		.section	.text.user_lookup_2D_32,"ax",%progbits
  85              		.align	1
  86              		.global	user_lookup_2D_32
  87              		.syntax unified
  88              		.thumb
  89              		.thumb_func
  90              		.fpu fpv4-sp-d16
  92              	user_lookup_2D_32:
  93              		@ args = 12, pretend = 0, frame = 0
  94              		@ frame_needed = 0, uses_anonymous_args = 0
  95 0000 10B5     		push	{r4, lr}
  96 0002 84B0     		sub	sp, sp, #16
  97 0004 089C     		ldr	r4, [sp, #32]
  98 0006 0294     		str	r4, [sp, #8]
  99 0008 079C     		ldr	r4, [sp, #28]
 100 000a 0194     		str	r4, [sp, #4]
 101 000c 069C     		ldr	r4, [sp, #24]
 102 000e 0094     		str	r4, [sp]
 103 0010 DBB2     		uxtb	r3, r3
 104 0012 D2B2     		uxtb	r2, r2
 105 0014 FFF7FEFF 		bl	os_util_lookup2D_32
 106 0018 04B0     		add	sp, sp, #16
 107              		@ sp needed
 108 001a 10BD     		pop	{r4, pc}
 110              		.ident	"GCC: (GNU Tools for Arm Embedded Processors 8-2019-q3-update) 8.3.1 20190703 (release) [gc
