   1              		.cpu cortex-m4
   2              		.eabi_attribute 27, 1
   3              		.eabi_attribute 28, 1
   4              		.eabi_attribute 20, 1
   5              		.eabi_attribute 21, 1
   6              		.eabi_attribute 23, 3
   7              		.eabi_attribute 24, 1
   8              		.eabi_attribute 25, 1
   9              		.eabi_attribute 26, 1
  10              		.eabi_attribute 30, 1
  11              		.eabi_attribute 34, 1
  12              		.eabi_attribute 18, 4
  13              		.file	"user_api_motor.c"
  14              		.text
  15              		.section	.text.user_motor_control,"ax",%progbits
  16              		.align	1
  17              		.global	user_motor_control
  18              		.arch armv7e-m
  19              		.syntax unified
  20              		.thumb
  21              		.thumb_func
  22              		.fpu fpv4-sp-d16
  24              	user_motor_control:
  25              		@ args = 20, pretend = 0, frame = 0
  26              		@ frame_needed = 0, uses_anonymous_args = 0
  27 0000 10B5     		push	{r4, lr}
  28 0002 86B0     		sub	sp, sp, #24
  29 0004 0C9C     		ldr	r4, [sp, #48]
  30 0006 0494     		str	r4, [sp, #16]
  31 0008 9DF82C40 		ldrb	r4, [sp, #44]	@ zero_extendqisi2
  32 000c 0394     		str	r4, [sp, #12]
  33 000e 9DF82840 		ldrb	r4, [sp, #40]	@ zero_extendqisi2
  34 0012 0294     		str	r4, [sp, #8]
  35 0014 BDF82440 		ldrh	r4, [sp, #36]
  36 0018 0194     		str	r4, [sp, #4]
  37 001a BDF82040 		ldrh	r4, [sp, #32]
  38 001e 0094     		str	r4, [sp]
  39 0020 FFF7FEFF 		bl	motor_cyclic
  40 0024 06B0     		add	sp, sp, #24
  41              		@ sp needed
  42 0026 10BD     		pop	{r4, pc}
  44              		.ident	"GCC: (GNU Tools for Arm Embedded Processors 8-2019-q3-update) 8.3.1 20190703 (release) [gc
