   1              		.cpu cortex-m4
   2              		.eabi_attribute 27, 1
   3              		.eabi_attribute 28, 1
   4              		.eabi_attribute 20, 1
   5              		.eabi_attribute 21, 1
   6              		.eabi_attribute 23, 3
   7              		.eabi_attribute 24, 1
   8              		.eabi_attribute 25, 1
   9              		.eabi_attribute 26, 1
  10              		.eabi_attribute 30, 1
  11              		.eabi_attribute 34, 1
  12              		.eabi_attribute 18, 4
  13              		.file	"graph_support.c"
  14              		.text
  15              		.section	.text.get_max,"ax",%progbits
  16              		.align	1
  17              		.global	get_max
  18              		.arch armv7e-m
  19              		.syntax unified
  20              		.thumb
  21              		.thumb_func
  22              		.fpu fpv4-sp-d16
  24              	get_max:
  25              		@ args = 0, pretend = 0, frame = 0
  26              		@ frame_needed = 0, uses_anonymous_args = 0
  27              		@ link register save eliminated.
  28 0000 0120     		movs	r0, #1
  29 0002 7047     		bx	lr
  31              		.section	.text.get_min,"ax",%progbits
  32              		.align	1
  33              		.global	get_min
  34              		.syntax unified
  35              		.thumb
  36              		.thumb_func
  37              		.fpu fpv4-sp-d16
  39              	get_min:
  40              		@ args = 0, pretend = 0, frame = 0
  41              		@ frame_needed = 0, uses_anonymous_args = 0
  42              		@ link register save eliminated.
  43 0000 B0FA80F0 		clz	r0, r0
  44 0004 4009     		lsrs	r0, r0, #5
  45 0006 7047     		bx	lr
  47              		.section	.text.get,"ax",%progbits
  48              		.align	1
  49              		.global	get
  50              		.syntax unified
  51              		.thumb
  52              		.thumb_func
  53              		.fpu fpv4-sp-d16
  55              	get:
  56              		@ args = 0, pretend = 0, frame = 0
  57              		@ frame_needed = 0, uses_anonymous_args = 0
  58              		@ link register save eliminated.
  59 0000 20B9     		cbnz	r0, .L5
  60 0002 034B     		ldr	r3, .L6
  61 0004 1878     		ldrb	r0, [r3]	@ zero_extendqisi2
  62 0006 00F00100 		and	r0, r0, #1
  63 000a 7047     		bx	lr
  64              	.L5:
  65 000c 0020     		movs	r0, #0
  66 000e 7047     		bx	lr
  67              	.L7:
  68              		.align	2
  69              	.L6:
  70 0010 00000000 		.word	membitarray
  72              		.section	.text.set,"ax",%progbits
  73              		.align	1
  74              		.global	set
  75              		.syntax unified
  76              		.thumb
  77              		.thumb_func
  78              		.fpu fpv4-sp-d16
  80              	set:
  81              		@ args = 0, pretend = 0, frame = 0
  82              		@ frame_needed = 0, uses_anonymous_args = 0
  83              		@ link register save eliminated.
  84 0000 68B9     		cbnz	r0, .L8
  85 0002 11F0010F 		tst	r1, #1
  86 0006 05D0     		beq	.L10
  87 0008 054A     		ldr	r2, .L11
  88 000a 1378     		ldrb	r3, [r2]	@ zero_extendqisi2
  89 000c 43F00103 		orr	r3, r3, #1
  90 0010 1370     		strb	r3, [r2]
  91 0012 7047     		bx	lr
  92              	.L10:
  93 0014 024A     		ldr	r2, .L11
  94 0016 1378     		ldrb	r3, [r2]	@ zero_extendqisi2
  95 0018 23F00103 		bic	r3, r3, #1
  96 001c 1370     		strb	r3, [r2]
  97              	.L8:
  98 001e 7047     		bx	lr
  99              	.L12:
 100              		.align	2
 101              	.L11:
 102 0020 00000000 		.word	membitarray
 104              		.global	bios_bitmask
 105              		.comm	temp2,4,4
 106              		.comm	temp1,4,4
 107              		.section	.rodata.bios_bitmask,"a"
 108              		.align	2
 111              	bios_bitmask:
 112 0000 01       		.byte	1
 113 0001 02       		.byte	2
 114 0002 04       		.byte	4
 115 0003 08       		.byte	8
 116 0004 10       		.byte	16
 117 0005 20       		.byte	32
 118 0006 40       		.byte	64
 119 0007 80       		.byte	-128
 120              		.ident	"GCC: (GNU Tools for Arm Embedded Processors 8-2019-q3-update) 8.3.1 20190703 (release) [gc
