   1              		.cpu cortex-m4
   2              		.eabi_attribute 27, 1
   3              		.eabi_attribute 28, 1
   4              		.eabi_attribute 20, 1
   5              		.eabi_attribute 21, 1
   6              		.eabi_attribute 23, 3
   7              		.eabi_attribute 24, 1
   8              		.eabi_attribute 25, 1
   9              		.eabi_attribute 26, 1
  10              		.eabi_attribute 30, 1
  11              		.eabi_attribute 34, 1
  12              		.eabi_attribute 18, 4
  13              		.file	"io_tables.c"
  14              		.text
  15              		.global	struct_ftm_config_tbl
  16              		.global	adc_config_tbl
  17              		.global	virtual_pin
  18              		.global	io_pin_linker
  19              		.global	g_pin_mux_InitConfigArr
  20              		.section	.data.g_pin_mux_InitConfigArr,"aw"
  21              		.align	2
  24              	g_pin_mux_InitConfigArr:
  25 0000 00900440 		.word	1074040832
  26 0004 00000000 		.word	0
  27 0008 00       		.byte	0
  28 0009 00       		.byte	0
  29 000a 00       		.byte	0
  30 000b 00       		.byte	0
  31 000c 00       		.byte	0
  32 000d 00       		.byte	0
  33 000e 00       		.byte	0
  34 000f 00       		.space	1
  35 0010 00F00F40 		.word	1074786304
  36 0014 00       		.byte	0
  37 0015 000000   		.space	3
  38 0018 00900440 		.word	1074040832
  39 001c 01000000 		.word	1
  40 0020 00       		.byte	0
  41 0021 00       		.byte	0
  42 0022 00       		.byte	0
  43 0023 00       		.byte	0
  44 0024 00       		.byte	0
  45 0025 00       		.byte	0
  46 0026 00       		.byte	0
  47 0027 00       		.space	1
  48 0028 00F00F40 		.word	1074786304
  49 002c 00       		.byte	0
  50 002d 000000   		.space	3
  51 0030 00900440 		.word	1074040832
  52 0034 02000000 		.word	2
  53 0038 00       		.byte	0
  54 0039 00       		.byte	0
  55 003a 00       		.byte	0
  56 003b 00       		.byte	0
  57 003c 00       		.byte	0
  58 003d 00       		.byte	0
  59 003e 00       		.byte	0
  60 003f 00       		.space	1
  61 0040 00F00F40 		.word	1074786304
  62 0044 00       		.byte	0
  63 0045 000000   		.space	3
  64 0048 00900440 		.word	1074040832
  65 004c 03000000 		.word	3
  66 0050 00       		.byte	0
  67 0051 00       		.byte	0
  68 0052 00       		.byte	0
  69 0053 00       		.byte	0
  70 0054 00       		.byte	0
  71 0055 00       		.byte	0
  72 0056 00       		.byte	0
  73 0057 00       		.space	1
  74 0058 00F00F40 		.word	1074786304
  75 005c 00       		.byte	0
  76 005d 000000   		.space	3
  77 0060 00900440 		.word	1074040832
  78 0064 04000000 		.word	4
  79 0068 02       		.byte	2
  80 0069 00       		.byte	0
  81 006a 00       		.byte	0
  82 006b 07       		.byte	7
  83 006c 00       		.byte	0
  84 006d 00       		.byte	0
  85 006e 00       		.byte	0
  86 006f 00       		.space	1
  87 0070 00000000 		.word	0
  88 0074 03       		.byte	3
  89 0075 000000   		.space	3
  90 0078 00900440 		.word	1074040832
  91 007c 05000000 		.word	5
  92 0080 02       		.byte	2
  93 0081 01       		.byte	1
  94 0082 00       		.byte	0
  95 0083 07       		.byte	7
  96 0084 00       		.byte	0
  97 0085 00       		.byte	0
  98 0086 00       		.byte	0
  99 0087 00       		.space	1
 100 0088 00000000 		.word	0
 101 008c 03       		.byte	3
 102 008d 000000   		.space	3
 103 0090 00900440 		.word	1074040832
 104 0094 06000000 		.word	6
 105 0098 00       		.byte	0
 106 0099 00       		.byte	0
 107 009a 00       		.byte	0
 108 009b 00       		.byte	0
 109 009c 00       		.byte	0
 110 009d 00       		.byte	0
 111 009e 00       		.byte	0
 112 009f 00       		.space	1
 113 00a0 00F00F40 		.word	1074786304
 114 00a4 00       		.byte	0
 115 00a5 000000   		.space	3
 116 00a8 00900440 		.word	1074040832
 117 00ac 07000000 		.word	7
 118 00b0 00       		.byte	0
 119 00b1 00       		.byte	0
 120 00b2 00       		.byte	0
 121 00b3 00       		.byte	0
 122 00b4 00       		.byte	0
 123 00b5 00       		.byte	0
 124 00b6 00       		.byte	0
 125 00b7 00       		.space	1
 126 00b8 00F00F40 		.word	1074786304
 127 00bc 00       		.byte	0
 128 00bd 000000   		.space	3
 129 00c0 00900440 		.word	1074040832
 130 00c4 08000000 		.word	8
 131 00c8 00       		.byte	0
 132 00c9 00       		.byte	0
 133 00ca 00       		.byte	0
 134 00cb 02       		.byte	2
 135 00cc 00       		.byte	0
 136 00cd 00       		.byte	0
 137 00ce 00       		.byte	0
 138 00cf 00       		.space	1
 139 00d0 00000000 		.word	0
 140 00d4 03       		.byte	3
 141 00d5 000000   		.space	3
 142 00d8 00900440 		.word	1074040832
 143 00dc 09000000 		.word	9
 144 00e0 00       		.byte	0
 145 00e1 00       		.byte	0
 146 00e2 00       		.byte	0
 147 00e3 02       		.byte	2
 148 00e4 00       		.byte	0
 149 00e5 00       		.byte	0
 150 00e6 00       		.byte	0
 151 00e7 00       		.space	1
 152 00e8 00000000 		.word	0
 153 00ec 03       		.byte	3
 154 00ed 000000   		.space	3
 155 00f0 00900440 		.word	1074040832
 156 00f4 0A000000 		.word	10
 157 00f8 00       		.byte	0
 158 00f9 00       		.byte	0
 159 00fa 01       		.byte	1
 160 00fb 07       		.byte	7
 161 00fc 00       		.byte	0
 162 00fd 00       		.byte	0
 163 00fe 00       		.byte	0
 164 00ff 00       		.space	1
 165 0100 00000000 		.word	0
 166 0104 03       		.byte	3
 167 0105 000000   		.space	3
 168 0108 00900440 		.word	1074040832
 169 010c 0B000000 		.word	11
 170 0110 00       		.byte	0
 171 0111 00       		.byte	0
 172 0112 00       		.byte	0
 173 0113 01       		.byte	1
 174 0114 00       		.byte	0
 175 0115 00       		.byte	0
 176 0116 00       		.byte	0
 177 0117 00       		.space	1
 178 0118 00F00F40 		.word	1074786304
 179 011c 01       		.byte	1
 180 011d 000000   		.space	3
 181 0120 00900440 		.word	1074040832
 182 0124 0C000000 		.word	12
 183 0128 00       		.byte	0
 184 0129 00       		.byte	0
 185 012a 00       		.byte	0
 186 012b 03       		.byte	3
 187 012c 00       		.byte	0
 188 012d 00       		.byte	0
 189 012e 00       		.byte	0
 190 012f 00       		.space	1
 191 0130 00000000 		.word	0
 192 0134 03       		.byte	3
 193 0135 000000   		.space	3
 194 0138 00900440 		.word	1074040832
 195 013c 0D000000 		.word	13
 196 0140 00       		.byte	0
 197 0141 00       		.byte	0
 198 0142 00       		.byte	0
 199 0143 03       		.byte	3
 200 0144 00       		.byte	0
 201 0145 00       		.byte	0
 202 0146 00       		.byte	0
 203 0147 00       		.space	1
 204 0148 00000000 		.word	0
 205 014c 03       		.byte	3
 206 014d 000000   		.space	3
 207 0150 00900440 		.word	1074040832
 208 0154 0E000000 		.word	14
 209 0158 00       		.byte	0
 210 0159 00       		.byte	0
 211 015a 00       		.byte	0
 212 015b 01       		.byte	1
 213 015c 00       		.byte	0
 214 015d 00       		.byte	0
 215 015e 00       		.byte	0
 216 015f 00       		.space	1
 217 0160 00F00F40 		.word	1074786304
 218 0164 01       		.byte	1
 219 0165 000000   		.space	3
 220 0168 00900440 		.word	1074040832
 221 016c 0F000000 		.word	15
 222 0170 00       		.byte	0
 223 0171 00       		.byte	0
 224 0172 00       		.byte	0
 225 0173 00       		.byte	0
 226 0174 00       		.byte	0
 227 0175 00       		.byte	0
 228 0176 00       		.byte	0
 229 0177 00       		.space	1
 230 0178 00F00F40 		.word	1074786304
 231 017c 00       		.byte	0
 232 017d 000000   		.space	3
 233 0180 00900440 		.word	1074040832
 234 0184 10000000 		.word	16
 235 0188 00       		.byte	0
 236 0189 00       		.byte	0
 237 018a 00       		.byte	0
 238 018b 00       		.byte	0
 239 018c 00       		.byte	0
 240 018d 00       		.byte	0
 241 018e 00       		.byte	0
 242 018f 00       		.space	1
 243 0190 00F00F40 		.word	1074786304
 244 0194 00       		.byte	0
 245 0195 000000   		.space	3
 246 0198 00900440 		.word	1074040832
 247 019c 11000000 		.word	17
 248 01a0 00       		.byte	0
 249 01a1 00       		.byte	0
 250 01a2 00       		.byte	0
 251 01a3 01       		.byte	1
 252 01a4 00       		.byte	0
 253 01a5 00       		.byte	0
 254 01a6 00       		.byte	0
 255 01a7 00       		.space	1
 256 01a8 00F00F40 		.word	1074786304
 257 01ac 00       		.byte	0
 258 01ad 000000   		.space	3
 259 01b0 00A00440 		.word	1074044928
 260 01b4 00000000 		.word	0
 261 01b8 00       		.byte	0
 262 01b9 00       		.byte	0
 263 01ba 00       		.byte	0
 264 01bb 00       		.byte	0
 265 01bc 00       		.byte	0
 266 01bd 00       		.byte	0
 267 01be 00       		.byte	0
 268 01bf 00       		.space	1
 269 01c0 40F00F40 		.word	1074786368
 270 01c4 00       		.byte	0
 271 01c5 000000   		.space	3
 272 01c8 00A00440 		.word	1074044928
 273 01cc 01000000 		.word	1
 274 01d0 00       		.byte	0
 275 01d1 00       		.byte	0
 276 01d2 00       		.byte	0
 277 01d3 00       		.byte	0
 278 01d4 00       		.byte	0
 279 01d5 00       		.byte	0
 280 01d6 00       		.byte	0
 281 01d7 00       		.space	1
 282 01d8 40F00F40 		.word	1074786368
 283 01dc 00       		.byte	0
 284 01dd 000000   		.space	3
 285 01e0 00A00440 		.word	1074044928
 286 01e4 02000000 		.word	2
 287 01e8 00       		.byte	0
 288 01e9 00       		.byte	0
 289 01ea 00       		.byte	0
 290 01eb 00       		.byte	0
 291 01ec 00       		.byte	0
 292 01ed 00       		.byte	0
 293 01ee 00       		.byte	0
 294 01ef 00       		.space	1
 295 01f0 40F00F40 		.word	1074786368
 296 01f4 00       		.byte	0
 297 01f5 000000   		.space	3
 298 01f8 00A00440 		.word	1074044928
 299 01fc 03000000 		.word	3
 300 0200 00       		.byte	0
 301 0201 00       		.byte	0
 302 0202 00       		.byte	0
 303 0203 00       		.byte	0
 304 0204 00       		.byte	0
 305 0205 00       		.byte	0
 306 0206 00       		.byte	0
 307 0207 00       		.space	1
 308 0208 40F00F40 		.word	1074786368
 309 020c 00       		.byte	0
 310 020d 000000   		.space	3
 311 0210 00A00440 		.word	1074044928
 312 0214 04000000 		.word	4
 313 0218 00       		.byte	0
 314 0219 00       		.byte	0
 315 021a 00       		.byte	0
 316 021b 02       		.byte	2
 317 021c 00       		.byte	0
 318 021d 00       		.byte	0
 319 021e 00       		.byte	0
 320 021f 00       		.space	1
 321 0220 40F00F40 		.word	1074786368
 322 0224 01       		.byte	1
 323 0225 000000   		.space	3
 324 0228 00A00440 		.word	1074044928
 325 022c 05000000 		.word	5
 326 0230 00       		.byte	0
 327 0231 00       		.byte	0
 328 0232 00       		.byte	0
 329 0233 02       		.byte	2
 330 0234 00       		.byte	0
 331 0235 00       		.byte	0
 332 0236 00       		.byte	0
 333 0237 00       		.space	1
 334 0238 40F00F40 		.word	1074786368
 335 023c 01       		.byte	1
 336 023d 000000   		.space	3
 337 0240 00A00440 		.word	1074044928
 338 0244 06000000 		.word	6
 339 0248 00       		.byte	0
 340 0249 00       		.byte	0
 341 024a 00       		.byte	0
 342 024b 00       		.byte	0
 343 024c 00       		.byte	0
 344 024d 00       		.byte	0
 345 024e 00       		.byte	0
 346 024f 00       		.space	1
 347 0250 00000000 		.word	0
 348 0254 03       		.byte	3
 349 0255 000000   		.space	3
 350 0258 00A00440 		.word	1074044928
 351 025c 07000000 		.word	7
 352 0260 00       		.byte	0
 353 0261 00       		.byte	0
 354 0262 00       		.byte	0
 355 0263 00       		.byte	0
 356 0264 00       		.byte	0
 357 0265 00       		.byte	0
 358 0266 00       		.byte	0
 359 0267 00       		.space	1
 360 0268 00000000 		.word	0
 361 026c 03       		.byte	3
 362 026d 000000   		.space	3
 363 0270 00A00440 		.word	1074044928
 364 0274 08000000 		.word	8
 365 0278 00       		.byte	0
 366 0279 00       		.byte	0
 367 027a 00       		.byte	0
 368 027b 01       		.byte	1
 369 027c 00       		.byte	0
 370 027d 00       		.byte	0
 371 027e 00       		.byte	0
 372 027f 00       		.space	1
 373 0280 40F00F40 		.word	1074786368
 374 0284 01       		.byte	1
 375 0285 000000   		.space	3
 376 0288 00A00440 		.word	1074044928
 377 028c 09000000 		.word	9
 378 0290 00       		.byte	0
 379 0291 00       		.byte	0
 380 0292 00       		.byte	0
 381 0293 02       		.byte	2
 382 0294 00       		.byte	0
 383 0295 00       		.byte	0
 384 0296 00       		.byte	0
 385 0297 00       		.space	1
 386 0298 40F00F40 		.word	1074786368
 387 029c 00       		.byte	0
 388 029d 000000   		.space	3
 389 02a0 00A00440 		.word	1074044928
 390 02a4 0A000000 		.word	10
 391 02a8 00       		.byte	0
 392 02a9 00       		.byte	0
 393 02aa 00       		.byte	0
 394 02ab 02       		.byte	2
 395 02ac 00       		.byte	0
 396 02ad 00       		.byte	0
 397 02ae 00       		.byte	0
 398 02af 00       		.space	1
 399 02b0 40F00F40 		.word	1074786368
 400 02b4 00       		.byte	0
 401 02b5 000000   		.space	3
 402 02b8 00A00440 		.word	1074044928
 403 02bc 0B000000 		.word	11
 404 02c0 00       		.byte	0
 405 02c1 00       		.byte	0
 406 02c2 00       		.byte	0
 407 02c3 01       		.byte	1
 408 02c4 00       		.byte	0
 409 02c5 00       		.byte	0
 410 02c6 00       		.byte	0
 411 02c7 00       		.space	1
 412 02c8 40F00F40 		.word	1074786368
 413 02cc 01       		.byte	1
 414 02cd 000000   		.space	3
 415 02d0 00A00440 		.word	1074044928
 416 02d4 0C000000 		.word	12
 417 02d8 00       		.byte	0
 418 02d9 00       		.byte	0
 419 02da 00       		.byte	0
 420 02db 00       		.byte	0
 421 02dc 00       		.byte	0
 422 02dd 00       		.byte	0
 423 02de 00       		.byte	0
 424 02df 00       		.space	1
 425 02e0 40F00F40 		.word	1074786368
 426 02e4 00       		.byte	0
 427 02e5 000000   		.space	3
 428 02e8 00A00440 		.word	1074044928
 429 02ec 0D000000 		.word	13
 430 02f0 00       		.byte	0
 431 02f1 00       		.byte	0
 432 02f2 00       		.byte	0
 433 02f3 00       		.byte	0
 434 02f4 00       		.byte	0
 435 02f5 00       		.byte	0
 436 02f6 00       		.byte	0
 437 02f7 00       		.space	1
 438 02f8 40F00F40 		.word	1074786368
 439 02fc 00       		.byte	0
 440 02fd 000000   		.space	3
 441 0300 00A00440 		.word	1074044928
 442 0304 0E000000 		.word	14
 443 0308 00       		.byte	0
 444 0309 00       		.byte	0
 445 030a 00       		.byte	0
 446 030b 00       		.byte	0
 447 030c 00       		.byte	0
 448 030d 00       		.byte	0
 449 030e 00       		.byte	0
 450 030f 00       		.space	1
 451 0310 40F00F40 		.word	1074786368
 452 0314 00       		.byte	0
 453 0315 000000   		.space	3
 454 0318 00A00440 		.word	1074044928
 455 031c 0F000000 		.word	15
 456 0320 00       		.byte	0
 457 0321 00       		.byte	0
 458 0322 00       		.byte	0
 459 0323 00       		.byte	0
 460 0324 00       		.byte	0
 461 0325 00       		.byte	0
 462 0326 00       		.byte	0
 463 0327 00       		.space	1
 464 0328 40F00F40 		.word	1074786368
 465 032c 00       		.byte	0
 466 032d 000000   		.space	3
 467 0330 00A00440 		.word	1074044928
 468 0334 10000000 		.word	16
 469 0338 00       		.byte	0
 470 0339 00       		.byte	0
 471 033a 00       		.byte	0
 472 033b 00       		.byte	0
 473 033c 00       		.byte	0
 474 033d 00       		.byte	0
 475 033e 00       		.byte	0
 476 033f 00       		.space	1
 477 0340 40F00F40 		.word	1074786368
 478 0344 00       		.byte	0
 479 0345 000000   		.space	3
 480 0348 00A00440 		.word	1074044928
 481 034c 11000000 		.word	17
 482 0350 00       		.byte	0
 483 0351 00       		.byte	0
 484 0352 00       		.byte	0
 485 0353 01       		.byte	1
 486 0354 00       		.byte	0
 487 0355 00       		.byte	0
 488 0356 00       		.byte	0
 489 0357 00       		.space	1
 490 0358 40F00F40 		.word	1074786368
 491 035c 01       		.byte	1
 492 035d 000000   		.space	3
 493 0360 00B00440 		.word	1074049024
 494 0364 00000000 		.word	0
 495 0368 00       		.byte	0
 496 0369 00       		.byte	0
 497 036a 00       		.byte	0
 498 036b 00       		.byte	0
 499 036c 00       		.byte	0
 500 036d 00       		.byte	0
 501 036e 00       		.byte	0
 502 036f 00       		.space	1
 503 0370 80F00F40 		.word	1074786432
 504 0374 00       		.byte	0
 505 0375 000000   		.space	3
 506 0378 00B00440 		.word	1074049024
 507 037c 01000000 		.word	1
 508 0380 00       		.byte	0
 509 0381 00       		.byte	0
 510 0382 00       		.byte	0
 511 0383 00       		.byte	0
 512 0384 00       		.byte	0
 513 0385 00       		.byte	0
 514 0386 00       		.byte	0
 515 0387 00       		.space	1
 516 0388 80F00F40 		.word	1074786432
 517 038c 00       		.byte	0
 518 038d 000000   		.space	3
 519 0390 00B00440 		.word	1074049024
 520 0394 02000000 		.word	2
 521 0398 00       		.byte	0
 522 0399 00       		.byte	0
 523 039a 00       		.byte	0
 524 039b 00       		.byte	0
 525 039c 00       		.byte	0
 526 039d 00       		.byte	0
 527 039e 00       		.byte	0
 528 039f 00       		.space	1
 529 03a0 80F00F40 		.word	1074786432
 530 03a4 00       		.byte	0
 531 03a5 000000   		.space	3
 532 03a8 00B00440 		.word	1074049024
 533 03ac 03000000 		.word	3
 534 03b0 00       		.byte	0
 535 03b1 00       		.byte	0
 536 03b2 00       		.byte	0
 537 03b3 00       		.byte	0
 538 03b4 00       		.byte	0
 539 03b5 00       		.byte	0
 540 03b6 00       		.byte	0
 541 03b7 00       		.space	1
 542 03b8 80F00F40 		.word	1074786432
 543 03bc 00       		.byte	0
 544 03bd 000000   		.space	3
 545 03c0 00B00440 		.word	1074049024
 546 03c4 04000000 		.word	4
 547 03c8 01       		.byte	1
 548 03c9 00       		.byte	0
 549 03ca 00       		.byte	0
 550 03cb 07       		.byte	7
 551 03cc 00       		.byte	0
 552 03cd 00       		.byte	0
 553 03ce 00       		.byte	0
 554 03cf 00       		.space	1
 555 03d0 00000000 		.word	0
 556 03d4 03       		.byte	3
 557 03d5 000000   		.space	3
 558 03d8 00B00440 		.word	1074049024
 559 03dc 05000000 		.word	5
 560 03e0 00       		.byte	0
 561 03e1 00       		.byte	0
 562 03e2 00       		.byte	0
 563 03e3 07       		.byte	7
 564 03e4 00       		.byte	0
 565 03e5 00       		.byte	0
 566 03e6 00       		.byte	0
 567 03e7 00       		.space	1
 568 03e8 00000000 		.word	0
 569 03ec 03       		.byte	3
 570 03ed 000000   		.space	3
 571 03f0 00B00440 		.word	1074049024
 572 03f4 06000000 		.word	6
 573 03f8 00       		.byte	0
 574 03f9 00       		.byte	0
 575 03fa 00       		.byte	0
 576 03fb 00       		.byte	0
 577 03fc 00       		.byte	0
 578 03fd 00       		.byte	0
 579 03fe 00       		.byte	0
 580 03ff 00       		.space	1
 581 0400 80F00F40 		.word	1074786432
 582 0404 00       		.byte	0
 583 0405 000000   		.space	3
 584 0408 00B00440 		.word	1074049024
 585 040c 07000000 		.word	7
 586 0410 00       		.byte	0
 587 0411 00       		.byte	0
 588 0412 00       		.byte	0
 589 0413 00       		.byte	0
 590 0414 00       		.byte	0
 591 0415 00       		.byte	0
 592 0416 00       		.byte	0
 593 0417 00       		.space	1
 594 0418 80F00F40 		.word	1074786432
 595 041c 00       		.byte	0
 596 041d 000000   		.space	3
 597 0420 00B00440 		.word	1074049024
 598 0424 08000000 		.word	8
 599 0428 00       		.byte	0
 600 0429 00       		.byte	0
 601 042a 00       		.byte	0
 602 042b 01       		.byte	1
 603 042c 00       		.byte	0
 604 042d 00       		.byte	0
 605 042e 00       		.byte	0
 606 042f 00       		.space	1
 607 0430 80F00F40 		.word	1074786432
 608 0434 01       		.byte	1
 609 0435 000000   		.space	3
 610 0438 00B00440 		.word	1074049024
 611 043c 09000000 		.word	9
 612 0440 00       		.byte	0
 613 0441 00       		.byte	0
 614 0442 00       		.byte	0
 615 0443 01       		.byte	1
 616 0444 00       		.byte	0
 617 0445 00       		.byte	0
 618 0446 00       		.byte	0
 619 0447 00       		.space	1
 620 0448 80F00F40 		.word	1074786432
 621 044c 01       		.byte	1
 622 044d 000000   		.space	3
 623 0450 00B00440 		.word	1074049024
 624 0454 0A000000 		.word	10
 625 0458 00       		.byte	0
 626 0459 00       		.byte	0
 627 045a 00       		.byte	0
 628 045b 02       		.byte	2
 629 045c 00       		.byte	0
 630 045d 00       		.byte	0
 631 045e 00       		.byte	0
 632 045f 00       		.space	1
 633 0460 80F00F40 		.word	1074786432
 634 0464 00       		.byte	0
 635 0465 000000   		.space	3
 636 0468 00B00440 		.word	1074049024
 637 046c 0B000000 		.word	11
 638 0470 00       		.byte	0
 639 0471 00       		.byte	0
 640 0472 00       		.byte	0
 641 0473 02       		.byte	2
 642 0474 00       		.byte	0
 643 0475 00       		.byte	0
 644 0476 00       		.byte	0
 645 0477 00       		.space	1
 646 0478 80F00F40 		.word	1074786432
 647 047c 00       		.byte	0
 648 047d 000000   		.space	3
 649 0480 00B00440 		.word	1074049024
 650 0484 0C000000 		.word	12
 651 0488 00       		.byte	0
 652 0489 00       		.byte	0
 653 048a 00       		.byte	0
 654 048b 02       		.byte	2
 655 048c 00       		.byte	0
 656 048d 00       		.byte	0
 657 048e 00       		.byte	0
 658 048f 00       		.space	1
 659 0490 80F00F40 		.word	1074786432
 660 0494 00       		.byte	0
 661 0495 000000   		.space	3
 662 0498 00B00440 		.word	1074049024
 663 049c 0D000000 		.word	13
 664 04a0 00       		.byte	0
 665 04a1 00       		.byte	0
 666 04a2 00       		.byte	0
 667 04a3 02       		.byte	2
 668 04a4 00       		.byte	0
 669 04a5 00       		.byte	0
 670 04a6 00       		.byte	0
 671 04a7 00       		.space	1
 672 04a8 80F00F40 		.word	1074786432
 673 04ac 00       		.byte	0
 674 04ad 000000   		.space	3
 675 04b0 00B00440 		.word	1074049024
 676 04b4 0E000000 		.word	14
 677 04b8 00       		.byte	0
 678 04b9 00       		.byte	0
 679 04ba 00       		.byte	0
 680 04bb 00       		.byte	0
 681 04bc 00       		.byte	0
 682 04bd 00       		.byte	0
 683 04be 00       		.byte	0
 684 04bf 00       		.space	1
 685 04c0 80F00F40 		.word	1074786432
 686 04c4 00       		.byte	0
 687 04c5 000000   		.space	3
 688 04c8 00B00440 		.word	1074049024
 689 04cc 0F000000 		.word	15
 690 04d0 00       		.byte	0
 691 04d1 00       		.byte	0
 692 04d2 00       		.byte	0
 693 04d3 00       		.byte	0
 694 04d4 00       		.byte	0
 695 04d5 00       		.byte	0
 696 04d6 00       		.byte	0
 697 04d7 00       		.space	1
 698 04d8 80F00F40 		.word	1074786432
 699 04dc 00       		.byte	0
 700 04dd 000000   		.space	3
 701 04e0 00B00440 		.word	1074049024
 702 04e4 10000000 		.word	16
 703 04e8 00       		.byte	0
 704 04e9 00       		.byte	0
 705 04ea 00       		.byte	0
 706 04eb 00       		.byte	0
 707 04ec 00       		.byte	0
 708 04ed 00       		.byte	0
 709 04ee 00       		.byte	0
 710 04ef 00       		.space	1
 711 04f0 80F00F40 		.word	1074786432
 712 04f4 00       		.byte	0
 713 04f5 000000   		.space	3
 714 04f8 00B00440 		.word	1074049024
 715 04fc 11000000 		.word	17
 716 0500 00       		.byte	0
 717 0501 00       		.byte	0
 718 0502 00       		.byte	0
 719 0503 00       		.byte	0
 720 0504 00       		.byte	0
 721 0505 00       		.byte	0
 722 0506 00       		.byte	0
 723 0507 00       		.space	1
 724 0508 80F00F40 		.word	1074786432
 725 050c 00       		.byte	0
 726 050d 000000   		.space	3
 727 0510 00C00440 		.word	1074053120
 728 0514 00000000 		.word	0
 729 0518 00       		.byte	0
 730 0519 00       		.byte	0
 731 051a 00       		.byte	0
 732 051b 01       		.byte	1
 733 051c 00       		.byte	0
 734 051d 00       		.byte	0
 735 051e 00       		.byte	0
 736 051f 00       		.space	1
 737 0520 C0F00F40 		.word	1074786496
 738 0524 01       		.byte	1
 739 0525 000000   		.space	3
 740 0528 00C00440 		.word	1074053120
 741 052c 01000000 		.word	1
 742 0530 00       		.byte	0
 743 0531 00       		.byte	0
 744 0532 00       		.byte	0
 745 0533 01       		.byte	1
 746 0534 00       		.byte	0
 747 0535 00       		.byte	0
 748 0536 00       		.byte	0
 749 0537 00       		.space	1
 750 0538 C0F00F40 		.word	1074786496
 751 053c 01       		.byte	1
 752 053d 000000   		.space	3
 753 0540 00C00440 		.word	1074053120
 754 0544 02000000 		.word	2
 755 0548 00       		.byte	0
 756 0549 00       		.byte	0
 757 054a 00       		.byte	0
 758 054b 00       		.byte	0
 759 054c 00       		.byte	0
 760 054d 00       		.byte	0
 761 054e 00       		.byte	0
 762 054f 00       		.space	1
 763 0550 C0F00F40 		.word	1074786496
 764 0554 00       		.byte	0
 765 0555 000000   		.space	3
 766 0558 00C00440 		.word	1074053120
 767 055c 03000000 		.word	3
 768 0560 00       		.byte	0
 769 0561 00       		.byte	0
 770 0562 00       		.byte	0
 771 0563 00       		.byte	0
 772 0564 00       		.byte	0
 773 0565 00       		.byte	0
 774 0566 00       		.byte	0
 775 0567 00       		.space	1
 776 0568 C0F00F40 		.word	1074786496
 777 056c 00       		.byte	0
 778 056d 000000   		.space	3
 779 0570 00C00440 		.word	1074053120
 780 0574 04000000 		.word	4
 781 0578 00       		.byte	0
 782 0579 00       		.byte	0
 783 057a 00       		.byte	0
 784 057b 00       		.byte	0
 785 057c 00       		.byte	0
 786 057d 00       		.byte	0
 787 057e 00       		.byte	0
 788 057f 00       		.space	1
 789 0580 C0F00F40 		.word	1074786496
 790 0584 00       		.byte	0
 791 0585 000000   		.space	3
 792 0588 00C00440 		.word	1074053120
 793 058c 05000000 		.word	5
 794 0590 00       		.byte	0
 795 0591 00       		.byte	0
 796 0592 00       		.byte	0
 797 0593 02       		.byte	2
 798 0594 00       		.byte	0
 799 0595 00       		.byte	0
 800 0596 00       		.byte	0
 801 0597 00       		.space	1
 802 0598 C0F00F40 		.word	1074786496
 803 059c 01       		.byte	1
 804 059d 000000   		.space	3
 805 05a0 00C00440 		.word	1074053120
 806 05a4 06000000 		.word	6
 807 05a8 00       		.byte	0
 808 05a9 00       		.byte	0
 809 05aa 00       		.byte	0
 810 05ab 01       		.byte	1
 811 05ac 00       		.byte	0
 812 05ad 00       		.byte	0
 813 05ae 00       		.byte	0
 814 05af 00       		.space	1
 815 05b0 C0F00F40 		.word	1074786496
 816 05b4 01       		.byte	1
 817 05b5 000000   		.space	3
 818 05b8 00C00440 		.word	1074053120
 819 05bc 07000000 		.word	7
 820 05c0 00       		.byte	0
 821 05c1 00       		.byte	0
 822 05c2 00       		.byte	0
 823 05c3 01       		.byte	1
 824 05c4 00       		.byte	0
 825 05c5 00       		.byte	0
 826 05c6 00       		.byte	0
 827 05c7 00       		.space	1
 828 05c8 C0F00F40 		.word	1074786496
 829 05cc 00       		.byte	0
 830 05cd 000000   		.space	3
 831 05d0 00C00440 		.word	1074053120
 832 05d4 08000000 		.word	8
 833 05d8 00       		.byte	0
 834 05d9 00       		.byte	0
 835 05da 00       		.byte	0
 836 05db 01       		.byte	1
 837 05dc 00       		.byte	0
 838 05dd 00       		.byte	0
 839 05de 00       		.byte	0
 840 05df 00       		.space	1
 841 05e0 C0F00F40 		.word	1074786496
 842 05e4 00       		.byte	0
 843 05e5 000000   		.space	3
 844 05e8 00C00440 		.word	1074053120
 845 05ec 09000000 		.word	9
 846 05f0 00       		.byte	0
 847 05f1 00       		.byte	0
 848 05f2 00       		.byte	0
 849 05f3 06       		.byte	6
 850 05f4 00       		.byte	0
 851 05f5 00       		.byte	0
 852 05f6 00       		.byte	0
 853 05f7 00       		.space	1
 854 05f8 C0F00F40 		.word	1074786496
 855 05fc 01       		.byte	1
 856 05fd 000000   		.space	3
 857 0600 00C00440 		.word	1074053120
 858 0604 0A000000 		.word	10
 859 0608 00       		.byte	0
 860 0609 00       		.byte	0
 861 060a 00       		.byte	0
 862 060b 01       		.byte	1
 863 060c 00       		.byte	0
 864 060d 00       		.byte	0
 865 060e 00       		.byte	0
 866 060f 00       		.space	1
 867 0610 C0F00F40 		.word	1074786496
 868 0614 01       		.byte	1
 869 0615 000000   		.space	3
 870 0618 00C00440 		.word	1074053120
 871 061c 0B000000 		.word	11
 872 0620 00       		.byte	0
 873 0621 00       		.byte	0
 874 0622 00       		.byte	0
 875 0623 01       		.byte	1
 876 0624 00       		.byte	0
 877 0625 00       		.byte	0
 878 0626 00       		.byte	0
 879 0627 00       		.space	1
 880 0628 C0F00F40 		.word	1074786496
 881 062c 01       		.byte	1
 882 062d 000000   		.space	3
 883 0630 00C00440 		.word	1074053120
 884 0634 0C000000 		.word	12
 885 0638 00       		.byte	0
 886 0639 00       		.byte	0
 887 063a 00       		.byte	0
 888 063b 02       		.byte	2
 889 063c 00       		.byte	0
 890 063d 00       		.byte	0
 891 063e 00       		.byte	0
 892 063f 00       		.space	1
 893 0640 C0F00F40 		.word	1074786496
 894 0644 01       		.byte	1
 895 0645 000000   		.space	3
 896 0648 00C00440 		.word	1074053120
 897 064c 0D000000 		.word	13
 898 0650 00       		.byte	0
 899 0651 00       		.byte	0
 900 0652 00       		.byte	0
 901 0653 01       		.byte	1
 902 0654 00       		.byte	0
 903 0655 00       		.byte	0
 904 0656 00       		.byte	0
 905 0657 00       		.space	1
 906 0658 C0F00F40 		.word	1074786496
 907 065c 00       		.byte	0
 908 065d 000000   		.space	3
 909 0660 00C00440 		.word	1074053120
 910 0664 0E000000 		.word	14
 911 0668 00       		.byte	0
 912 0669 00       		.byte	0
 913 066a 00       		.byte	0
 914 066b 02       		.byte	2
 915 066c 00       		.byte	0
 916 066d 00       		.byte	0
 917 066e 00       		.byte	0
 918 066f 00       		.space	1
 919 0670 C0F00F40 		.word	1074786496
 920 0674 01       		.byte	1
 921 0675 000000   		.space	3
 922 0678 00C00440 		.word	1074053120
 923 067c 0F000000 		.word	15
 924 0680 00       		.byte	0
 925 0681 00       		.byte	0
 926 0682 00       		.byte	0
 927 0683 01       		.byte	1
 928 0684 00       		.byte	0
 929 0685 00       		.byte	0
 930 0686 00       		.byte	0
 931 0687 00       		.space	1
 932 0688 C0F00F40 		.word	1074786496
 933 068c 01       		.byte	1
 934 068d 000000   		.space	3
 935 0690 00C00440 		.word	1074053120
 936 0694 10000000 		.word	16
 937 0698 00       		.byte	0
 938 0699 00       		.byte	0
 939 069a 00       		.byte	0
 940 069b 02       		.byte	2
 941 069c 00       		.byte	0
 942 069d 00       		.byte	0
 943 069e 00       		.byte	0
 944 069f 00       		.space	1
 945 06a0 C0F00F40 		.word	1074786496
 946 06a4 01       		.byte	1
 947 06a5 000000   		.space	3
 948 06a8 00C00440 		.word	1074053120
 949 06ac 11000000 		.word	17
 950 06b0 00       		.byte	0
 951 06b1 00       		.byte	0
 952 06b2 00       		.byte	0
 953 06b3 01       		.byte	1
 954 06b4 00       		.byte	0
 955 06b5 00       		.byte	0
 956 06b6 00       		.byte	0
 957 06b7 00       		.space	1
 958 06b8 C0F00F40 		.word	1074786496
 959 06bc 01       		.byte	1
 960 06bd 000000   		.space	3
 961 06c0 00D00440 		.word	1074057216
 962 06c4 00000000 		.word	0
 963 06c8 00       		.byte	0
 964 06c9 00       		.byte	0
 965 06ca 00       		.byte	0
 966 06cb 01       		.byte	1
 967 06cc 00       		.byte	0
 968 06cd 00       		.byte	0
 969 06ce 00       		.byte	0
 970 06cf 00       		.space	1
 971 06d0 00F10F40 		.word	1074786560
 972 06d4 00       		.byte	0
 973 06d5 000000   		.space	3
 974 06d8 00D00440 		.word	1074057216
 975 06dc 01000000 		.word	1
 976 06e0 00       		.byte	0
 977 06e1 00       		.byte	0
 978 06e2 00       		.byte	0
 979 06e3 01       		.byte	1
 980 06e4 00       		.byte	0
 981 06e5 00       		.byte	0
 982 06e6 00       		.byte	0
 983 06e7 00       		.space	1
 984 06e8 00F10F40 		.word	1074786560
 985 06ec 01       		.byte	1
 986 06ed 000000   		.space	3
 987 06f0 00D00440 		.word	1074057216
 988 06f4 02000000 		.word	2
 989 06f8 00       		.byte	0
 990 06f9 00       		.byte	0
 991 06fa 00       		.byte	0
 992 06fb 00       		.byte	0
 993 06fc 00       		.byte	0
 994 06fd 00       		.byte	0
 995 06fe 00       		.byte	0
 996 06ff 00       		.space	1
 997 0700 00000000 		.word	0
 998 0704 03       		.byte	3
 999 0705 000000   		.space	3
 1000 0708 00D00440 		.word	1074057216
 1001 070c 03000000 		.word	3
 1002 0710 00       		.byte	0
 1003 0711 00       		.byte	0
 1004 0712 00       		.byte	0
 1005 0713 01       		.byte	1
 1006 0714 00       		.byte	0
 1007 0715 00       		.byte	0
 1008 0716 00       		.byte	0
 1009 0717 00       		.space	1
 1010 0718 00F10F40 		.word	1074786560
 1011 071c 01       		.byte	1
 1012 071d 000000   		.space	3
 1013 0720 00D00440 		.word	1074057216
 1014 0724 04000000 		.word	4
 1015 0728 00       		.byte	0
 1016 0729 00       		.byte	0
 1017 072a 00       		.byte	0
 1018 072b 05       		.byte	5
 1019 072c 00       		.byte	0
 1020 072d 00       		.byte	0
 1021 072e 00       		.byte	0
 1022 072f 00       		.space	1
 1023 0730 00000000 		.word	0
 1024 0734 03       		.byte	3
 1025 0735 000000   		.space	3
 1026 0738 00D00440 		.word	1074057216
 1027 073c 05000000 		.word	5
 1028 0740 00       		.byte	0
 1029 0741 00       		.byte	0
 1030 0742 00       		.byte	0
 1031 0743 05       		.byte	5
 1032 0744 00       		.byte	0
 1033 0745 00       		.byte	0
 1034 0746 00       		.byte	0
 1035 0747 00       		.space	1
 1036 0748 00000000 		.word	0
 1037 074c 03       		.byte	3
 1038 074d 000000   		.space	3
 1039 0750 00D00440 		.word	1074057216
 1040 0754 06000000 		.word	6
 1041 0758 00       		.byte	0
 1042 0759 00       		.byte	0
 1043 075a 00       		.byte	0
 1044 075b 00       		.byte	0
 1045 075c 00       		.byte	0
 1046 075d 00       		.byte	0
 1047 075e 00       		.byte	0
 1048 075f 00       		.space	1
 1049 0760 00F10F40 		.word	1074786560
 1050 0764 00       		.byte	0
 1051 0765 000000   		.space	3
 1052 0768 00D00440 		.word	1074057216
 1053 076c 07000000 		.word	7
 1054 0770 00       		.byte	0
 1055 0771 00       		.byte	0
 1056 0772 00       		.byte	0
 1057 0773 01       		.byte	1
 1058 0774 00       		.byte	0
 1059 0775 00       		.byte	0
 1060 0776 00       		.byte	0
 1061 0777 00       		.space	1
 1062 0778 00F10F40 		.word	1074786560
 1063 077c 01       		.byte	1
 1064 077d 000000   		.space	3
 1065 0780 00D00440 		.word	1074057216
 1066 0784 08000000 		.word	8
 1067 0788 00       		.byte	0
 1068 0789 00       		.byte	0
 1069 078a 00       		.byte	0
 1070 078b 02       		.byte	2
 1071 078c 00       		.byte	0
 1072 078d 00       		.byte	0
 1073 078e 00       		.byte	0
 1074 078f 00       		.space	1
 1075 0790 00F10F40 		.word	1074786560
 1076 0794 01       		.byte	1
 1077 0795 000000   		.space	3
 1078 0798 00D00440 		.word	1074057216
 1079 079c 09000000 		.word	9
 1080 07a0 00       		.byte	0
 1081 07a1 00       		.byte	0
 1082 07a2 00       		.byte	0
 1083 07a3 01       		.byte	1
 1084 07a4 00       		.byte	0
 1085 07a5 00       		.byte	0
 1086 07a6 00       		.byte	0
 1087 07a7 00       		.space	1
 1088 07a8 00F10F40 		.word	1074786560
 1089 07ac 01       		.byte	1
 1090 07ad 000000   		.space	3
 1091 07b0 00D00440 		.word	1074057216
 1092 07b4 0A000000 		.word	10
 1093 07b8 00       		.byte	0
 1094 07b9 00       		.byte	0
 1095 07ba 00       		.byte	0
 1096 07bb 00       		.byte	0
 1097 07bc 00       		.byte	0
 1098 07bd 00       		.byte	0
 1099 07be 00       		.byte	0
 1100 07bf 00       		.space	1
 1101 07c0 00000000 		.word	0
 1102 07c4 03       		.byte	3
 1103 07c5 000000   		.space	3
 1104 07c8 00D00440 		.word	1074057216
 1105 07cc 0B000000 		.word	11
 1106 07d0 00       		.byte	0
 1107 07d1 00       		.byte	0
 1108 07d2 00       		.byte	0
 1109 07d3 00       		.byte	0
 1110 07d4 00       		.byte	0
 1111 07d5 00       		.byte	0
 1112 07d6 00       		.byte	0
 1113 07d7 00       		.space	1
 1114 07d8 00F10F40 		.word	1074786560
 1115 07dc 03       		.byte	3
 1116 07dd 000000   		.space	3
 1117 07e0 00D00440 		.word	1074057216
 1118 07e4 0C000000 		.word	12
 1119 07e8 00       		.byte	0
 1120 07e9 00       		.byte	0
 1121 07ea 00       		.byte	0
 1122 07eb 01       		.byte	1
 1123 07ec 00       		.byte	0
 1124 07ed 00       		.byte	0
 1125 07ee 00       		.byte	0
 1126 07ef 00       		.space	1
 1127 07f0 00F10F40 		.word	1074786560
 1128 07f4 01       		.byte	1
 1129 07f5 000000   		.space	3
 1130 07f8 00D00440 		.word	1074057216
 1131 07fc 0D000000 		.word	13
 1132 0800 00       		.byte	0
 1133 0801 00       		.byte	0
 1134 0802 00       		.byte	0
 1135 0803 01       		.byte	1
 1136 0804 00       		.byte	0
 1137 0805 00       		.byte	0
 1138 0806 00       		.byte	0
 1139 0807 00       		.space	1
 1140 0808 00F10F40 		.word	1074786560
 1141 080c 00       		.byte	0
 1142 080d 000000   		.space	3
 1143 0810 00D00440 		.word	1074057216
 1144 0814 0E000000 		.word	14
 1145 0818 00       		.byte	0
 1146 0819 00       		.byte	0
 1147 081a 00       		.byte	0
 1148 081b 01       		.byte	1
 1149 081c 00       		.byte	0
 1150 081d 00       		.byte	0
 1151 081e 00       		.byte	0
 1152 081f 00       		.space	1
 1153 0820 00F10F40 		.word	1074786560
 1154 0824 01       		.byte	1
 1155 0825 000000   		.space	3
 1156 0828 00D00440 		.word	1074057216
 1157 082c 0F000000 		.word	15
 1158 0830 00       		.byte	0
 1159 0831 00       		.byte	0
 1160 0832 00       		.byte	0
 1161 0833 01       		.byte	1
 1162 0834 00       		.byte	0
 1163 0835 00       		.byte	0
 1164 0836 00       		.byte	0
 1165 0837 00       		.space	1
 1166 0838 00F10F40 		.word	1074786560
 1167 083c 01       		.byte	1
 1168 083d 000000   		.space	3
 1169 0840 00D00440 		.word	1074057216
 1170 0844 10000000 		.word	16
 1171 0848 00       		.byte	0
 1172 0849 00       		.byte	0
 1173 084a 00       		.byte	0
 1174 084b 01       		.byte	1
 1175 084c 00       		.byte	0
 1176 084d 00       		.byte	0
 1177 084e 00       		.byte	0
 1178 084f 00       		.space	1
 1179 0850 00F10F40 		.word	1074786560
 1180 0854 01       		.byte	1
 1181 0855 000000   		.space	3
 1182              		.section	.data.virtual_pin,"aw"
 1183              		.align	2
 1186              	virtual_pin:
 1187 0000 59       		.byte	89
 1188 0001 00       		.byte	0
 1189 0002 5A       		.byte	90
 1190 0003 00       		.byte	0
 1191 0004 5B       		.byte	91
 1192 0005 00       		.byte	0
 1193 0006 5C       		.byte	92
 1194 0007 00       		.byte	0
 1195 0008 5D       		.byte	93
 1196 0009 00       		.byte	0
 1197 000a 5E       		.byte	94
 1198 000b 00       		.byte	0
 1199 000c 5F       		.byte	95
 1200 000d 00       		.byte	0
 1201 000e 60       		.byte	96
 1202 000f 00       		.byte	0
 1203 0010 61       		.byte	97
 1204 0011 00       		.byte	0
 1205 0012 62       		.byte	98
 1206 0013 00       		.byte	0
 1207 0014 63       		.byte	99
 1208 0015 00       		.byte	0
 1209 0016 64       		.byte	100
 1210 0017 00       		.byte	0
 1211 0018 65       		.byte	101
 1212 0019 00       		.byte	0
 1213 001a 66       		.byte	102
 1214 001b 00       		.byte	0
 1215              		.section	.rodata.adc_config_tbl,"a"
 1216              		.align	2
 1219              	adc_config_tbl:
 1220 0000 00       		.byte	0
 1221 0001 05       		.byte	5
 1222 0002 0000     		.space	2
 1223 0004 18420000 		.word	16920
 1224 0008 00100000 		.word	4096
 1225 000c 00       		.byte	0
 1226 000d 00       		.byte	0
 1227 000e 0000     		.short	0
 1228 0010 00       		.byte	0
 1229 0011 000000   		.space	3
 1230 0014 00       		.byte	0
 1231 0015 04       		.byte	4
 1232 0016 0000     		.space	2
 1233 0018 18420000 		.word	16920
 1234 001c 00100000 		.word	4096
 1235 0020 00       		.byte	0
 1236 0021 00       		.byte	0
 1237 0022 0000     		.short	0
 1238 0024 00       		.byte	0
 1239 0025 000000   		.space	3
 1240 0028 00       		.byte	0
 1241 0029 03       		.byte	3
 1242 002a 0000     		.space	2
 1243 002c 18420000 		.word	16920
 1244 0030 00100000 		.word	4096
 1245 0034 00       		.byte	0
 1246 0035 00       		.byte	0
 1247 0036 0000     		.short	0
 1248 0038 00       		.byte	0
 1249 0039 000000   		.space	3
 1250 003c 00       		.byte	0
 1251 003d 02       		.byte	2
 1252 003e 0000     		.space	2
 1253 0040 18420000 		.word	16920
 1254 0044 00100000 		.word	4096
 1255 0048 00       		.byte	0
 1256 0049 00       		.byte	0
 1257 004a 0000     		.short	0
 1258 004c 00       		.byte	0
 1259 004d 000000   		.space	3
 1260 0050 01       		.byte	1
 1261 0051 0F       		.byte	15
 1262 0052 0000     		.space	2
 1263 0054 18420000 		.word	16920
 1264 0058 00100000 		.word	4096
 1265 005c 00       		.byte	0
 1266 005d 00       		.byte	0
 1267 005e 0000     		.short	0
 1268 0060 00       		.byte	0
 1269 0061 000000   		.space	3
 1270 0064 01       		.byte	1
 1271 0065 0E       		.byte	14
 1272 0066 0000     		.space	2
 1273 0068 18420000 		.word	16920
 1274 006c 00100000 		.word	4096
 1275 0070 00       		.byte	0
 1276 0071 00       		.byte	0
 1277 0072 0000     		.short	0
 1278 0074 00       		.byte	0
 1279 0075 000000   		.space	3
 1280 0078 01       		.byte	1
 1281 0079 05       		.byte	5
 1282 007a 0000     		.space	2
 1283 007c 18420000 		.word	16920
 1284 0080 00100000 		.word	4096
 1285 0084 00       		.byte	0
 1286 0085 00       		.byte	0
 1287 0086 0000     		.short	0
 1288 0088 00       		.byte	0
 1289 0089 000000   		.space	3
 1290 008c 00       		.byte	0
 1291 008d 0E       		.byte	14
 1292 008e 0000     		.space	2
 1293 0090 88130000 		.word	5000
 1294 0094 00100000 		.word	4096
 1295 0098 00       		.byte	0
 1296 0099 00       		.byte	0
 1297 009a 0000     		.short	0
 1298 009c 07       		.byte	7
 1299 009d 000000   		.space	3
 1300 00a0 00       		.byte	0
 1301 00a1 0F       		.byte	15
 1302 00a2 0000     		.space	2
 1303 00a4 88130000 		.word	5000
 1304 00a8 00100000 		.word	4096
 1305 00ac 00       		.byte	0
 1306 00ad 00       		.byte	0
 1307 00ae 1800     		.short	24
 1308 00b0 07       		.byte	7
 1309 00b1 000000   		.space	3
 1310 00b4 00       		.byte	0
 1311 00b5 09       		.byte	9
 1312 00b6 0000     		.space	2
 1313 00b8 88130000 		.word	5000
 1314 00bc 00100000 		.word	4096
 1315 00c0 00       		.byte	0
 1316 00c1 00       		.byte	0
 1317 00c2 3000     		.short	48
 1318 00c4 07       		.byte	7
 1319 00c5 000000   		.space	3
 1320 00c8 00       		.byte	0
 1321 00c9 08       		.byte	8
 1322 00ca 0000     		.space	2
 1323 00cc 88130000 		.word	5000
 1324 00d0 00100000 		.word	4096
 1325 00d4 00       		.byte	0
 1326 00d5 00       		.byte	0
 1327 00d6 4800     		.short	72
 1328 00d8 07       		.byte	7
 1329 00d9 000000   		.space	3
 1330 00dc 00       		.byte	0
 1331 00dd 06       		.byte	6
 1332 00de 0000     		.space	2
 1333 00e0 88130000 		.word	5000
 1334 00e4 00100000 		.word	4096
 1335 00e8 00       		.byte	0
 1336 00e9 00       		.byte	0
 1337 00ea 6000     		.short	96
 1338 00ec 07       		.byte	7
 1339 00ed 000000   		.space	3
 1340 00f0 00       		.byte	0
 1341 00f1 0C       		.byte	12
 1342 00f2 0000     		.space	2
 1343 00f4 88130000 		.word	5000
 1344 00f8 00100000 		.word	4096
 1345 00fc 00       		.byte	0
 1346 00fd 00       		.byte	0
 1347 00fe 7800     		.short	120
 1348 0100 07       		.byte	7
 1349 0101 000000   		.space	3
 1350 0104 00       		.byte	0
 1351 0105 0D       		.byte	13
 1352 0106 0000     		.space	2
 1353 0108 88130000 		.word	5000
 1354 010c 00100000 		.word	4096
 1355 0110 00       		.byte	0
 1356 0111 00       		.byte	0
 1357 0112 9000     		.short	144
 1358 0114 07       		.byte	7
 1359 0115 000000   		.space	3
 1360 0118 00       		.byte	0
 1361 0119 07       		.byte	7
 1362 011a 0000     		.space	2
 1363 011c 88130000 		.word	5000
 1364 0120 00100000 		.word	4096
 1365 0124 00       		.byte	0
 1366 0125 00       		.byte	0
 1367 0126 A800     		.short	168
 1368 0128 07       		.byte	7
 1369 0129 000000   		.space	3
 1370 012c 00       		.byte	0
 1371 012d 0A       		.byte	10
 1372 012e 0000     		.space	2
 1373 0130 58980000 		.word	39000
 1374 0134 00100000 		.word	4096
 1375 0138 00       		.byte	0
 1376 0139 00       		.byte	0
 1377 013a 0000     		.short	0
 1378 013c 00       		.byte	0
 1379 013d 000000   		.space	3
 1380 0140 00       		.byte	0
 1381 0141 0B       		.byte	11
 1382 0142 0000     		.space	2
 1383 0144 58980000 		.word	39000
 1384 0148 00100000 		.word	4096
 1385 014c 00       		.byte	0
 1386 014d 00       		.byte	0
 1387 014e 0000     		.short	0
 1388 0150 00       		.byte	0
 1389 0151 000000   		.space	3
 1390 0154 01       		.byte	1
 1391 0155 0B       		.byte	11
 1392 0156 0000     		.space	2
 1393 0158 AC990000 		.word	39340
 1394 015c 00100000 		.word	4096
 1395 0160 00       		.byte	0
 1396 0161 00       		.byte	0
 1397 0162 0000     		.short	0
 1398 0164 00       		.byte	0
 1399 0165 000000   		.space	3
 1400 0168 00       		.byte	0
 1401 0169 00       		.byte	0
 1402 016a 0000     		.space	2
 1403 016c AC990000 		.word	39340
 1404 0170 00100000 		.word	4096
 1405 0174 00       		.byte	0
 1406 0175 00       		.byte	0
 1407 0176 0000     		.short	0
 1408 0178 00       		.byte	0
 1409 0179 000000   		.space	3
 1410 017c 01       		.byte	1
 1411 017d 0C       		.byte	12
 1412 017e 0000     		.space	2
 1413 0180 AC990000 		.word	39340
 1414 0184 00100000 		.word	4096
 1415 0188 00       		.byte	0
 1416 0189 00       		.byte	0
 1417 018a 0000     		.short	0
 1418 018c 00       		.byte	0
 1419 018d 000000   		.space	3
 1420 0190 01       		.byte	1
 1421 0191 0D       		.byte	13
 1422 0192 0000     		.space	2
 1423 0194 AC990000 		.word	39340
 1424 0198 00100000 		.word	4096
 1425 019c 00       		.byte	0
 1426 019d 00       		.byte	0
 1427 019e 0000     		.short	0
 1428 01a0 00       		.byte	0
 1429 01a1 000000   		.space	3
 1430 01a4 00       		.byte	0
 1431 01a5 01       		.byte	1
 1432 01a6 0000     		.space	2
 1433 01a8 AC990000 		.word	39340
 1434 01ac 00100000 		.word	4096
 1435 01b0 00       		.byte	0
 1436 01b1 00       		.byte	0
 1437 01b2 0000     		.short	0
 1438 01b4 00       		.byte	0
 1439 01b5 000000   		.space	3
 1440 01b8 01       		.byte	1
 1441 01b9 02       		.byte	2
 1442 01ba 0000     		.space	2
 1443 01bc AC990000 		.word	39340
 1444 01c0 00100000 		.word	4096
 1445 01c4 00       		.byte	0
 1446 01c5 00       		.byte	0
 1447 01c6 0000     		.short	0
 1448 01c8 00       		.byte	0
 1449 01c9 000000   		.space	3
 1450 01cc 01       		.byte	1
 1451 01cd 00       		.byte	0
 1452 01ce 0000     		.space	2
 1453 01d0 AC990000 		.word	39340
 1454 01d4 00100000 		.word	4096
 1455 01d8 00       		.byte	0
 1456 01d9 00       		.byte	0
 1457 01da 0000     		.short	0
 1458 01dc 00       		.byte	0
 1459 01dd 000000   		.space	3
 1460 01e0 01       		.byte	1
 1461 01e1 01       		.byte	1
 1462 01e2 0000     		.space	2
 1463 01e4 AC990000 		.word	39340
 1464 01e8 00100000 		.word	4096
 1465 01ec 00       		.byte	0
 1466 01ed 00       		.byte	0
 1467 01ee 0000     		.short	0
 1468 01f0 00       		.byte	0
 1469 01f1 000000   		.space	3
 1470 01f4 01       		.byte	1
 1471 01f5 1A       		.byte	26
 1472 01f6 0000     		.space	2
 1473 01f8 88130000 		.word	5000
 1474 01fc 00100000 		.word	4096
 1475 0200 00       		.byte	0
 1476 0201 00       		.byte	0
 1477 0202 0000     		.short	0
 1478 0204 00       		.byte	0
 1479 0205 000000   		.space	3
 1480 0208 01       		.byte	1
 1481 0209 08       		.byte	8
 1482 020a 0000     		.space	2
 1483 020c 007D0000 		.word	32000
 1484 0210 00100000 		.word	4096
 1485 0214 01       		.byte	1
 1486 0215 00       		.byte	0
 1487 0216 C000     		.short	192
 1488 0218 03       		.byte	3
 1489 0219 000000   		.space	3
 1490 021c 01       		.byte	1
 1491 021d 09       		.byte	9
 1492 021e 0000     		.space	2
 1493 0220 007D0000 		.word	32000
 1494 0224 00100000 		.word	4096
 1495 0228 01       		.byte	1
 1496 0229 00       		.byte	0
 1497 022a CC00     		.short	204
 1498 022c 03       		.byte	3
 1499 022d 000000   		.space	3
 1500 0230 01       		.byte	1
 1501 0231 06       		.byte	6
 1502 0232 0000     		.space	2
 1503 0234 007D0000 		.word	32000
 1504 0238 00100000 		.word	4096
 1505 023c 01       		.byte	1
 1506 023d 00       		.byte	0
 1507 023e D800     		.short	216
 1508 0240 03       		.byte	3
 1509 0241 000000   		.space	3
 1510 0244 01       		.byte	1
 1511 0245 07       		.byte	7
 1512 0246 0000     		.space	2
 1513 0248 007D0000 		.word	32000
 1514 024c 00100000 		.word	4096
 1515 0250 01       		.byte	1
 1516 0251 00       		.byte	0
 1517 0252 E400     		.short	228
 1518 0254 03       		.byte	3
 1519 0255 000000   		.space	3
 1520 0258 01       		.byte	1
 1521 0259 08       		.byte	8
 1522 025a 0000     		.space	2
 1523 025c 007D0000 		.word	32000
 1524 0260 00100000 		.word	4096
 1525 0264 01       		.byte	1
 1526 0265 01       		.byte	1
 1527 0266 F000     		.short	240
 1528 0268 03       		.byte	3
 1529 0269 000000   		.space	3
 1530 026c 01       		.byte	1
 1531 026d 09       		.byte	9
 1532 026e 0000     		.space	2
 1533 0270 007D0000 		.word	32000
 1534 0274 00100000 		.word	4096
 1535 0278 01       		.byte	1
 1536 0279 01       		.byte	1
 1537 027a FC00     		.short	252
 1538 027c 03       		.byte	3
 1539 027d 000000   		.space	3
 1540 0280 01       		.byte	1
 1541 0281 06       		.byte	6
 1542 0282 0000     		.space	2
 1543 0284 007D0000 		.word	32000
 1544 0288 00100000 		.word	4096
 1545 028c 01       		.byte	1
 1546 028d 01       		.byte	1
 1547 028e 0801     		.short	264
 1548 0290 03       		.byte	3
 1549 0291 000000   		.space	3
 1550 0294 01       		.byte	1
 1551 0295 07       		.byte	7
 1552 0296 0000     		.space	2
 1553 0298 007D0000 		.word	32000
 1554 029c 00100000 		.word	4096
 1555 02a0 01       		.byte	1
 1556 02a1 01       		.byte	1
 1557 02a2 1401     		.short	276
 1558 02a4 03       		.byte	3
 1559 02a5 000000   		.space	3
 1560 02a8 01       		.byte	1
 1561 02a9 04       		.byte	4
 1562 02aa 0000     		.space	2
 1563 02ac 88130000 		.word	5000
 1564 02b0 00100000 		.word	4096
 1565 02b4 00       		.byte	0
 1566 02b5 00       		.byte	0
 1567 02b6 0000     		.short	0
 1568 02b8 00       		.byte	0
 1569 02b9 000000   		.space	3
 1570 02bc 01       		.byte	1
 1571 02bd 03       		.byte	3
 1572 02be 0000     		.space	2
 1573 02c0 6C380000 		.word	14444
 1574 02c4 00100000 		.word	4096
 1575 02c8 00       		.byte	0
 1576 02c9 00       		.byte	0
 1577 02ca 0000     		.short	0
 1578 02cc 00       		.byte	0
 1579 02cd 000000   		.space	3
 1580 02d0 01       		.byte	1
 1581 02d1 08       		.byte	8
 1582 02d2 0000     		.space	2
 1583 02d4 007D0000 		.word	32000
 1584 02d8 00100000 		.word	4096
 1585 02dc 00       		.byte	0
 1586 02dd 00       		.byte	0
 1587 02de 0000     		.short	0
 1588 02e0 00       		.byte	0
 1589 02e1 000000   		.space	3
 1590 02e4 01       		.byte	1
 1591 02e5 09       		.byte	9
 1592 02e6 0000     		.space	2
 1593 02e8 007D0000 		.word	32000
 1594 02ec 00100000 		.word	4096
 1595 02f0 00       		.byte	0
 1596 02f1 00       		.byte	0
 1597 02f2 0000     		.short	0
 1598 02f4 00       		.byte	0
 1599 02f5 000000   		.space	3
 1600 02f8 01       		.byte	1
 1601 02f9 06       		.byte	6
 1602 02fa 0000     		.space	2
 1603 02fc 007D0000 		.word	32000
 1604 0300 00100000 		.word	4096
 1605 0304 00       		.byte	0
 1606 0305 00       		.byte	0
 1607 0306 0000     		.short	0
 1608 0308 00       		.byte	0
 1609 0309 000000   		.space	3
 1610 030c 01       		.byte	1
 1611 030d 07       		.byte	7
 1612 030e 0000     		.space	2
 1613 0310 007D0000 		.word	32000
 1614 0314 00100000 		.word	4096
 1615 0318 00       		.byte	0
 1616 0319 00       		.byte	0
 1617 031a 0000     		.short	0
 1618 031c 00       		.byte	0
 1619 031d 000000   		.space	3
 1620 0320 00000000 		.space	20
 1620      00000000 
 1620      00000000 
 1620      00000000 
 1620      00000000 
 1621              		.section	.rodata.io_pin_linker,"a"
 1622              		.align	2
 1625              	io_pin_linker:
 1626 0000 12       		.byte	18
 1627 0001 08       		.byte	8
 1628 0002 15       		.byte	21
 1629 0003 08       		.byte	8
 1630 0004 17       		.byte	23
 1631 0005 08       		.byte	8
 1632 0006 18       		.byte	24
 1633 0007 08       		.byte	8
 1634 0008 28       		.byte	40
 1635 0009 08       		.byte	8
 1636 000a 28       		.byte	40
 1637 000b 08       		.byte	8
 1638 000c 03       		.byte	3
 1639 000d 08       		.byte	8
 1640 000e 02       		.byte	2
 1641 000f 08       		.byte	8
 1642 0010 28       		.byte	40
 1643 0011 08       		.byte	8
 1644 0012 28       		.byte	40
 1645 0013 08       		.byte	8
 1646 0014 28       		.byte	40
 1647 0015 08       		.byte	8
 1648 0016 28       		.byte	40
 1649 0017 08       		.byte	8
 1650 0018 28       		.byte	40
 1651 0019 08       		.byte	8
 1652 001a 28       		.byte	40
 1653 001b 08       		.byte	8
 1654 001c 28       		.byte	40
 1655 001d 08       		.byte	8
 1656 001e 13       		.byte	19
 1657 001f 08       		.byte	8
 1658 0020 14       		.byte	20
 1659 0021 08       		.byte	8
 1660 0022 28       		.byte	40
 1661 0023 08       		.byte	8
 1662 0024 01       		.byte	1
 1663 0025 08       		.byte	8
 1664 0026 00       		.byte	0
 1665 0027 08       		.byte	8
 1666 0028 0B       		.byte	11
 1667 0029 08       		.byte	8
 1668 002a 0E       		.byte	14
 1669 002b 08       		.byte	8
 1670 002c 28       		.byte	40
 1671 002d 01       		.byte	1
 1672 002e 28       		.byte	40
 1673 002f 03       		.byte	3
 1674 0030 28       		.byte	40
 1675 0031 08       		.byte	8
 1676 0032 28       		.byte	40
 1677 0033 08       		.byte	8
 1678 0034 28       		.byte	40
 1679 0035 08       		.byte	8
 1680 0036 28       		.byte	40
 1681 0037 0C       		.byte	12
 1682 0038 28       		.byte	40
 1683 0039 0D       		.byte	13
 1684 003a 28       		.byte	40
 1685 003b 08       		.byte	8
 1686 003c 27       		.byte	39
 1687 003d 08       		.byte	8
 1688 003e 24       		.byte	36
 1689 003f 08       		.byte	8
 1690 0040 25       		.byte	37
 1691 0041 08       		.byte	8
 1692 0042 05       		.byte	5
 1693 0043 08       		.byte	8
 1694 0044 04       		.byte	4
 1695 0045 08       		.byte	8
 1696 0046 28       		.byte	40
 1697 0047 08       		.byte	8
 1698 0048 0A       		.byte	10
 1699 0049 08       		.byte	8
 1700 004a 09       		.byte	9
 1701 004b 08       		.byte	8
 1702 004c 0F       		.byte	15
 1703 004d 08       		.byte	8
 1704 004e 10       		.byte	16
 1705 004f 08       		.byte	8
 1706 0050 28       		.byte	40
 1707 0051 08       		.byte	8
 1708 0052 28       		.byte	40
 1709 0053 08       		.byte	8
 1710 0054 22       		.byte	34
 1711 0055 08       		.byte	8
 1712 0056 06       		.byte	6
 1713 0057 08       		.byte	8
 1714 0058 28       		.byte	40
 1715 0059 08       		.byte	8
 1716 005a 28       		.byte	40
 1717 005b 08       		.byte	8
 1718 005c 28       		.byte	40
 1719 005d 0E       		.byte	14
 1720 005e 28       		.byte	40
 1721 005f 09       		.byte	9
 1722 0060 28       		.byte	40
 1723 0061 0A       		.byte	10
 1724 0062 28       		.byte	40
 1725 0063 0B       		.byte	11
 1726 0064 0C       		.byte	12
 1727 0065 08       		.byte	8
 1728 0066 0D       		.byte	13
 1729 0067 08       		.byte	8
 1730 0068 07       		.byte	7
 1731 0069 08       		.byte	8
 1732 006a 08       		.byte	8
 1733 006b 08       		.byte	8
 1734 006c 28       		.byte	40
 1735 006d 08       		.byte	8
 1736 006e 28       		.byte	40
 1737 006f 08       		.byte	8
 1738 0070 16       		.byte	22
 1739 0071 08       		.byte	8
 1740 0072 23       		.byte	35
 1741 0073 08       		.byte	8
 1742 0074 26       		.byte	38
 1743 0075 08       		.byte	8
 1744 0076 28       		.byte	40
 1745 0077 04       		.byte	4
 1746 0078 28       		.byte	40
 1747 0079 08       		.byte	8
 1748 007a 28       		.byte	40
 1749 007b 08       		.byte	8
 1750 007c 28       		.byte	40
 1751 007d 08       		.byte	8
 1752 007e 28       		.byte	40
 1753 007f 06       		.byte	6
 1754 0080 28       		.byte	40
 1755 0081 08       		.byte	8
 1756 0082 28       		.byte	40
 1757 0083 08       		.byte	8
 1758 0084 28       		.byte	40
 1759 0085 05       		.byte	5
 1760 0086 28       		.byte	40
 1761 0087 08       		.byte	8
 1762 0088 28       		.byte	40
 1763 0089 00       		.byte	0
 1764 008a 28       		.byte	40
 1765 008b 08       		.byte	8
 1766 008c 28       		.byte	40
 1767 008d 07       		.byte	7
 1768 008e 28       		.byte	40
 1769 008f 08       		.byte	8
 1770 0090 28       		.byte	40
 1771 0091 08       		.byte	8
 1772 0092 28       		.byte	40
 1773 0093 08       		.byte	8
 1774 0094 28       		.byte	40
 1775 0095 08       		.byte	8
 1776 0096 28       		.byte	40
 1777 0097 08       		.byte	8
 1778 0098 28       		.byte	40
 1779 0099 08       		.byte	8
 1780 009a 28       		.byte	40
 1781 009b 08       		.byte	8
 1782 009c 11       		.byte	17
 1783 009d 08       		.byte	8
 1784 009e 28       		.byte	40
 1785 009f 08       		.byte	8
 1786 00a0 28       		.byte	40
 1787 00a1 02       		.byte	2
 1788 00a2 28       		.byte	40
 1789 00a3 08       		.byte	8
 1790 00a4 28       		.byte	40
 1791 00a5 08       		.byte	8
 1792 00a6 28       		.byte	40
 1793 00a7 08       		.byte	8
 1794 00a8 28       		.byte	40
 1795 00a9 08       		.byte	8
 1796 00aa 28       		.byte	40
 1797 00ab 08       		.byte	8
 1798 00ac 28       		.byte	40
 1799 00ad 08       		.byte	8
 1800 00ae 28       		.byte	40
 1801 00af 08       		.byte	8
 1802 00b0 28       		.byte	40
 1803 00b1 08       		.byte	8
 1804 00b2 28       		.byte	40
 1805 00b3 08       		.byte	8
 1806 00b4 28       		.byte	40
 1807 00b5 08       		.byte	8
 1808 00b6 28       		.byte	40
 1809 00b7 08       		.byte	8
 1810 00b8 28       		.byte	40
 1811 00b9 08       		.byte	8
 1812 00ba 28       		.byte	40
 1813 00bb 08       		.byte	8
 1814 00bc 28       		.byte	40
 1815 00bd 08       		.byte	8
 1816 00be 28       		.byte	40
 1817 00bf 08       		.byte	8
 1818 00c0 28       		.byte	40
 1819 00c1 08       		.byte	8
 1820 00c2 28       		.byte	40
 1821 00c3 08       		.byte	8
 1822 00c4 28       		.byte	40
 1823 00c5 08       		.byte	8
 1824 00c6 28       		.byte	40
 1825 00c7 08       		.byte	8
 1826 00c8 28       		.byte	40
 1827 00c9 08       		.byte	8
 1828 00ca 28       		.byte	40
 1829 00cb 08       		.byte	8
 1830 00cc 28       		.byte	40
 1831 00cd 08       		.byte	8
 1832              		.section	.rodata.struct_ftm_config_tbl,"a"
 1833              		.align	2
 1836              	struct_ftm_config_tbl:
 1837 0000 02       		.byte	2
 1838 0001 05       		.byte	5
 1839 0002 07       		.byte	7
 1840 0003 00       		.byte	0
 1841 0004 04       		.byte	4
 1842 0005 08       		.byte	8
 1843 0006 00       		.byte	0
 1844 0007 06       		.byte	6
 1845 0008 09       		.byte	9
 1846 0009 00       		.byte	0
 1847 000a 05       		.byte	5
 1848 000b 0A       		.byte	10
 1849 000c 02       		.byte	2
 1850 000d 03       		.byte	3
 1851 000e 0B       		.byte	11
 1852 000f 02       		.byte	2
 1853 0010 02       		.byte	2
 1854 0011 0C       		.byte	12
 1855 0012 01       		.byte	1
 1856 0013 05       		.byte	5
 1857 0014 0D       		.byte	13
 1858 0015 00       		.byte	0
 1859 0016 01       		.byte	1
 1860 0017 0E       		.byte	14
 1861 0018 FF       		.byte	-1
 1862 0019 FF       		.byte	-1
 1863 001a 28       		.byte	40
 1864 001b 03       		.byte	3
 1865 001c 05       		.byte	5
 1866 001d 28       		.byte	40
 1867 001e 03       		.byte	3
 1868 001f 06       		.byte	6
 1869 0020 28       		.byte	40
 1870 0021 03       		.byte	3
 1871 0022 07       		.byte	7
 1872 0023 28       		.byte	40
 1873 0024 03       		.byte	3
 1874 0025 01       		.byte	1
 1875 0026 28       		.byte	40
 1876 0027 03       		.byte	3
 1877 0028 02       		.byte	2
 1878 0029 28       		.byte	40
 1879 002a 03       		.byte	3
 1880 002b 04       		.byte	4
 1881 002c 28       		.byte	40
 1882 002d FF       		.byte	-1
 1883 002e FF       		.byte	-1
 1884 002f 28       		.byte	40
 1885              		.ident	"GCC: (GNU Tools for Arm Embedded Processors 8-2019-q3-update) 8.3.1 20190703 (release) [gc
