   1              		.cpu cortex-m4
   2              		.eabi_attribute 27, 1
   3              		.eabi_attribute 28, 1
   4              		.eabi_attribute 20, 1
   5              		.eabi_attribute 21, 1
   6              		.eabi_attribute 23, 3
   7              		.eabi_attribute 24, 1
   8              		.eabi_attribute 25, 1
   9              		.eabi_attribute 26, 1
  10              		.eabi_attribute 30, 1
  11              		.eabi_attribute 34, 1
  12              		.eabi_attribute 18, 4
  13              		.file	"lin_diagnose.c"
  14              		.text
  15              		.section	.text.lin_diag_master_request,"ax",%progbits
  16              		.align	1
  17              		.global	lin_diag_master_request
  18              		.arch armv7e-m
  19              		.syntax unified
  20              		.thumb
  21              		.thumb_func
  22              		.fpu fpv4-sp-d16
  24              	lin_diag_master_request:
  25              		@ args = 0, pretend = 0, frame = 0
  26              		@ frame_needed = 0, uses_anonymous_args = 0
  27              		@ link register save eliminated.
  28 0000 014B     		ldr	r3, .L2
  29 0002 0022     		movs	r2, #0
  30 0004 1A54     		strb	r2, [r3, r0]
  31 0006 7047     		bx	lr
  32              	.L3:
  33              		.align	2
  34              	.L2:
  35 0008 00000000 		.word	ext_current_slave_state
  37              		.section	.text.lin_diag_slave_response,"ax",%progbits
  38              		.align	1
  39              		.global	lin_diag_slave_response
  40              		.syntax unified
  41              		.thumb
  42              		.thumb_func
  43              		.fpu fpv4-sp-d16
  45              	lin_diag_slave_response:
  46              		@ args = 0, pretend = 0, frame = 0
  47              		@ frame_needed = 0, uses_anonymous_args = 0
  48              		@ link register save eliminated.
  49 0000 0020     		movs	r0, #0
  50 0002 7047     		bx	lr
  52              		.global	mgl_lin_resp_user_data
  53              		.global	mgl_fci_internal_fault_table_filled_number
  54              		.global	mgl_fci_internal_fault_table_counter
  55              		.global	mgl_lin_pos_resp_user_pci
  56              		.global	mgl_pending_negativ_response_code
  57              		.global	mgl_lin_dig_request_sid
  58              		.section	.bss.mgl_fci_internal_fault_table_counter,"aw",%nobits
  61              	mgl_fci_internal_fault_table_counter:
  62 0000 00       		.space	1
  63              		.section	.bss.mgl_fci_internal_fault_table_filled_number,"aw",%nobits
  66              	mgl_fci_internal_fault_table_filled_number:
  67 0000 00       		.space	1
  68              		.section	.bss.mgl_lin_dig_request_sid,"aw",%nobits
  71              	mgl_lin_dig_request_sid:
  72 0000 00       		.space	1
  73              		.section	.bss.mgl_lin_pos_resp_user_pci,"aw",%nobits
  76              	mgl_lin_pos_resp_user_pci:
  77 0000 00       		.space	1
  78              		.section	.bss.mgl_lin_resp_user_data,"aw",%nobits
  79              		.align	2
  82              	mgl_lin_resp_user_data:
  83 0000 00000000 		.space	5
  83      00
  84              		.section	.bss.mgl_pending_negativ_response_code,"aw",%nobits
  87              	mgl_pending_negativ_response_code:
  88 0000 00       		.space	1
  89              		.ident	"GCC: (GNU Tools for Arm Embedded Processors 8-2019-q3-update) 8.3.1 20190703 (release) [gc
