   1              		.cpu cortex-m4
   2              		.eabi_attribute 27, 1
   3              		.eabi_attribute 28, 1
   4              		.eabi_attribute 20, 1
   5              		.eabi_attribute 21, 1
   6              		.eabi_attribute 23, 3
   7              		.eabi_attribute 24, 1
   8              		.eabi_attribute 25, 1
   9              		.eabi_attribute 26, 1
  10              		.eabi_attribute 30, 1
  11              		.eabi_attribute 34, 1
  12              		.eabi_attribute 18, 4
  13              		.file	"main.c"
  14              		.text
  15              		.section	.text.supporting_driver_init,"ax",%progbits
  16              		.align	1
  17              		.global	supporting_driver_init
  18              		.arch armv7e-m
  19              		.syntax unified
  20              		.thumb
  21              		.thumb_func
  22              		.fpu fpv4-sp-d16
  24              	supporting_driver_init:
  25              		@ args = 0, pretend = 0, frame = 0
  26              		@ frame_needed = 0, uses_anonymous_args = 0
  27 0000 00B5     		push	{lr}
  28 0002 83B0     		sub	sp, sp, #12
  29 0004 0223     		movs	r3, #2
  30 0006 0093     		str	r3, [sp]
  31 0008 044B     		ldr	r3, .L3
  32 000a 054A     		ldr	r2, .L3+4
  33 000c 0549     		ldr	r1, .L3+8
  34 000e 0648     		ldr	r0, .L3+12
  35 0010 FFF7FEFF 		bl	EDMA_DRV_Init
  36 0014 03B0     		add	sp, sp, #12
  37              		@ sp needed
  38 0016 5DF804FB 		ldr	pc, [sp], #4
  39              	.L4:
  40 001a 00BF     		.align	2
  41              	.L3:
  42 001c 00000000 		.word	edmaChnConfigArray
  43 0020 00000000 		.word	edmaChnStateArray
  44 0024 00000000 		.word	dmaController1_InitConfig0
  45 0028 00000000 		.word	dmaController1_State
  47              		.section	.text.main,"ax",%progbits
  48              		.align	1
  49              		.global	main
  50              		.syntax unified
  51              		.thumb
  52              		.thumb_func
  53              		.fpu fpv4-sp-d16
  55              	main:
  56              		@ args = 0, pretend = 0, frame = 8
  57              		@ frame_needed = 0, uses_anonymous_args = 0
  58 0000 F0B5     		push	{r4, r5, r6, r7, lr}
  59 0002 83B0     		sub	sp, sp, #12
  60 0004 0025     		movs	r5, #0
  61 0006 8DF80750 		strb	r5, [sp, #7]
  62 000a 2B46     		mov	r3, r5
  63 000c 2A4A     		ldr	r2, .L9
  64 000e 0121     		movs	r1, #1
  65 0010 2A48     		ldr	r0, .L9+4
  66 0012 FFF7FEFF 		bl	CLOCK_SYS_Init
  67 0016 2946     		mov	r1, r5
  68 0018 2846     		mov	r0, r5
  69 001a FFF7FEFF 		bl	CLOCK_SYS_UpdateConfiguration
  70 001e 5920     		movs	r0, #89
  71 0020 FFF7FEFF 		bl	hal_io_init
  72 0024 FFF7FEFF 		bl	sfl_bl_protocol_s32k_init
  73 0028 FFF7FEFF 		bl	supporting_driver_init
  74 002c FFF7FEFF 		bl	hal_tick_init
  75 0030 0095     		str	r5, [sp]
  76 0032 FFF7FEFF 		bl	hal_nvm_init
  77 0036 FFF7FEFF 		bl	ADC_init
  78 003a 0820     		movs	r0, #8
  79 003c FFF7FEFF 		bl	hal_pwm_init
  80 0040 0F20     		movs	r0, #15
  81 0042 FFF7FEFF 		bl	hal_freq_init
  82 0046 FFF7FEFF 		bl	irq_priority_set_all_predefined
  83 004a FFF7FEFF 		bl	lin_init_all
  84 004e FFF7FEFF 		bl	modulhardwarecode_init
  85 0052 1B48     		ldr	r0, .L9+8
  86 0054 FFF7FEFF 		bl	set_callback_timer_1ms
  87 0058 1A48     		ldr	r0, .L9+12
  88 005a FFF7FEFF 		bl	set_callback_can_msg_receive
  89 005e 0121     		movs	r1, #1
  90 0060 0DF10700 		add	r0, sp, #7
  91 0064 FFF7FEFF 		bl	adc_wait_first_measurements
  92 0068 FFF7FEFF 		bl	usercode_init
  93 006c FFF7FEFF 		bl	graphcode_init
  94 0070 154F     		ldr	r7, .L9+16
  95 0072 164E     		ldr	r6, .L9+20
  96 0074 01E0     		b	.L7
  97              	.L6:
  98 0076 FFF7FEFF 		bl	sfl_can_db_output_to_bus
  99              	.L7:
 100 007a 3846     		mov	r0, r7
 101 007c FFF7FEFF 		bl	hal_watchdog_signal
 102 0080 0321     		movs	r1, #3
 103 0082 6846     		mov	r0, sp
 104 0084 FFF7FEFF 		bl	hal_get_timestamp
 105 0088 FFF7FEFF 		bl	sfl_bl_protocol_s32k_cyclic
 106 008c 0121     		movs	r1, #1
 107 008e 0DF10700 		add	r0, sp, #7
 108 0092 FFF7FEFF 		bl	adc_processing
 109 0096 FFF7FEFF 		bl	sfl_can_queue_in_process
 110 009a FFF7FEFF 		bl	lin_cyclic
 111 009e FFF7FEFF 		bl	modulhardwarecode_cyclic
 112 00a2 009C     		ldr	r4, [sp]
 113 00a4 621B     		subs	r2, r4, r5
 114 00a6 3388     		ldrh	r3, [r6]
 115 00a8 9A42     		cmp	r2, r3
 116 00aa E4D3     		bcc	.L6
 117 00ac FFF7FEFF 		bl	usercode
 118 00b0 FFF7FEFF 		bl	graphcode
 119 00b4 2546     		mov	r5, r4
 120 00b6 DEE7     		b	.L6
 121              	.L10:
 122              		.align	2
 123              	.L9:
 124 00b8 00000000 		.word	g_clockManCallbacksArr
 125 00bc 00000000 		.word	g_clockManConfigsArr
 126 00c0 00000000 		.word	user_int_timer_1ms
 127 00c4 00000000 		.word	user_can_receive_msg_callback
 128 00c8 01000080 		.word	-2147483647
 129 00cc 00000000 		.word	ext_graph_cycle_time
 131              		.ident	"GCC: (GNU Tools for Arm Embedded Processors 8-2019-q3-update) 8.3.1 20190703 (release) [gc
