   1              		.cpu cortex-m4
   2              		.eabi_attribute 27, 1
   3              		.eabi_attribute 28, 1
   4              		.eabi_attribute 20, 1
   5              		.eabi_attribute 21, 1
   6              		.eabi_attribute 23, 3
   7              		.eabi_attribute 24, 1
   8              		.eabi_attribute 25, 1
   9              		.eabi_attribute 26, 1
  10              		.eabi_attribute 30, 1
  11              		.eabi_attribute 34, 1
  12              		.eabi_attribute 18, 4
  13              		.file	"sfl_can_db_tables_data.c"
  14              		.text
  15              		.global	__aeabi_i2d
  16              		.global	__aeabi_ddiv
  17              		.global	__aeabi_dadd
  18              		.global	__aeabi_d2uiz
  19              		.section	.text.calculate_can_baudrate,"ax",%progbits
  20              		.align	1
  21              		.global	calculate_can_baudrate
  22              		.arch armv7e-m
  23              		.syntax unified
  24              		.thumb
  25              		.thumb_func
  26              		.fpu fpv4-sp-d16
  28              	calculate_can_baudrate:
  29              		@ args = 0, pretend = 0, frame = 192
  30              		@ frame_needed = 0, uses_anonymous_args = 0
  31 0000 2DE9F04F 		push	{r4, r5, r6, r7, r8, r9, r10, fp, lr}
  32 0004 2DED068B 		vpush.64	{d8, d9, d10}
  33 0008 B1B0     		sub	sp, sp, #196
  34 000a 4368     		ldr	r3, [r0, #4]	@ unaligned
  35 000c 0AEE903A 		vmov	s21, r3	@ int
  36 0010 A3F51C53 		sub	r3, r3, #9984
  37 0014 103B     		subs	r3, r3, #16
  38 0016 6A4A     		ldr	r2, .L66
  39 0018 9342     		cmp	r3, r2
  40 001a 00F28682 		bhi	.L41
  41 001e 0446     		mov	r4, r0
  42 0020 8368     		ldr	r3, [r0, #8]	@ unaligned
  43 0022 0AEE103A 		vmov	s20, r3	@ int
  44 0026 002B     		cmp	r3, #0
  45 0028 00F0C682 		beq	.L3
  46 002c 1AEE903A 		vmov	r3, s21	@ int
  47 0030 1AEE102A 		vmov	r2, s20	@ int
  48 0034 9342     		cmp	r3, r2
  49 0036 00F28182 		bhi	.L42
  50 003a 2AAD     		add	r5, sp, #168
  51 003c 614E     		ldr	r6, .L66+4
  52 003e 0FCE     		ldmia	r6!, {r0, r1, r2, r3}
  53 0040 0FC5     		stmia	r5!, {r0, r1, r2, r3}
  54 0042 96E80300 		ldm	r6, {r0, r1}
  55 0046 85E80300 		stm	r5, {r0, r1}
  56 004a 0023     		movs	r3, #0
  57 004c 2793     		str	r3, [sp, #156]
  58 004e 2893     		str	r3, [sp, #160]
  59 0050 8DF8A430 		strb	r3, [sp, #164]
  60 0054 0223     		movs	r3, #2
  61 0056 0C93     		str	r3, [sp, #48]
  62 0058 BDE2     		b	.L40
  63              	.L8:
  64 005a 0133     		adds	r3, r3, #1
  65 005c 9BB2     		uxth	r3, r3
  66 005e 8B42     		cmp	r3, r1
  67 0060 18DC     		bgt	.L55
  68              	.L10:
  69 0062 B5FBF3F2 		udiv	r2, r5, r3
  70 0066 03FB1252 		mls	r2, r3, r2, r5
  71 006a 92B2     		uxth	r2, r2
  72 006c 002A     		cmp	r2, #0
  73 006e F4D1     		bne	.L8
  74 0070 B5FBF3F2 		udiv	r2, r5, r3
  75 0074 D2B2     		uxtb	r2, r2
  76 0076 A242     		cmp	r2, r4
  77 0078 EFD3     		bcc	.L8
  78 007a 9642     		cmp	r6, r2
  79 007c EDD3     		bcc	.L8
  80 007e 421C     		adds	r2, r0, #1
  81 0080 D2B2     		uxtb	r2, r2
  82 0082 30AF     		add	r7, sp, #192
  83 0084 07EB4000 		add	r0, r7, r0, lsl #1
  84 0088 20F8603C 		strh	r3, [r0, #-96]	@ movhi
  85 008c 1E2A     		cmp	r2, #30
  86 008e 1BD0     		beq	.L43
  87 0090 1046     		mov	r0, r2
  88 0092 E2E7     		b	.L8
  89              	.L55:
  90 0094 0028     		cmp	r0, #0
  91 0096 00F0C181 		beq	.L32
  92              	.L9:
  93 009a 83B2     		uxth	r3, r0
  94 009c 059A     		ldr	r2, [sp, #20]
  95 009e 9246     		mov	r10, r2
  96 00a0 92F800B0 		ldrb	fp, [r2]	@ zero_extendqisi2
  97 00a4 BDF89C20 		ldrh	r2, [sp, #156]
  98 00a8 0892     		str	r2, [sp, #32]
  99 00aa 9DF89E20 		ldrb	r2, [sp, #158]	@ zero_extendqisi2
 100 00ae 0792     		str	r2, [sp, #28]
 101 00b0 9DF89F20 		ldrb	r2, [sp, #159]	@ zero_extendqisi2
 102 00b4 0B92     		str	r2, [sp, #44]
 103 00b6 0026     		movs	r6, #0
 104 00b8 0996     		str	r6, [sp, #36]
 105 00ba 0A96     		str	r6, [sp, #40]
 106 00bc 0696     		str	r6, [sp, #24]
 107 00be 0122     		movs	r2, #1
 108 00c0 0D92     		str	r2, [sp, #52]
 109 00c2 9846     		mov	r8, r3
 110 00c4 0395     		str	r5, [sp, #12]
 111 00c6 8FE0     		b	.L27
 112              	.L43:
 113 00c8 1046     		mov	r0, r2
 114 00ca E6E7     		b	.L9
 115              	.L56:
 116 00cc B8EEC87A 		vcvt.f32.s32	s14, s16
 117 00d0 68EEA97A 		vmul.f32	s15, s17, s19
 118 00d4 77EE877A 		vadd.f32	s15, s15, s14
 119 00d8 F7EE006A 		vmov.f32	s13, #1.0e+0
 120 00dc 77EEE67A 		vsub.f32	s15, s15, s13
 121 00e0 C7EE876A 		vdiv.f32	s13, s15, s14
 122 00e4 FCEEE67A 		vcvt.u32.f32	s15, s13
 123 00e8 CDED017A 		vstr.32	s15, [sp, #4]	@ int
 124 00ec 9DF80430 		ldrb	r3, [sp, #4]	@ zero_extendqisi2
 125 00f0 95E0     		b	.L12
 126              	.L57:
 127 00f2 029B     		ldr	r3, [sp, #8]
 128 00f4 93F90C00 		ldrsb	r0, [r3, #12]
 129 00f8 ADE0     		b	.L15
 130              	.L16:
 131 00fa A742     		cmp	r7, r4
 132 00fc 80F0CE80 		bcs	.L17
 133 0100 E21B     		subs	r2, r4, r7
 134 0102 D2B2     		uxtb	r2, r2
 135 0104 03EB020C 		add	ip, r3, r2
 136 0108 8C45     		cmp	ip, r1
 137 010a 80F2C780 		bge	.L17
 138 010e 5FFA8CF3 		uxtb	r3, ip
 139 0112 3C46     		mov	r4, r7
 140 0114 C2E0     		b	.L17
 141              	.L58:
 142 0116 0246     		mov	r2, r0
 143 0118 1028     		cmp	r0, #16
 144 011a 28BF     		it	cs
 145 011c 1022     		movcs	r2, #16
 146 011e 9A42     		cmp	r2, r3
 147 0120 28BF     		it	cs
 148 0122 1A46     		movcs	r2, r3
 149 0124 C5E0     		b	.L19
 150              	.L20:
 151 0126 0199     		ldr	r1, [sp, #4]
 152 0128 0D46     		mov	r5, r1
 153 012a 0F9F     		ldr	r7, [sp, #60]
 154 012c B942     		cmp	r1, r7
 155 012e A8BF     		it	ge
 156 0130 3D46     		movge	r5, r7
 157 0132 0F9F     		ldr	r7, [sp, #60]
 158 0134 B942     		cmp	r1, r7
 159 0136 ACBF     		ite	ge
 160 0138 C5EB0105 		rsbge	r5, r5, r1
 161 013c C5EB0705 		rsblt	r5, r5, r7
 162 0140 EDB2     		uxtb	r5, r5
 163 0142 0195     		str	r5, [sp, #4]
 164 0144 9DF85470 		ldrb	r7, [sp, #84]	@ zero_extendqisi2
 165 0148 0D46     		mov	r5, r1
 166 014a B942     		cmp	r1, r7
 167 014c A8BF     		it	ge
 168 014e 3946     		movge	r1, r7
 169 0150 1591     		str	r1, [sp, #84]
 170 0152 2946     		mov	r1, r5
 171 0154 159D     		ldr	r5, [sp, #84]
 172 0156 B942     		cmp	r1, r7
 173 0158 ACBF     		ite	ge
 174 015a C5EB0105 		rsbge	r5, r5, r1
 175 015e C5EB0705 		rsblt	r5, r5, r7
 176 0162 E9B2     		uxtb	r1, r5
 177 0164 019D     		ldr	r5, [sp, #4]
 178 0166 8D42     		cmp	r5, r1
 179 0168 2ED8     		bhi	.L44
 180 016a 37D1     		bne	.L13
 181 016c 0E99     		ldr	r1, [sp, #56]
 182 016e 8C45     		cmp	ip, r1
 183 0170 34D9     		bls	.L13
 184 0172 CDF83CE0 		str	lr, [sp, #60]
 185 0176 CDF838C0 		str	ip, [sp, #56]
 186 017a 1490     		str	r0, [sp, #80]
 187 017c 1393     		str	r3, [sp, #76]
 188 017e 1294     		str	r4, [sp, #72]
 189 0180 1192     		str	r2, [sp, #68]
 190 0182 8DED108A 		vstr.32	s16, [sp, #64]	@ int
 191 0186 29E0     		b	.L13
 192              	.L22:
 193 0188 019D     		ldr	r5, [sp, #4]
 194 018a 8D42     		cmp	r5, r1
 195 018c 06D8     		bhi	.L25
 196 018e 40F03481 		bne	.L24
 197 0192 BDF8A210 		ldrh	r1, [sp, #162]
 198 0196 6145     		cmp	r1, ip
 199 0198 80F02F81 		bcs	.L24
 200              	.L25:
 201 019c 8DF8A030 		strb	r3, [sp, #160]
 202 01a0 8DF8A100 		strb	r0, [sp, #161]
 203 01a4 ADF8A2C0 		strh	ip, [sp, #162]	@ movhi
 204 01a8 8DF8A4E0 		strb	lr, [sp, #164]
 205 01ac 0B94     		str	r4, [sp, #44]
 206 01ae 0792     		str	r2, [sp, #28]
 207 01b0 8DED088A 		vstr.32	s16, [sp, #32]	@ int
 208 01b4 0123     		movs	r3, #1
 209 01b6 0993     		str	r3, [sp, #36]
 210 01b8 0D9B     		ldr	r3, [sp, #52]
 211 01ba 0A93     		str	r3, [sp, #40]
 212 01bc 0693     		str	r3, [sp, #24]
 213 01be 1CE1     		b	.L24
 214              	.L67:
 215              		.align	2
 216              	.L66:
 217 01c0 301B0F00 		.word	990000
 218 01c4 00000000 		.word	.LANCHOR0
 219              	.L44:
 220 01c8 CDF83CE0 		str	lr, [sp, #60]
 221 01cc CDF838C0 		str	ip, [sp, #56]
 222 01d0 1490     		str	r0, [sp, #80]
 223 01d2 1393     		str	r3, [sp, #76]
 224 01d4 1294     		str	r4, [sp, #72]
 225 01d6 1192     		str	r2, [sp, #68]
 226 01d8 8DED108A 		vstr.32	s16, [sp, #64]	@ int
 227              	.L13:
 228 01dc 731C     		adds	r3, r6, #1
 229 01de 9BB2     		uxth	r3, r3
 230 01e0 4345     		cmp	r3, r8
 231 01e2 80F04B81 		bcs	.L26
 232              	.L37:
 233 01e6 0136     		adds	r6, r6, #1
 234              	.L27:
 235 01e8 18AB     		add	r3, sp, #96
 236 01ea 33F81630 		ldrh	r3, [r3, r6, lsl #1]
 237 01ee 08EE103A 		vmov	s16, r3	@ int
 238 01f2 B9F1000F 		cmp	r9, #0
 239 01f6 3FF469AF 		beq	.L56
 240 01fa B8EEC87A 		vcvt.f32.s32	s14, s16
 241 01fe 68EE897A 		vmul.f32	s15, s17, s18
 242 0202 77EE877A 		vadd.f32	s15, s15, s14
 243 0206 F7EE006A 		vmov.f32	s13, #1.0e+0
 244 020a 77EEE67A 		vsub.f32	s15, s15, s13
 245 020e C7EE876A 		vdiv.f32	s13, s15, s14
 246 0212 FCEEE67A 		vcvt.u32.f32	s15, s13
 247 0216 CDED017A 		vstr.32	s15, [sp, #4]	@ int
 248 021a 9DF80430 		ldrb	r3, [sp, #4]	@ zero_extendqisi2
 249              	.L12:
 250 021e 9B45     		cmp	fp, r3
 251 0220 DCD8     		bhi	.L13
 252 0222 9AF80170 		ldrb	r7, [r10, #1]	@ zero_extendqisi2
 253 0226 9F42     		cmp	r7, r3
 254 0228 D8D3     		bcc	.L13
 255 022a 039A     		ldr	r2, [sp, #12]
 256 022c 18EE101A 		vmov	r1, s16	@ int
 257 0230 B2FBF1F5 		udiv	r5, r2, r1
 258 0234 EDB2     		uxtb	r5, r5
 259 0236 6C1E     		subs	r4, r5, #1
 260 0238 E41A     		subs	r4, r4, r3
 261 023a E2B2     		uxtb	r2, r4
 262 023c 9C1E     		subs	r4, r3, #2
 263 023e 022A     		cmp	r2, #2
 264 0240 94BF     		ite	ls
 265 0242 A418     		addls	r4, r4, r2
 266 0244 0234     		addhi	r4, r4, #2
 267 0246 E4B2     		uxtb	r4, r4
 268 0248 B9F1000F 		cmp	r9, #0
 269 024c 3FF451AF 		beq	.L57
 270 0250 029B     		ldr	r3, [sp, #8]
 271 0252 93F90D00 		ldrsb	r0, [r3, #13]
 272              	.L15:
 273 0256 0190     		str	r0, [sp, #4]
 274 0258 00FB05F0 		mul	r0, r0, r5
 275 025c FFF7FEFF 		bl	__aeabi_i2d
 276 0260 0022     		movs	r2, #0
 277 0262 C44B     		ldr	r3, .L68
 278 0264 FFF7FEFF 		bl	__aeabi_ddiv
 279 0268 0022     		movs	r2, #0
 280 026a C34B     		ldr	r3, .L68+4
 281 026c FFF7FEFF 		bl	__aeabi_dadd
 282 0270 FFF7FEFF 		bl	__aeabi_d2uiz
 283 0274 C0B2     		uxtb	r0, r0
 284 0276 E343     		mvns	r3, r4
 285 0278 0344     		add	r3, r3, r0
 286 027a DBB2     		uxtb	r3, r3
 287 027c 281A     		subs	r0, r5, r0
 288 027e C0B2     		uxtb	r0, r0
 289 0280 9AF80310 		ldrb	r1, [r10, #3]	@ zero_extendqisi2
 290 0284 8B42     		cmp	r3, r1
 291 0286 7FF638AF 		bls	.L16
 292 028a 5A1A     		subs	r2, r3, r1
 293 028c D2B2     		uxtb	r2, r2
 294 028e 04EB020C 		add	ip, r4, r2
 295 0292 BC45     		cmp	ip, r7
 296 0294 02DA     		bge	.L17
 297 0296 5FFA8CF4 		uxtb	r4, ip
 298 029a 0B46     		mov	r3, r1
 299              	.L17:
 300 029c B9F1000F 		cmp	r9, #0
 301 02a0 3FF439AF 		beq	.L58
 302 02a4 0246     		mov	r2, r0
 303 02a6 0428     		cmp	r0, #4
 304 02a8 28BF     		it	cs
 305 02aa 0422     		movcs	r2, #4
 306 02ac 9A42     		cmp	r2, r3
 307 02ae 28BF     		it	cs
 308 02b0 1A46     		movcs	r2, r3
 309              	.L19:
 310 02b2 A345     		cmp	fp, r4
 311 02b4 92D8     		bhi	.L13
 312 02b6 A742     		cmp	r7, r4
 313 02b8 90D3     		bcc	.L13
 314 02ba 9AF80270 		ldrb	r7, [r10, #2]	@ zero_extendqisi2
 315 02be 9F42     		cmp	r7, r3
 316 02c0 8CD8     		bhi	.L13
 317 02c2 9942     		cmp	r1, r3
 318 02c4 8AD3     		bcc	.L13
 319 02c6 9AF80410 		ldrb	r1, [r10, #4]	@ zero_extendqisi2
 320 02ca 8142     		cmp	r1, r0
 321 02cc 86D8     		bhi	.L13
 322 02ce 9AF80510 		ldrb	r1, [r10, #5]	@ zero_extendqisi2
 323 02d2 8142     		cmp	r1, r0
 324 02d4 82D3     		bcc	.L13
 325 02d6 9AF80610 		ldrb	r1, [r10, #6]	@ zero_extendqisi2
 326 02da 9142     		cmp	r1, r2
 327 02dc 3FF67EAF 		bhi	.L13
 328 02e0 9AF80710 		ldrb	r1, [r10, #7]	@ zero_extendqisi2
 329 02e4 9142     		cmp	r1, r2
 330 02e6 FFF479AF 		bcc	.L13
 331 02ea BAF80810 		ldrh	r1, [r10, #8]
 332 02ee 18EE107A 		vmov	r7, s16	@ int
 333 02f2 B942     		cmp	r1, r7
 334 02f4 3FF672AF 		bhi	.L13
 335 02f8 BAF80A10 		ldrh	r1, [r10, #10]
 336 02fc B942     		cmp	r1, r7
 337 02fe FFF46DAF 		bcc	.L13
 338 0302 E118     		adds	r1, r4, r3
 339 0304 0144     		add	r1, r1, r0
 340 0306 0131     		adds	r1, r1, #1
 341 0308 8D42     		cmp	r5, r1
 342 030a 7FF467AF 		bne	.L13
 343 030e 0746     		mov	r7, r0
 344 0310 9842     		cmp	r0, r3
 345 0312 28BF     		it	cs
 346 0314 1F46     		movcs	r7, r3
 347 0316 9949     		ldr	r1, .L68+8
 348 0318 01FB07F7 		mul	r7, r1, r7
 349 031c 05EB4501 		add	r1, r5, r5, lsl #1
 350 0320 05EB8101 		add	r1, r5, r1, lsl #2
 351 0324 091A     		subs	r1, r1, r0
 352 0326 4900     		lsls	r1, r1, #1
 353 0328 B7FBF1F7 		udiv	r7, r7, r1
 354 032c 9349     		ldr	r1, .L68+8
 355 032e 01FB02F1 		mul	r1, r1, r2
 356 0332 05EB850C 		add	ip, r5, r5, lsl #2
 357 0336 4FEA8C0C 		lsl	ip, ip, #2
 358 033a B1FBFCF1 		udiv	r1, r1, ip
 359 033e BFB2     		uxth	r7, r7
 360 0340 1FFA81FC 		uxth	ip, r1
 361 0344 BC45     		cmp	ip, r7
 362 0346 28BF     		it	cs
 363 0348 BC46     		movcs	ip, r7
 364 034a E118     		adds	r1, r4, r3
 365 034c 6427     		movs	r7, #100
 366 034e 01FB0777 		mla	r7, r1, r7, r7
 367 0352 B7FBF5F1 		udiv	r1, r7, r5
 368 0356 1591     		str	r1, [sp, #84]
 369 0358 5FFA81FE 		uxtb	lr, r1
 370 035c B9F1000F 		cmp	r9, #0
 371 0360 3FF4E1AE 		beq	.L20
 372 0364 B9F1010F 		cmp	r9, #1
 373 0368 7FF438AF 		bne	.L13
 374 036c 9DF8A410 		ldrb	r1, [sp, #164]	@ zero_extendqisi2
 375 0370 1691     		str	r1, [sp, #88]
 376 0372 019F     		ldr	r7, [sp, #4]
 377 0374 3946     		mov	r1, r7
 378 0376 169D     		ldr	r5, [sp, #88]
 379 0378 AF42     		cmp	r7, r5
 380 037a A8BF     		it	ge
 381 037c 2946     		movge	r1, r5
 382 037e 0D46     		mov	r5, r1
 383 0380 1797     		str	r7, [sp, #92]
 384 0382 3946     		mov	r1, r7
 385 0384 169F     		ldr	r7, [sp, #88]
 386 0386 B942     		cmp	r1, r7
 387 0388 ACBF     		ite	ge
 388 038a C5EB0105 		rsbge	r5, r5, r1
 389 038e C5EB0705 		rsblt	r5, r5, r7
 390 0392 E9B2     		uxtb	r1, r5
 391 0394 0191     		str	r1, [sp, #4]
 392 0396 9DF85410 		ldrb	r1, [sp, #84]	@ zero_extendqisi2
 393 039a 179F     		ldr	r7, [sp, #92]
 394 039c 3D46     		mov	r5, r7
 395 039e 8F42     		cmp	r7, r1
 396 03a0 A8BF     		it	ge
 397 03a2 0D46     		movge	r5, r1
 398 03a4 8F42     		cmp	r7, r1
 399 03a6 ACBF     		ite	ge
 400 03a8 C5EB0701 		rsbge	r1, r5, r7
 401 03ac C5EB0101 		rsblt	r1, r5, r1
 402 03b0 C9B2     		uxtb	r1, r1
 403 03b2 1AEE105A 		vmov	r5, s20	@ int
 404 03b6 724F     		ldr	r7, .L68+12
 405 03b8 BD42     		cmp	r5, r7
 406 03ba 7FF6E5AE 		bls	.L22
 407 03be 9DF8A070 		ldrb	r7, [sp, #160]	@ zero_extendqisi2
 408 03c2 9DF8A150 		ldrb	r5, [sp, #161]	@ zero_extendqisi2
 409 03c6 3D44     		add	r5, r5, r7
 410 03c8 C718     		adds	r7, r0, r3
 411 03ca EDB2     		uxtb	r5, r5
 412 03cc FFB2     		uxtb	r7, r7
 413 03ce BD42     		cmp	r5, r7
 414 03d0 02D3     		bcc	.L23
 415 03d2 019D     		ldr	r5, [sp, #4]
 416 03d4 8D42     		cmp	r5, r1
 417 03d6 10D9     		bls	.L24
 418              	.L23:
 419 03d8 8DF8A030 		strb	r3, [sp, #160]
 420 03dc 8DF8A100 		strb	r0, [sp, #161]
 421 03e0 ADF8A2C0 		strh	ip, [sp, #162]	@ movhi
 422 03e4 8DF8A4E0 		strb	lr, [sp, #164]
 423 03e8 0B94     		str	r4, [sp, #44]
 424 03ea 0792     		str	r2, [sp, #28]
 425 03ec 8DED088A 		vstr.32	s16, [sp, #32]	@ int
 426 03f0 0123     		movs	r3, #1
 427 03f2 0993     		str	r3, [sp, #36]
 428 03f4 0D9B     		ldr	r3, [sp, #52]
 429 03f6 0A93     		str	r3, [sp, #40]
 430 03f8 0693     		str	r3, [sp, #24]
 431              	.L24:
 432 03fa 731C     		adds	r3, r6, #1
 433 03fc 9BB2     		uxth	r3, r3
 434 03fe 4345     		cmp	r3, r8
 435 0400 FFF4F1AE 		bcc	.L37
 436 0404 069B     		ldr	r3, [sp, #24]
 437 0406 002B     		cmp	r3, #0
 438 0408 40F0A780 		bne	.L59
 439              	.L34:
 440 040c 0A9B     		ldr	r3, [sp, #40]
 441 040e 002B     		cmp	r3, #0
 442 0410 40F0A780 		bne	.L60
 443              	.L35:
 444 0414 099B     		ldr	r3, [sp, #36]
 445 0416 002B     		cmp	r3, #0
 446 0418 40F0A780 		bne	.L61
 447              	.L32:
 448 041c 0E9A     		ldr	r2, [sp, #56]
 449 041e 002A     		cmp	r2, #0
 450 0420 00F08F80 		beq	.L45
 451 0424 0F99     		ldr	r1, [sp, #60]
 452 0426 0029     		cmp	r1, #0
 453 0428 00F08E80 		beq	.L46
 454 042c 1AEE103A 		vmov	r3, s20	@ int
 455 0430 002B     		cmp	r3, #0
 456 0432 64D0     		beq	.L33
 457 0434 BDF8A230 		ldrh	r3, [sp, #162]
 458 0438 002B     		cmp	r3, #0
 459 043a 00F08880 		beq	.L47
 460 043e 9DF8A430 		ldrb	r3, [sp, #164]	@ zero_extendqisi2
 461 0442 002B     		cmp	r3, #0
 462 0444 00F08680 		beq	.L48
 463 0448 029B     		ldr	r3, [sp, #8]
 464 044a 1C46     		mov	r4, r3
 465 044c 1098     		ldr	r0, [sp, #64]
 466 044e D881     		strh	r0, [r3, #14]	@ unaligned
 467 0450 1198     		ldr	r0, [sp, #68]
 468 0452 1874     		strb	r0, [r3, #16]
 469 0454 1298     		ldr	r0, [sp, #72]
 470 0456 5874     		strb	r0, [r3, #17]
 471 0458 1398     		ldr	r0, [sp, #76]
 472 045a 9874     		strb	r0, [r3, #18]
 473 045c 1498     		ldr	r0, [sp, #80]
 474 045e D874     		strb	r0, [r3, #19]
 475 0460 9A82     		strh	r2, [r3, #20]	@ unaligned
 476 0462 9975     		strb	r1, [r3, #22]
 477 0464 03F11702 		add	r2, r3, #23
 478 0468 27AB     		add	r3, sp, #156
 479 046a 03CB     		ldmia	r3!, {r0, r1}
 480 046c C4F81700 		str	r0, [r4, #23]	@ unaligned
 481 0470 5160     		str	r1, [r2, #4]	@ unaligned
 482 0472 1B78     		ldrb	r3, [r3]	@ zero_extendqisi2
 483 0474 1372     		strb	r3, [r2, #8]
 484 0476 9FED43AA 		vldr.32	s20, .L68+16	@ int
 485 047a 58E0     		b	.L1
 486              	.L26:
 487 047c 069B     		ldr	r3, [sp, #24]
 488 047e 002B     		cmp	r3, #0
 489 0480 31D1     		bne	.L62
 490              	.L28:
 491 0482 0A9B     		ldr	r3, [sp, #40]
 492 0484 002B     		cmp	r3, #0
 493 0486 32D1     		bne	.L63
 494              	.L29:
 495 0488 099B     		ldr	r3, [sp, #36]
 496 048a 002B     		cmp	r3, #0
 497 048c 33D1     		bne	.L64
 498              	.L30:
 499 048e 049B     		ldr	r3, [sp, #16]
 500 0490 0133     		adds	r3, r3, #1
 501 0492 0493     		str	r3, [sp, #16]
 502 0494 059A     		ldr	r2, [sp, #20]
 503 0496 0C32     		adds	r2, r2, #12
 504 0498 0592     		str	r2, [sp, #20]
 505 049a DBB2     		uxtb	r3, r3
 506 049c 0C9A     		ldr	r2, [sp, #48]
 507 049e 9A42     		cmp	r2, r3
 508 04a0 BCD9     		bls	.L32
 509              	.L31:
 510 04a2 049B     		ldr	r3, [sp, #16]
 511 04a4 13F0FF09 		ands	r9, r3, #255
 512 04a8 70D0     		beq	.L65
 513 04aa 029B     		ldr	r3, [sp, #8]
 514 04ac 1B68     		ldr	r3, [r3]	@ unaligned
 515 04ae 08EE903A 		vmov	s17, r3	@ int
 516 04b2 F8EE688A 		vcvt.f32.u32	s17, s17
 517 04b6 B8EE4A7A 		vcvt.f32.u32	s14, s20
 518 04ba C8EE877A 		vdiv.f32	s15, s17, s14
 519 04be B6EE007A 		vmov.f32	s14, #5.0e-1
 520 04c2 77EE877A 		vadd.f32	s15, s15, s14
 521 04c6 FCEEE77A 		vcvt.u32.f32	s15, s15
 522 04ca 17EE903A 		vmov	r3, s15	@ int
 523 04ce 9DB2     		uxth	r5, r3
 524 04d0 0524     		movs	r4, #5
 525 04d2 3026     		movs	r6, #48
 526              	.L39:
 527 04d4 95FBF6F2 		sdiv	r2, r5, r6
 528 04d8 93B2     		uxth	r3, r2
 529 04da 95FBF4F1 		sdiv	r1, r5, r4
 530 04de 8A42     		cmp	r2, r1
 531 04e0 9CDC     		bgt	.L32
 532 04e2 0020     		movs	r0, #0
 533 04e4 BDE5     		b	.L10
 534              	.L62:
 535 04e6 089B     		ldr	r3, [sp, #32]
 536 04e8 ADF89C30 		strh	r3, [sp, #156]	@ movhi
 537 04ec C9E7     		b	.L28
 538              	.L63:
 539 04ee 079B     		ldr	r3, [sp, #28]
 540 04f0 8DF89E30 		strb	r3, [sp, #158]
 541 04f4 C8E7     		b	.L29
 542              	.L64:
 543 04f6 0B9B     		ldr	r3, [sp, #44]
 544 04f8 8DF89F30 		strb	r3, [sp, #159]
 545 04fc C7E7     		b	.L30
 546              	.L33:
 547 04fe 029A     		ldr	r2, [sp, #8]
 548 0500 1099     		ldr	r1, [sp, #64]
 549 0502 D181     		strh	r1, [r2, #14]	@ unaligned
 550 0504 1199     		ldr	r1, [sp, #68]
 551 0506 1174     		strb	r1, [r2, #16]
 552 0508 1299     		ldr	r1, [sp, #72]
 553 050a 5174     		strb	r1, [r2, #17]
 554 050c 1399     		ldr	r1, [sp, #76]
 555 050e 9174     		strb	r1, [r2, #18]
 556 0510 1499     		ldr	r1, [sp, #80]
 557 0512 D174     		strb	r1, [r2, #19]
 558 0514 0E99     		ldr	r1, [sp, #56]
 559 0516 9182     		strh	r1, [r2, #20]	@ unaligned
 560 0518 0F99     		ldr	r1, [sp, #60]
 561 051a 9175     		strb	r1, [r2, #22]
 562 051c 0023     		movs	r3, #0
 563 051e C2F81730 		str	r3, [r2, #23]	@ unaligned
 564 0522 C2F81B30 		str	r3, [r2, #27]	@ unaligned
 565 0526 D377     		strb	r3, [r2, #31]
 566 0528 01E0     		b	.L1
 567              	.L41:
 568 052a 9FED17AA 		vldr.32	s20, .L68+20	@ int
 569              	.L1:
 570 052e 1AEE100A 		vmov	r0, s20	@ int
 571 0532 31B0     		add	sp, sp, #196
 572              		@ sp needed
 573 0534 BDEC068B 		vldm	sp!, {d8-d10}
 574 0538 BDE8F08F 		pop	{r4, r5, r6, r7, r8, r9, r10, fp, pc}
 575              	.L42:
 576 053c 9FED12AA 		vldr.32	s20, .L68+20	@ int
 577 0540 F5E7     		b	.L1
 578              	.L45:
 579 0542 9FED10AA 		vldr.32	s20, .L68+16	@ int
 580 0546 F2E7     		b	.L1
 581              	.L46:
 582 0548 9FED0EAA 		vldr.32	s20, .L68+16	@ int
 583 054c EFE7     		b	.L1
 584              	.L47:
 585 054e 9FED0DAA 		vldr.32	s20, .L68+16	@ int
 586 0552 ECE7     		b	.L1
 587              	.L48:
 588 0554 9FED0BAA 		vldr.32	s20, .L68+16	@ int
 589 0558 E9E7     		b	.L1
 590              	.L59:
 591 055a 089B     		ldr	r3, [sp, #32]
 592 055c ADF89C30 		strh	r3, [sp, #156]	@ movhi
 593 0560 54E7     		b	.L34
 594              	.L60:
 595 0562 079B     		ldr	r3, [sp, #28]
 596 0564 8DF89E30 		strb	r3, [sp, #158]
 597 0568 54E7     		b	.L35
 598              	.L61:
 599 056a 0B9B     		ldr	r3, [sp, #44]
 600 056c 8DF89F30 		strb	r3, [sp, #159]
 601 0570 54E7     		b	.L32
 602              	.L69:
 603 0572 00BF     		.align	2
 604              	.L68:
 605 0574 00005940 		.word	1079574528
 606 0578 0000E03F 		.word	1071644672
 607 057c A0860100 		.word	100000
 608 0580 40420F00 		.word	1000000
 609 0584 00000000 		.word	0
 610 0588 01000000 		.word	1
 611              	.L65:
 612 058c 029B     		ldr	r3, [sp, #8]
 613 058e 1B68     		ldr	r3, [r3]	@ unaligned
 614 0590 08EE903A 		vmov	s17, r3	@ int
 615 0594 F8EE688A 		vcvt.f32.u32	s17, s17
 616 0598 B8EE6A7A 		vcvt.f32.u32	s14, s21
 617 059c C8EE877A 		vdiv.f32	s15, s17, s14
 618 05a0 B6EE007A 		vmov.f32	s14, #5.0e-1
 619 05a4 77EE877A 		vadd.f32	s15, s15, s14
 620 05a8 FCEEE77A 		vcvt.u32.f32	s15, s15
 621 05ac 17EE903A 		vmov	r3, s15	@ int
 622 05b0 9DB2     		uxth	r5, r3
 623 05b2 0824     		movs	r4, #8
 624 05b4 8126     		movs	r6, #129
 625 05b6 8DE7     		b	.L39
 626              	.L3:
 627 05b8 2AAD     		add	r5, sp, #168
 628 05ba 0F4E     		ldr	r6, .L70
 629 05bc 0FCE     		ldmia	r6!, {r0, r1, r2, r3}
 630 05be 0FC5     		stmia	r5!, {r0, r1, r2, r3}
 631 05c0 96E80300 		ldm	r6, {r0, r1}
 632 05c4 85E80300 		stm	r5, {r0, r1}
 633 05c8 0023     		movs	r3, #0
 634 05ca 2793     		str	r3, [sp, #156]
 635 05cc 2893     		str	r3, [sp, #160]
 636 05ce 8DF8A430 		strb	r3, [sp, #164]
 637 05d2 0123     		movs	r3, #1
 638 05d4 0C93     		str	r3, [sp, #48]
 639              	.L40:
 640 05d6 0294     		str	r4, [sp, #8]
 641 05d8 2AAB     		add	r3, sp, #168
 642 05da 0593     		str	r3, [sp, #20]
 643 05dc 0023     		movs	r3, #0
 644 05de 0493     		str	r3, [sp, #16]
 645 05e0 0F93     		str	r3, [sp, #60]
 646 05e2 0E93     		str	r3, [sp, #56]
 647 05e4 1493     		str	r3, [sp, #80]
 648 05e6 1393     		str	r3, [sp, #76]
 649 05e8 1293     		str	r3, [sp, #72]
 650 05ea 1193     		str	r3, [sp, #68]
 651 05ec 1093     		str	r3, [sp, #64]
 652 05ee 9FED039A 		vldr.32	s18, .L70+4
 653 05f2 DFED039A 		vldr.32	s19, .L70+8
 654 05f6 54E7     		b	.L31
 655              	.L71:
 656              		.align	2
 657              	.L70:
 658 05f8 00000000 		.word	.LANCHOR0
 659 05fc B00F2134 		.word	874581936
 660 0600 77CCAB34 		.word	883674231
 662              		.section	.text.set_can_baudrate_timing,"ax",%progbits
 663              		.align	1
 664              		.global	set_can_baudrate_timing
 665              		.syntax unified
 666              		.thumb
 667              		.thumb_func
 668              		.fpu fpv4-sp-d16
 670              	set_can_baudrate_timing:
 671              		@ args = 0, pretend = 0, frame = 0
 672              		@ frame_needed = 0, uses_anonymous_args = 0
 673              		@ link register save eliminated.
 674 0000 0368     		ldr	r3, [r0]
 675 0002 2BB9     		cbnz	r3, .L73
 676 0004 4368     		ldr	r3, [r0, #4]
 677 0006 1BB9     		cbnz	r3, .L73
 678 0008 C368     		ldr	r3, [r0, #12]
 679 000a 0BB9     		cbnz	r3, .L73
 680 000c 0369     		ldr	r3, [r0, #16]
 681 000e C3B1     		cbz	r3, .L75
 682              	.L73:
 683 0010 10B4     		push	{r4}
 684 0012 CC78     		ldrb	r4, [r1, #3]	@ zero_extendqisi2
 685 0014 631E     		subs	r3, r4, #1
 686 0016 0360     		str	r3, [r0]
 687 0018 0B79     		ldrb	r3, [r1, #4]	@ zero_extendqisi2
 688 001a 013B     		subs	r3, r3, #1
 689 001c 4360     		str	r3, [r0, #4]
 690 001e 4B79     		ldrb	r3, [r1, #5]	@ zero_extendqisi2
 691 0020 013B     		subs	r3, r3, #1
 692 0022 8360     		str	r3, [r0, #8]
 693 0024 0B88     		ldrh	r3, [r1]	@ unaligned
 694 0026 013B     		subs	r3, r3, #1
 695 0028 C360     		str	r3, [r0, #12]
 696 002a 8B78     		ldrb	r3, [r1, #2]	@ zero_extendqisi2
 697 002c 013B     		subs	r3, r3, #1
 698 002e 0361     		str	r3, [r0, #16]
 699 0030 012A     		cmp	r2, #1
 700 0032 03D0     		beq	.L80
 701 0034 0020     		movs	r0, #0
 702              	.L72:
 703 0036 5DF8044B 		ldr	r4, [sp], #4
 704 003a 7047     		bx	lr
 705              	.L80:
 706 003c 0460     		str	r4, [r0]
 707 003e 0020     		movs	r0, #0
 708 0040 F9E7     		b	.L72
 709              	.L75:
 710 0042 0120     		movs	r0, #1
 711 0044 7047     		bx	lr
 713              		.section	.text.sfl_can_db_tables_convert_baud,"ax",%progbits
 714              		.align	1
 715              		.global	sfl_can_db_tables_convert_baud
 716              		.syntax unified
 717              		.thumb
 718              		.thumb_func
 719              		.fpu fpv4-sp-d16
 721              	sfl_can_db_tables_convert_baud:
 722              		@ args = 0, pretend = 0, frame = 0
 723              		@ frame_needed = 0, uses_anonymous_args = 0
 724              		@ link register save eliminated.
 725 0000 70B4     		push	{r4, r5, r6}
 726 0002 01F00101 		and	r1, r1, #1
 727 0006 0023     		movs	r3, #0
 728 0008 1D46     		mov	r5, r3
 729 000a 094E     		ldr	r6, .L87
 730 000c 7418     		adds	r4, r6, r1
 731 000e 02E0     		b	.L83
 732              	.L82:
 733 0010 0133     		adds	r3, r3, #1
 734 0012 0E2B     		cmp	r3, #14
 735 0014 09D0     		beq	.L86
 736              	.L83:
 737 0016 14F81320 		ldrb	r2, [r4, r3, lsl #1]	@ zero_extendqisi2
 738 001a 8242     		cmp	r2, r0
 739 001c F8D1     		bne	.L82
 740 001e 81F00102 		eor	r2, r1, #1
 741 0022 06EB4305 		add	r5, r6, r3, lsl #1
 742 0026 AD5C     		ldrb	r5, [r5, r2]	@ zero_extendqisi2
 743 0028 F2E7     		b	.L82
 744              	.L86:
 745 002a 2846     		mov	r0, r5
 746 002c 70BC     		pop	{r4, r5, r6}
 747 002e 7047     		bx	lr
 748              	.L88:
 749              		.align	2
 750              	.L87:
 751 0030 00000000 		.word	.LANCHOR1
 753              		.section	.text.sfl_can_db_tables_data_init_baudrate,"ax",%progbits
 754              		.align	1
 755              		.global	sfl_can_db_tables_data_init_baudrate
 756              		.syntax unified
 757              		.thumb
 758              		.thumb_func
 759              		.fpu fpv4-sp-d16
 761              	sfl_can_db_tables_data_init_baudrate:
 762              		@ args = 108, pretend = 16, frame = 0
 763              		@ frame_needed = 0, uses_anonymous_args = 0
 764 0000 84B0     		sub	sp, sp, #16
 765 0002 70B5     		push	{r4, r5, r6, lr}
 766 0004 04AC     		add	r4, sp, #16
 767 0006 84E80F00 		stm	r4, {r0, r1, r2, r3}
 768 000a 0023     		movs	r3, #0
 769 000c 8DF81C30 		strb	r3, [sp, #28]
 770 0010 8DF81D30 		strb	r3, [sp, #29]
 771 0014 9DF85430 		ldrb	r3, [sp, #84]	@ zero_extendqisi2
 772 0018 0593     		str	r3, [sp, #20]
 773 001a 9DF85530 		ldrb	r3, [sp, #85]	@ zero_extendqisi2
 774 001e 012B     		cmp	r3, #1
 775 0020 03D0     		beq	.L97
 776              	.L89:
 777 0022 BDE87040 		pop	{r4, r5, r6, lr}
 778 0026 04B0     		add	sp, sp, #16
 779 0028 7047     		bx	lr
 780              	.L97:
 781 002a 9DF86630 		ldrb	r3, [sp, #102]	@ zero_extendqisi2
 782 002e 0B93     		str	r3, [sp, #44]
 783 0030 9DF86730 		ldrb	r3, [sp, #103]	@ zero_extendqisi2
 784 0034 0C93     		str	r3, [sp, #48]
 785 0036 9DF86530 		ldrb	r3, [sp, #101]	@ zero_extendqisi2
 786 003a 0D93     		str	r3, [sp, #52]
 787 003c 9DF86930 		ldrb	r3, [sp, #105]	@ zero_extendqisi2
 788 0040 0A93     		str	r3, [sp, #40]
 789 0042 9DF86430 		ldrb	r3, [sp, #100]	@ zero_extendqisi2
 790 0046 0E93     		str	r3, [sp, #56]
 791 0048 9DF87B30 		ldrb	r3, [sp, #123]	@ zero_extendqisi2
 792 004c 012B     		cmp	r3, #1
 793 004e 24D0     		beq	.L98
 794 0050 0C24     		movs	r4, #12
 795 0052 8DF81C40 		strb	r4, [sp, #28]
 796 0056 9DF85700 		ldrb	r0, [sp, #87]	@ zero_extendqisi2
 797 005a 1A49     		ldr	r1, .L99
 798 005c 4B1C     		adds	r3, r1, #1
 799 005e 1D31     		adds	r1, r1, #29
 800 0060 0025     		movs	r5, #0
 801 0062 0126     		movs	r6, #1
 802              	.L94:
 803 0064 13F8012C 		ldrb	r2, [r3, #-1]	@ zero_extendqisi2
 804 0068 8242     		cmp	r2, r0
 805 006a 04BF     		itt	eq
 806 006c 1C78     		ldrbeq	r4, [r3]	@ zero_extendqisi2
 807 006e 3546     		moveq	r5, r6
 808 0070 0233     		adds	r3, r3, #2
 809 0072 8B42     		cmp	r3, r1
 810 0074 F6D1     		bne	.L94
 811 0076 0DB1     		cbz	r5, .L92
 812 0078 8DF81C40 		strb	r4, [sp, #28]
 813              	.L92:
 814 007c 9DF81C10 		ldrb	r1, [sp, #28]	@ zero_extendqisi2
 815 0080 04A8     		add	r0, sp, #16
 816 0082 FFF7FEFF 		bl	hal_can_set_baudrate
 817 0086 9DF81D10 		ldrb	r1, [sp, #29]	@ zero_extendqisi2
 818 008a 04A8     		add	r0, sp, #16
 819 008c FFF7FEFF 		bl	hal_can_set_fd_data_baudrate
 820 0090 15A9     		add	r1, sp, #84
 821 0092 04A8     		add	r0, sp, #16
 822 0094 FFF7FEFF 		bl	sfl_bl_protocol_s32k_configure_can_baudrate
 823 0098 C3E7     		b	.L89
 824              	.L98:
 825 009a 9DF87730 		ldrb	r3, [sp, #119]	@ zero_extendqisi2
 826 009e 1093     		str	r3, [sp, #64]
 827 00a0 9DF87830 		ldrb	r3, [sp, #120]	@ zero_extendqisi2
 828 00a4 1193     		str	r3, [sp, #68]
 829 00a6 9DF87630 		ldrb	r3, [sp, #118]	@ zero_extendqisi2
 830 00aa 1293     		str	r3, [sp, #72]
 831 00ac 9DF87A30 		ldrb	r3, [sp, #122]	@ zero_extendqisi2
 832 00b0 0F93     		str	r3, [sp, #60]
 833 00b2 9DF87530 		ldrb	r3, [sp, #117]	@ zero_extendqisi2
 834 00b6 1393     		str	r3, [sp, #76]
 835 00b8 0D23     		movs	r3, #13
 836 00ba 8DF81C30 		strb	r3, [sp, #28]
 837 00be 8DF81D30 		strb	r3, [sp, #29]
 838 00c2 DBE7     		b	.L92
 839              	.L100:
 840              		.align	2
 841              	.L99:
 842 00c4 00000000 		.word	.LANCHOR1
 844              		.section	.text.sfl_can_db_tables_data_init,"ax",%progbits
 845              		.align	1
 846              		.global	sfl_can_db_tables_data_init
 847              		.syntax unified
 848              		.thumb
 849              		.thumb_func
 850              		.fpu fpv4-sp-d16
 852              	sfl_can_db_tables_data_init:
 853              		@ args = 0, pretend = 0, frame = 0
 854              		@ frame_needed = 0, uses_anonymous_args = 0
 855              		@ link register save eliminated.
 856 0000 044B     		ldr	r3, .L102
 857 0002 0022     		movs	r2, #0
 858 0004 1A80     		strh	r2, [r3]	@ movhi
 859 0006 0221     		movs	r1, #2
 860 0008 9970     		strb	r1, [r3, #2]
 861 000a 9A80     		strh	r2, [r3, #4]	@ movhi
 862 000c 9A71     		strb	r2, [r3, #6]
 863 000e 1A81     		strh	r2, [r3, #8]	@ movhi
 864 0010 9A72     		strb	r2, [r3, #10]
 865 0012 7047     		bx	lr
 866              	.L103:
 867              		.align	2
 868              	.L102:
 869 0014 00000000 		.word	can_db
 871              		.section	.text.sfl_can_rx_int_enable,"ax",%progbits
 872              		.align	1
 873              		.global	sfl_can_rx_int_enable
 874              		.syntax unified
 875              		.thumb
 876              		.thumb_func
 877              		.fpu fpv4-sp-d16
 879              	sfl_can_rx_int_enable:
 880              		@ args = 0, pretend = 0, frame = 72
 881              		@ frame_needed = 0, uses_anonymous_args = 0
 882 0000 30B5     		push	{r4, r5, lr}
 883 0002 93B0     		sub	sp, sp, #76
 884 0004 0446     		mov	r4, r0
 885 0006 0D46     		mov	r5, r1
 886 0008 4822     		movs	r2, #72
 887 000a 0021     		movs	r1, #0
 888 000c 6846     		mov	r0, sp
 889 000e FFF7FEFF 		bl	memset
 890 0012 0648     		ldr	r0, .L106
 891 0014 2301     		lsls	r3, r4, #4
 892 0016 1A19     		adds	r2, r3, r4
 893 0018 00EB8202 		add	r2, r0, r2, lsl #2
 894 001c 9560     		str	r5, [r2, #8]
 895 001e 6946     		mov	r1, sp
 896 0020 1046     		mov	r0, r2
 897 0022 FFF7FEFF 		bl	hal_can_receive
 898 0026 13B0     		add	sp, sp, #76
 899              		@ sp needed
 900 0028 30BD     		pop	{r4, r5, pc}
 901              	.L107:
 902 002a 00BF     		.align	2
 903              	.L106:
 904 002c 00000000 		.word	can_handle
 906              		.section	.text.sfl_can_get_handle,"ax",%progbits
 907              		.align	1
 908              		.global	sfl_can_get_handle
 909              		.syntax unified
 910              		.thumb
 911              		.thumb_func
 912              		.fpu fpv4-sp-d16
 914              	sfl_can_get_handle:
 915              		@ args = 0, pretend = 0, frame = 0
 916              		@ frame_needed = 0, uses_anonymous_args = 0
 917 0000 0023     		movs	r3, #0
 918 0002 0B60     		str	r3, [r1]
 919 0004 0228     		cmp	r0, #2
 920 0006 0CD8     		bhi	.L111
 921 0008 10B5     		push	{r4, lr}
 922 000a 0C46     		mov	r4, r1
 923 000c 00EB0010 		add	r0, r0, r0, lsl #4
 924 0010 4422     		movs	r2, #68
 925 0012 0449     		ldr	r1, .L114
 926 0014 01EB8001 		add	r1, r1, r0, lsl #2
 927 0018 2046     		mov	r0, r4
 928 001a FFF7FEFF 		bl	memcpy
 929 001e 2460     		str	r4, [r4]
 930 0020 10BD     		pop	{r4, pc}
 931              	.L111:
 932 0022 7047     		bx	lr
 933              	.L115:
 934              		.align	2
 935              	.L114:
 936 0024 00000000 		.word	can_handle
 938              		.section	.text.sfl_can_db_fifo_init,"ax",%progbits
 939              		.align	1
 940              		.global	sfl_can_db_fifo_init
 941              		.syntax unified
 942              		.thumb
 943              		.thumb_func
 944              		.fpu fpv4-sp-d16
 946              	sfl_can_db_fifo_init:
 947              		@ args = 0, pretend = 0, frame = 0
 948              		@ frame_needed = 0, uses_anonymous_args = 0
 949 0000 10B5     		push	{r4, lr}
 950 0002 144C     		ldr	r4, .L122
 951 0004 2146     		mov	r1, r4
 952 0006 0020     		movs	r0, #0
 953 0008 FFF7FEFF 		bl	sfl_can_get_handle
 954 000c 124B     		ldr	r3, .L122+4
 955 000e 1A78     		ldrb	r2, [r3]	@ zero_extendqisi2
 956 0010 6260     		str	r2, [r4, #4]
 957 0012 5B78     		ldrb	r3, [r3, #1]	@ zero_extendqisi2
 958 0014 DBB2     		uxtb	r3, r3
 959 0016 012B     		cmp	r3, #1
 960 0018 0ED0     		beq	.L120
 961              	.L117:
 962 001a 104C     		ldr	r4, .L122+8
 963 001c 2146     		mov	r1, r4
 964 001e 0120     		movs	r0, #1
 965 0020 FFF7FEFF 		bl	sfl_can_get_handle
 966 0024 0C4B     		ldr	r3, .L122+4
 967 0026 93F82820 		ldrb	r2, [r3, #40]	@ zero_extendqisi2
 968 002a 6260     		str	r2, [r4, #4]
 969 002c 93F82930 		ldrb	r3, [r3, #41]	@ zero_extendqisi2
 970 0030 DBB2     		uxtb	r3, r3
 971 0032 012B     		cmp	r3, #1
 972 0034 07D0     		beq	.L121
 973              	.L116:
 974 0036 10BD     		pop	{r4, pc}
 975              	.L120:
 976 0038 0020     		movs	r0, #0
 977 003a FFF7FEFF 		bl	sfl_can_db_tx_fifo_init
 978 003e 0020     		movs	r0, #0
 979 0040 FFF7FEFF 		bl	sfl_can_db_rx_fifo_init
 980 0044 E9E7     		b	.L117
 981              	.L121:
 982 0046 0120     		movs	r0, #1
 983 0048 FFF7FEFF 		bl	sfl_can_db_tx_fifo_init
 984 004c 0120     		movs	r0, #1
 985 004e FFF7FEFF 		bl	sfl_can_db_rx_fifo_init
 986 0052 F0E7     		b	.L116
 987              	.L123:
 988              		.align	2
 989              	.L122:
 990 0054 00000000 		.word	can_handle
 991 0058 00000000 		.word	can_bus_db_const
 992 005c 44000000 		.word	can_handle+68
 994              		.section	.text.sfl_can_db_config_mb_set_filter_mask,"ax",%progbits
 995              		.align	1
 996              		.global	sfl_can_db_config_mb_set_filter_mask
 997              		.syntax unified
 998              		.thumb
 999              		.thumb_func
 1000              		.fpu fpv4-sp-d16
 1002              	sfl_can_db_config_mb_set_filter_mask:
 1003              		@ args = 0, pretend = 0, frame = 16
 1004              		@ frame_needed = 0, uses_anonymous_args = 0
 1005 0000 70B5     		push	{r4, r5, r6, lr}
 1006 0002 84B0     		sub	sp, sp, #16
 1007 0004 0546     		mov	r5, r0
 1008 0006 0E46     		mov	r6, r1
 1009 0008 1446     		mov	r4, r2
 1010 000a 0023     		movs	r3, #0
 1011 000c 0393     		str	r3, [sp, #12]
 1012 000e 1378     		ldrb	r3, [r2]	@ zero_extendqisi2
 1013 0010 022B     		cmp	r3, #2
 1014 0012 04D1     		bne	.L128
 1015              	.L125:
 1016 0014 6378     		ldrb	r3, [r4, #1]	@ zero_extendqisi2
 1017 0016 022B     		cmp	r3, #2
 1018 0018 0FD1     		bne	.L129
 1019              	.L124:
 1020 001a 04B0     		add	sp, sp, #16
 1021              		@ sp needed
 1022 001c 70BD     		pop	{r4, r5, r6, pc}
 1023              	.L128:
 1024 001e 0123     		movs	r3, #1
 1025 0020 8360     		str	r3, [r0, #8]
 1026 0022 1378     		ldrb	r3, [r2]	@ zero_extendqisi2
 1027 0024 8DF80C30 		strb	r3, [sp, #12]
 1028 0028 0B68     		ldr	r3, [r1]
 1029 002a 0193     		str	r3, [sp, #4]
 1030 002c 8B68     		ldr	r3, [r1, #8]
 1031 002e DB43     		mvns	r3, r3
 1032 0030 0293     		str	r3, [sp, #8]
 1033 0032 01A9     		add	r1, sp, #4
 1034 0034 FFF7FEFF 		bl	hal_can_set_filter
 1035 0038 ECE7     		b	.L125
 1036              	.L129:
 1037 003a 0223     		movs	r3, #2
 1038 003c AB60     		str	r3, [r5, #8]
 1039 003e 6378     		ldrb	r3, [r4, #1]	@ zero_extendqisi2
 1040 0040 8DF80C30 		strb	r3, [sp, #12]
 1041 0044 7368     		ldr	r3, [r6, #4]
 1042 0046 0193     		str	r3, [sp, #4]
 1043 0048 F368     		ldr	r3, [r6, #12]
 1044 004a DB43     		mvns	r3, r3
 1045 004c 0293     		str	r3, [sp, #8]
 1046 004e 01A9     		add	r1, sp, #4
 1047 0050 2846     		mov	r0, r5
 1048 0052 FFF7FEFF 		bl	hal_can_set_filter
 1049 0056 E0E7     		b	.L124
 1051              		.section	.text.sfl_can_db_init,"ax",%progbits
 1052              		.align	1
 1053              		.global	sfl_can_db_init
 1054              		.syntax unified
 1055              		.thumb
 1056              		.thumb_func
 1057              		.fpu fpv4-sp-d16
 1059              	sfl_can_db_init:
 1060              		@ args = 0, pretend = 0, frame = 16
 1061              		@ frame_needed = 0, uses_anonymous_args = 0
 1062 0000 2DE9F04F 		push	{r4, r5, r6, r7, r8, r9, r10, fp, lr}
 1063 0004 85B0     		sub	sp, sp, #20
 1064 0006 8346     		mov	fp, r0
 1065 0008 0024     		movs	r4, #0
 1066 000a ADF80C40 		strh	r4, [sp, #12]	@ movhi
 1067 000e 484D     		ldr	r5, .L147
 1068 0010 0746     		mov	r7, r0
 1069 0012 484E     		ldr	r6, .L147+4
 1070 0014 A046     		mov	r8, r4
 1071 0016 23E0     		b	.L142
 1072              	.L146:
 1073 0018 04EB8403 		add	r3, r4, r4, lsl #2
 1074 001c 06EBC303 		add	r3, r6, r3, lsl #3
 1075 0020 DB78     		ldrb	r3, [r3, #3]	@ zero_extendqisi2
 1076 0022 DBB2     		uxtb	r3, r3
 1077 0024 1E2B     		cmp	r3, #30
 1078 0026 36D9     		bls	.L132
 1079 0028 0123     		movs	r3, #1
 1080 002a 85F84030 		strb	r3, [r5, #64]
 1081 002e 32E0     		b	.L132
 1082              	.L133:
 1083 0030 C1F80480 		str	r8, [r1, #4]
 1084 0034 C1F80080 		str	r8, [r1]
 1085 0038 40F2FF73 		movw	r3, #2047
 1086 003c 8B60     		str	r3, [r1, #8]
 1087 003e 6FF06043 		mvn	r3, #-536870912
 1088 0042 CB60     		str	r3, [r1, #12]
 1089 0044 8DF80C80 		strb	r8, [sp, #12]
 1090 0048 0123     		movs	r3, #1
 1091 004a 8DF80D30 		strb	r3, [sp, #13]
 1092              	.L135:
 1093 004e 03AA     		add	r2, sp, #12
 1094 0050 0198     		ldr	r0, [sp, #4]
 1095 0052 FFF7FEFF 		bl	sfl_can_db_config_mb_set_filter_mask
 1096              	.L131:
 1097 0056 0134     		adds	r4, r4, #1
 1098 0058 4435     		adds	r5, r5, #68
 1099 005a 1437     		adds	r7, r7, #20
 1100 005c 022C     		cmp	r4, #2
 1101 005e 60D0     		beq	.L145
 1102              	.L142:
 1103 0060 A246     		mov	r10, r4
 1104 0062 04EB8402 		add	r2, r4, r4, lsl #2
 1105 0066 06EBC203 		add	r3, r6, r2, lsl #3
 1106 006a 16F83220 		ldrb	r2, [r6, r2, lsl #3]	@ zero_extendqisi2
 1107 006e 0195     		str	r5, [sp, #4]
 1108 0070 6A60     		str	r2, [r5, #4]
 1109 0072 9A78     		ldrb	r2, [r3, #2]	@ zero_extendqisi2
 1110 0074 85F84120 		strb	r2, [r5, #65]
 1111 0078 85F84080 		strb	r8, [r5, #64]
 1112 007c 5B78     		ldrb	r3, [r3, #1]	@ zero_extendqisi2
 1113 007e DBB2     		uxtb	r3, r3
 1114 0080 012B     		cmp	r3, #1
 1115 0082 E8D1     		bne	.L131
 1116 0084 04EB8403 		add	r3, r4, r4, lsl #2
 1117 0088 06EBC303 		add	r3, r6, r3, lsl #3
 1118 008c 93F82730 		ldrb	r3, [r3, #39]	@ zero_extendqisi2
 1119 0090 DBB2     		uxtb	r3, r3
 1120 0092 012B     		cmp	r3, #1
 1121 0094 C0D0     		beq	.L146
 1122              	.L132:
 1123 0096 4FEA8A09 		lsl	r9, r10, #2
 1124 009a 09EB0A03 		add	r3, r9, r10
 1125 009e 16F83310 		ldrb	r1, [r6, r3, lsl #3]	@ zero_extendqisi2
 1126 00a2 4246     		mov	r2, r8
 1127 00a4 0198     		ldr	r0, [sp, #4]
 1128 00a6 FFF7FEFF 		bl	hal_can_init
 1129 00aa 3946     		mov	r1, r7
 1130 00ac D144     		add	r9, r9, r10
 1131 00ae 06EBC909 		add	r9, r6, r9, lsl #3
 1132 00b2 99F80430 		ldrb	r3, [r9, #4]	@ zero_extendqisi2
 1133 00b6 DBB2     		uxtb	r3, r3
 1134 00b8 012B     		cmp	r3, #1
 1135 00ba B9D0     		beq	.L133
 1136 00bc BBF1000F 		cmp	fp, #0
 1137 00c0 B6D0     		beq	.L133
 1138 00c2 3B7C     		ldrb	r3, [r7, #16]	@ zero_extendqisi2
 1139 00c4 042B     		cmp	r3, #4
 1140 00c6 B3D0     		beq	.L133
 1141 00c8 032B     		cmp	r3, #3
 1142 00ca 1AD8     		bhi	.L136
 1143 00cc DFE803F0 		tbb	[pc, r3]
 1144              	.L138:
 1145 00d0 02       		.byte	(.L141-.L138)/2
 1146 00d1 07       		.byte	(.L140-.L138)/2
 1147 00d2 0D       		.byte	(.L139-.L138)/2
 1148 00d3 13       		.byte	(.L137-.L138)/2
 1149              		.p2align 1
 1150              	.L141:
 1151 00d4 8DF80C80 		strb	r8, [sp, #12]
 1152 00d8 8DF80D80 		strb	r8, [sp, #13]
 1153 00dc B7E7     		b	.L135
 1154              	.L140:
 1155 00de 8DF80C80 		strb	r8, [sp, #12]
 1156 00e2 0123     		movs	r3, #1
 1157 00e4 8DF80D30 		strb	r3, [sp, #13]
 1158 00e8 B1E7     		b	.L135
 1159              	.L139:
 1160 00ea 0123     		movs	r3, #1
 1161 00ec 8DF80C30 		strb	r3, [sp, #12]
 1162 00f0 8DF80D30 		strb	r3, [sp, #13]
 1163 00f4 ABE7     		b	.L135
 1164              	.L137:
 1165 00f6 0223     		movs	r3, #2
 1166 00f8 8DF80C30 		strb	r3, [sp, #12]
 1167 00fc 8DF80D30 		strb	r3, [sp, #13]
 1168 0100 A5E7     		b	.L135
 1169              	.L136:
 1170 0102 C7F80480 		str	r8, [r7, #4]
 1171 0106 C7F80080 		str	r8, [r7]
 1172 010a 40F2FF73 		movw	r3, #2047
 1173 010e BB60     		str	r3, [r7, #8]
 1174 0110 6FF06043 		mvn	r3, #-536870912
 1175 0114 FB60     		str	r3, [r7, #12]
 1176 0116 8DF80C80 		strb	r8, [sp, #12]
 1177 011a 0123     		movs	r3, #1
 1178 011c 8DF80D30 		strb	r3, [sp, #13]
 1179 0120 95E7     		b	.L135
 1180              	.L145:
 1181 0122 0621     		movs	r1, #6
 1182 0124 0020     		movs	r0, #0
 1183 0126 FFF7FEFF 		bl	sfl_bl_protocol_s32k_rx_tx_init
 1184 012a 05B0     		add	sp, sp, #20
 1185              		@ sp needed
 1186 012c BDE8F08F 		pop	{r4, r5, r6, r7, r8, r9, r10, fp, pc}
 1187              	.L148:
 1188              		.align	2
 1189              	.L147:
 1190 0130 00000000 		.word	can_handle
 1191 0134 00000000 		.word	can_bus_db_const
 1193              		.section	.text.sfl_can_db_get_fifo_size,"ax",%progbits
 1194              		.align	1
 1195              		.global	sfl_can_db_get_fifo_size
 1196              		.syntax unified
 1197              		.thumb
 1198              		.thumb_func
 1199              		.fpu fpv4-sp-d16
 1201              	sfl_can_db_get_fifo_size:
 1202              		@ args = 0, pretend = 0, frame = 8
 1203              		@ frame_needed = 0, uses_anonymous_args = 0
 1204              		@ link register save eliminated.
 1205 0000 82B0     		sub	sp, sp, #8
 1206 0002 0023     		movs	r3, #0
 1207 0004 ADF80430 		strh	r3, [sp, #4]	@ movhi
 1208 0008 0128     		cmp	r0, #1
 1209 000a 02D9     		bls	.L158
 1210 000c 0020     		movs	r0, #0
 1211              	.L150:
 1212 000e 02B0     		add	sp, sp, #8
 1213              		@ sp needed
 1214 0010 7047     		bx	lr
 1215              	.L158:
 1216 0012 0129     		cmp	r1, #1
 1217 0014 01D9     		bls	.L159
 1218 0016 0020     		movs	r0, #0
 1219 0018 F9E7     		b	.L150
 1220              	.L159:
 1221 001a 0128     		cmp	r0, #1
 1222 001c 0ED0     		beq	.L151
 1223 001e 43B2     		sxtb	r3, r0
 1224 0020 33B1     		cbz	r3, .L152
 1225 0022 0228     		cmp	r0, #2
 1226 0024 10D0     		beq	.L153
 1227              	.L154:
 1228 0026 02AB     		add	r3, sp, #8
 1229 0028 1944     		add	r1, r1, r3
 1230 002a 11F8040C 		ldrb	r0, [r1, #-4]	@ zero_extendqisi2
 1231 002e EEE7     		b	.L150
 1232              	.L152:
 1233 0030 1423     		movs	r3, #20
 1234 0032 8DF80430 		strb	r3, [sp, #4]
 1235 0036 8DF80530 		strb	r3, [sp, #5]
 1236 003a F4E7     		b	.L154
 1237              	.L151:
 1238 003c 1423     		movs	r3, #20
 1239 003e 8DF80430 		strb	r3, [sp, #4]
 1240 0042 8DF80530 		strb	r3, [sp, #5]
 1241 0046 EEE7     		b	.L154
 1242              	.L153:
 1243 0048 0523     		movs	r3, #5
 1244 004a 8DF80430 		strb	r3, [sp, #4]
 1245 004e 8DF80530 		strb	r3, [sp, #5]
 1246 0052 E8E7     		b	.L154
 1248              		.global	can_fifo_config_actual
 1249              		.global	can_fifo_config
 1250              		.comm	can_handle,204,4
 1251              		.global	fifo_rx_can2_config
 1252              		.global	fifo_rx_can1_config
 1253              		.global	fifo_rx_can0_config
 1254              		.global	fifo_tx_can2_config
 1255              		.global	fifo_tx_can1_config
 1256              		.global	fifo_tx_can0_config
 1257              		.global	fifo_msg_rx_can2
 1258              		.global	fifo_msg_rx_can1
 1259              		.global	fifo_msg_rx_can0
 1260              		.global	fifo_msg_tx_can2
 1261              		.global	fifo_msg_tx_can1
 1262              		.global	fifo_msg_tx_can0
 1263              		.global	ext_sfl_can_stop_gw_unknown_ids
 1264              		.global	can_block_db_ram
 1265              		.comm	can_db,120,4
 1266              		.section	.rodata
 1267              		.align	2
 1268              		.set	.LANCHOR0,. + 0
 1269              	.LC0:
 1270 0000 01       		.byte	1
 1271 0001 40       		.byte	64
 1272 0002 01       		.byte	1
 1273 0003 20       		.byte	32
 1274 0004 01       		.byte	1
 1275 0005 20       		.byte	32
 1276 0006 01       		.byte	1
 1277 0007 20       		.byte	32
 1278 0008 0100     		.short	1
 1279 000a 0004     		.short	1024
 1280 000c 00       		.byte	0
 1281 000d 1F       		.byte	31
 1282 000e 01       		.byte	1
 1283 000f 08       		.byte	8
 1284 0010 01       		.byte	1
 1285 0011 08       		.byte	8
 1286 0012 01       		.byte	1
 1287 0013 08       		.byte	8
 1288 0014 0100     		.short	1
 1289 0016 0004     		.short	1024
 1290              		.section	.bss.ext_sfl_can_stop_gw_unknown_ids,"aw",%nobits
 1291              		.align	2
 1294              	ext_sfl_can_stop_gw_unknown_ids:
 1295 0000 0000     		.space	2
 1296              		.section	.bss_mrs,"aw"
 1297              		.align	2
 1300              	fifo_rx_can2_config:
 1301 0000 00000000 		.space	24
 1301      00000000 
 1301      00000000 
 1301      00000000 
 1301      00000000 
 1304              	fifo_rx_can1_config:
 1305 0018 00000000 		.space	24
 1305      00000000 
 1305      00000000 
 1305      00000000 
 1305      00000000 
 1308              	fifo_rx_can0_config:
 1309 0030 00000000 		.space	24
 1309      00000000 
 1309      00000000 
 1309      00000000 
 1309      00000000 
 1312              	fifo_tx_can2_config:
 1313 0048 00000000 		.space	24
 1313      00000000 
 1313      00000000 
 1313      00000000 
 1313      00000000 
 1316              	fifo_tx_can1_config:
 1317 0060 00000000 		.space	24
 1317      00000000 
 1317      00000000 
 1317      00000000 
 1317      00000000 
 1320              	fifo_tx_can0_config:
 1321 0078 00000000 		.space	24
 1321      00000000 
 1321      00000000 
 1321      00000000 
 1321      00000000 
 1324              	fifo_msg_rx_can2:
 1325 0090 00000000 		.space	80
 1325      00000000 
 1325      00000000 
 1325      00000000 
 1325      00000000 
 1328              	fifo_msg_rx_can1:
 1329 00e0 00000000 		.space	320
 1329      00000000 
 1329      00000000 
 1329      00000000 
 1329      00000000 
 1332              	fifo_msg_rx_can0:
 1333 0220 00000000 		.space	320
 1333      00000000 
 1333      00000000 
 1333      00000000 
 1333      00000000 
 1336              	fifo_msg_tx_can2:
 1337 0360 00000000 		.space	80
 1337      00000000 
 1337      00000000 
 1337      00000000 
 1337      00000000 
 1340              	fifo_msg_tx_can1:
 1341 03b0 00000000 		.space	320
 1341      00000000 
 1341      00000000 
 1341      00000000 
 1341      00000000 
 1344              	fifo_msg_tx_can0:
 1345 04f0 00000000 		.space	320
 1345      00000000 
 1345      00000000 
 1345      00000000 
 1345      00000000 
 1348              	can_block_db_ram:
 1349 0630 00000000 		.space	104
 1349      00000000 
 1349      00000000 
 1349      00000000 
 1349      00000000 
 1350              		.section	.data.can_fifo_config,"aw"
 1351              		.align	2
 1354              	can_fifo_config:
 1355 0000 14000000 		.word	20
 1356 0004 14000000 		.word	20
 1357 0008 00000000 		.word	fifo_msg_tx_can0
 1358 000c 00000000 		.word	fifo_msg_rx_can0
 1359 0010 00000000 		.word	fifo_tx_can0_config
 1360 0014 00000000 		.word	fifo_rx_can0_config
 1361 0018 14000000 		.word	20
 1362 001c 14000000 		.word	20
 1363 0020 00000000 		.word	fifo_msg_tx_can1
 1364 0024 00000000 		.word	fifo_msg_rx_can1
 1365 0028 00000000 		.word	fifo_tx_can1_config
 1366 002c 00000000 		.word	fifo_rx_can1_config
 1367 0030 05000000 		.word	5
 1368 0034 05000000 		.word	5
 1369 0038 00000000 		.word	fifo_msg_tx_can2
 1370 003c 00000000 		.word	fifo_msg_rx_can2
 1371 0040 00000000 		.word	fifo_tx_can2_config
 1372 0044 00000000 		.word	fifo_rx_can2_config
 1373              		.section	.data.can_fifo_config_actual,"aw"
 1374              		.align	2
 1377              	can_fifo_config_actual:
 1378 0000 00000000 		.word	can_fifo_config
 1379 0004 18000000 		.word	can_fifo_config+24
 1380 0008 30000000 		.word	can_fifo_config+48
 1381              		.section	.rodata.precalc_baud_map,"a"
 1382              		.align	2
 1383              		.set	.LANCHOR1,. + 0
 1386              	precalc_baud_map:
 1387 0000 17       		.byte	23
 1388 0001 00       		.byte	0
 1389 0002 00       		.byte	0
 1390 0003 0C       		.byte	12
 1391 0004 1F       		.byte	31
 1392 0005 0D       		.byte	13
 1393 0006 01       		.byte	1
 1394 0007 0B       		.byte	11
 1395 0008 03       		.byte	3
 1396 0009 09       		.byte	9
 1397 000a 04       		.byte	4
 1398 000b 08       		.byte	8
 1399 000c 05       		.byte	5
 1400 000d 07       		.byte	7
 1401 000e 09       		.byte	9
 1402 000f 06       		.byte	6
 1403 0010 02       		.byte	2
 1404 0011 0A       		.byte	10
 1405 0012 0A       		.byte	10
 1406 0013 05       		.byte	5
 1407 0014 06       		.byte	6
 1408 0015 04       		.byte	4
 1409 0016 0B       		.byte	11
 1410 0017 03       		.byte	3
 1411 0018 07       		.byte	7
 1412 0019 02       		.byte	2
 1413 001a 08       		.byte	8
 1414 001b 01       		.byte	1
 1415              		.ident	"GCC: (GNU Tools for Arm Embedded Processors 8-2019-q3-update) 8.3.1 20190703 (release) [gc
