   1              		.cpu cortex-m4
   2              		.eabi_attribute 27, 1
   3              		.eabi_attribute 28, 1
   4              		.eabi_attribute 20, 1
   5              		.eabi_attribute 21, 1
   6              		.eabi_attribute 23, 3
   7              		.eabi_attribute 24, 1
   8              		.eabi_attribute 25, 1
   9              		.eabi_attribute 26, 1
  10              		.eabi_attribute 30, 1
  11              		.eabi_attribute 34, 1
  12              		.eabi_attribute 18, 4
  13              		.file	"sfl_ramp_generator.c"
  14              		.text
  15              		.section	.text.sfl_ramp_generator,"ax",%progbits
  16              		.align	1
  17              		.global	sfl_ramp_generator
  18              		.arch armv7e-m
  19              		.syntax unified
  20              		.thumb
  21              		.thumb_func
  22              		.fpu fpv4-sp-d16
  24              	sfl_ramp_generator:
  25              		@ args = 0, pretend = 0, frame = 0
  26              		@ frame_needed = 0, uses_anonymous_args = 0
  27              		@ link register save eliminated.
  28 0000 0346     		mov	r3, r0
  29 0002 0278     		ldrb	r2, [r0]	@ zero_extendqisi2
  30 0004 0AB9     		cbnz	r2, .L2
  31 0006 8068     		ldr	r0, [r0, #8]
  32 0008 7047     		bx	lr
  33              	.L2:
  34 000a C268     		ldr	r2, [r0, #12]
  35 000c 8A42     		cmp	r2, r1
  36 000e 00D9     		bls	.L4
  37 0010 1AB9     		cbnz	r2, .L5
  38              	.L4:
  39 0012 9868     		ldr	r0, [r3, #8]
  40 0014 0022     		movs	r2, #0
  41 0016 1A70     		strb	r2, [r3]
  42 0018 7047     		bx	lr
  43              	.L5:
  44 001a 4068     		ldr	r0, [r0, #4]
  45 001c 9B68     		ldr	r3, [r3, #8]
  46 001e 1B1A     		subs	r3, r3, r0
  47 0020 07EE103A 		vmov	s14, r3	@ int
  48 0024 B8EEC77A 		vcvt.f32.s32	s14, s14
  49 0028 07EE901A 		vmov	s15, r1	@ int
  50 002c F8EE676A 		vcvt.f32.u32	s13, s15
  51 0030 07EE902A 		vmov	s15, r2	@ int
  52 0034 B8EE676A 		vcvt.f32.u32	s12, s15
  53 0038 C6EE867A 		vdiv.f32	s15, s13, s12
  54 003c 27EE277A 		vmul.f32	s14, s14, s15
  55 0040 07EE900A 		vmov	s15, r0	@ int
  56 0044 F8EEE77A 		vcvt.f32.s32	s15, s15
  57 0048 77EE277A 		vadd.f32	s15, s14, s15
  58 004c FDEEE77A 		vcvt.s32.f32	s15, s15
  59 0050 17EE900A 		vmov	r0, s15	@ int
  60 0054 7047     		bx	lr
  62              		.ident	"GCC: (GNU Tools for Arm Embedded Processors 8-2019-q3-update) 8.3.1 20190703 (release) [gc
