   1              		.cpu cortex-m4
   2              		.eabi_attribute 27, 1
   3              		.eabi_attribute 28, 1
   4              		.eabi_attribute 20, 1
   5              		.eabi_attribute 21, 1
   6              		.eabi_attribute 23, 3
   7              		.eabi_attribute 24, 1
   8              		.eabi_attribute 25, 1
   9              		.eabi_attribute 26, 1
  10              		.eabi_attribute 30, 1
  11              		.eabi_attribute 34, 1
  12              		.eabi_attribute 18, 4
  13              		.file	"user_api_pwm.c"
  14              		.text
  15              		.section	.text.user_pwm_set_pwm,"ax",%progbits
  16              		.align	1
  17              		.global	user_pwm_set_pwm
  18              		.arch armv7e-m
  19              		.syntax unified
  20              		.thumb
  21              		.thumb_func
  22              		.fpu fpv4-sp-d16
  24              	user_pwm_set_pwm:
  25              		@ args = 0, pretend = 0, frame = 0
  26              		@ frame_needed = 0, uses_anonymous_args = 0
  27 0000 38B5     		push	{r3, r4, r5, lr}
  28 0002 0446     		mov	r4, r0
  29 0004 1546     		mov	r5, r2
  30 0006 FFF7FEFF 		bl	hal_pwm_set_freq
  31 000a 0346     		mov	r3, r0
  32 000c 08B1     		cbz	r0, .L4
  33              	.L2:
  34 000e 1846     		mov	r0, r3
  35 0010 38BD     		pop	{r3, r4, r5, pc}
  36              	.L4:
  37 0012 2946     		mov	r1, r5
  38 0014 2046     		mov	r0, r4
  39 0016 FFF7FEFF 		bl	hal_pwm_set_duty
  40 001a 0346     		mov	r3, r0
  41 001c F7E7     		b	.L2
  43              		.section	.text.user_pwm_set_pwm_ramped,"ax",%progbits
  44              		.align	1
  45              		.global	user_pwm_set_pwm_ramped
  46              		.syntax unified
  47              		.thumb
  48              		.thumb_func
  49              		.fpu fpv4-sp-d16
  51              	user_pwm_set_pwm_ramped:
  52              		@ args = 0, pretend = 0, frame = 16
  53              		@ frame_needed = 0, uses_anonymous_args = 0
  54 0000 2DE9F047 		push	{r4, r5, r6, r7, r8, r9, r10, lr}
  55 0004 84B0     		sub	sp, sp, #16
  56 0006 0024     		movs	r4, #0
  57 0008 0394     		str	r4, [sp, #12]
  58 000a 0728     		cmp	r0, #7
  59 000c 00F2AD80 		bhi	.L13
  60 0010 1F46     		mov	r7, r3
  61 0012 0446     		mov	r4, r0
  62 0014 47F23056 		movw	r6, #30000
  63 0018 8E42     		cmp	r6, r1
  64 001a 28BF     		it	cs
  65 001c 0E46     		movcs	r6, r1
  66 001e B2F57A7F 		cmp	r2, #1000
  67 0022 28BF     		it	cs
  68 0024 4FF47A72 		movcs	r2, #1000
  69 0028 1546     		mov	r5, r2
  70 002a 00EB8002 		add	r2, r0, r0, lsl #2
  71 002e 504B     		ldr	r3, .L17
  72 0030 03EB8203 		add	r3, r3, r2, lsl #2
  73 0034 DB68     		ldr	r3, [r3, #12]
  74 0036 BB42     		cmp	r3, r7
  75 0038 06D1     		bne	.L7
  76 003a 1346     		mov	r3, r2
  77 003c 4C4A     		ldr	r2, .L17
  78 003e 02EB8303 		add	r3, r2, r3, lsl #2
  79 0042 9B68     		ldr	r3, [r3, #8]
  80 0044 AB42     		cmp	r3, r5
  81 0046 64D0     		beq	.L16
  82              	.L7:
  83 0048 0DF10601 		add	r1, sp, #6
  84 004c 2046     		mov	r0, r4
  85 004e FFF7FEFF 		bl	hal_pwm_readback_duty
  86 0052 02A9     		add	r1, sp, #8
  87 0054 2046     		mov	r0, r4
  88 0056 FFF7FEFF 		bl	hal_pwm_readback_freq
  89 005a BDF80630 		ldrh	r3, [sp, #6]
  90 005e B3F57A7F 		cmp	r3, #1000
  91 0062 84BF     		itt	hi
  92 0064 4FF47A73 		movhi	r3, #1000
  93 0068 ADF80630 		strhhi	r3, [sp, #6]	@ movhi
  94 006c 04EB8403 		add	r3, r4, r4, lsl #2
  95 0070 3F4A     		ldr	r2, .L17
  96 0072 02EB8303 		add	r3, r2, r3, lsl #2
  97 0076 BDF80620 		ldrh	r2, [sp, #6]
  98 007a 5A60     		str	r2, [r3, #4]
  99 007c DF60     		str	r7, [r3, #12]
 100 007e 029B     		ldr	r3, [sp, #8]
 101 0080 B3F5FA6F 		cmp	r3, #2000
 102 0084 84BF     		itt	hi
 103 0086 4FF4FA63 		movhi	r3, #2000
 104 008a 0293     		strhi	r3, [sp, #8]
 105 008c DFF8E490 		ldr	r9, .L17+4
 106 0090 4FEA8408 		lsl	r8, r4, #2
 107 0094 08EB0403 		add	r3, r8, r4
 108 0098 09EB8303 		add	r3, r9, r3, lsl #2
 109 009c 029A     		ldr	r2, [sp, #8]
 110 009e 5A60     		str	r2, [r3, #4]
 111 00a0 DF60     		str	r7, [r3, #12]
 112 00a2 334F     		ldr	r7, .L17
 113 00a4 08EB040A 		add	r10, r8, r4
 114 00a8 4FEA8A0A 		lsl	r10, r10, #2
 115 00ac 07EB0A02 		add	r2, r7, r10
 116 00b0 9560     		str	r5, [r2, #8]
 117 00b2 9E60     		str	r6, [r3, #8]
 118 00b4 5646     		mov	r6, r10
 119 00b6 0AF11005 		add	r5, r10, #16
 120 00ba 0321     		movs	r1, #3
 121 00bc 7819     		adds	r0, r7, r5
 122 00be FFF7FEFF 		bl	user_set_timestamp
 123 00c2 0321     		movs	r1, #3
 124 00c4 09EB0500 		add	r0, r9, r5
 125 00c8 FFF7FEFF 		bl	user_set_timestamp
 126 00cc 0125     		movs	r5, #1
 127 00ce 07F80A50 		strb	r5, [r7, r10]
 128 00d2 A044     		add	r8, r8, r4
 129 00d4 09F82850 		strb	r5, [r9, r8, lsl #2]
 130 00d8 0399     		ldr	r1, [sp, #12]
 131 00da B819     		adds	r0, r7, r6
 132 00dc FFF7FEFF 		bl	sfl_ramp_generator
 133 00e0 0746     		mov	r7, r0
 134 00e2 0399     		ldr	r1, [sp, #12]
 135 00e4 09EB0A00 		add	r0, r9, r10
 136 00e8 FFF7FEFF 		bl	sfl_ramp_generator
 137              	.L8:
 138 00ec B7F57A7F 		cmp	r7, #1000
 139 00f0 88BF     		it	hi
 140 00f2 4FF47A77 		movhi	r7, #1000
 141 00f6 47F23053 		movw	r3, #30000
 142 00fa 9842     		cmp	r0, r3
 143 00fc 28BF     		it	cs
 144 00fe 1846     		movcs	r0, r3
 145 0100 BAB2     		uxth	r2, r7
 146 0102 81B2     		uxth	r1, r0
 147 0104 2046     		mov	r0, r4
 148 0106 FFF7FEFF 		bl	user_pwm_set_pwm
 149              	.L5:
 150 010a 2846     		mov	r0, r5
 151 010c 04B0     		add	sp, sp, #16
 152              		@ sp needed
 153 010e BDE8F087 		pop	{r4, r5, r6, r7, r8, r9, r10, pc}
 154              	.L16:
 155 0112 00EB8003 		add	r3, r0, r0, lsl #2
 156 0116 174A     		ldr	r2, .L17+4
 157 0118 02EB8303 		add	r3, r2, r3, lsl #2
 158 011c 9B68     		ldr	r3, [r3, #8]
 159 011e B342     		cmp	r3, r6
 160 0120 92D1     		bne	.L7
 161 0122 0321     		movs	r1, #3
 162 0124 03A8     		add	r0, sp, #12
 163 0126 FFF7FEFF 		bl	user_set_timestamp
 164 012a DFF84480 		ldr	r8, .L17
 165 012e 04EB8405 		add	r5, r4, r4, lsl #2
 166 0132 AD00     		lsls	r5, r5, #2
 167 0134 08EB0503 		add	r3, r8, r5
 168 0138 1B69     		ldr	r3, [r3, #16]
 169 013a 0399     		ldr	r1, [sp, #12]
 170 013c C91A     		subs	r1, r1, r3
 171 013e 0391     		str	r1, [sp, #12]
 172 0140 08EB0500 		add	r0, r8, r5
 173 0144 FFF7FEFF 		bl	sfl_ramp_generator
 174 0148 0746     		mov	r7, r0
 175 014a 0399     		ldr	r1, [sp, #12]
 176 014c 0948     		ldr	r0, .L17+4
 177 014e 2844     		add	r0, r0, r5
 178 0150 FFF7FEFF 		bl	sfl_ramp_generator
 179 0154 18F80530 		ldrb	r3, [r8, r5]	@ zero_extendqisi2
 180 0158 2BB9     		cbnz	r3, .L14
 181 015a 04EB8403 		add	r3, r4, r4, lsl #2
 182 015e 054A     		ldr	r2, .L17+4
 183 0160 12F82350 		ldrb	r5, [r2, r3, lsl #2]	@ zero_extendqisi2
 184 0164 C2E7     		b	.L8
 185              	.L14:
 186 0166 0125     		movs	r5, #1
 187 0168 C0E7     		b	.L8
 188              	.L13:
 189 016a 0225     		movs	r5, #2
 190 016c CDE7     		b	.L5
 191              	.L18:
 192 016e 00BF     		.align	2
 193              	.L17:
 194 0170 00000000 		.word	mgl_pwm_duty_ramp_control
 195 0174 00000000 		.word	mgl_pwm_freq_ramp_control
 197              		.section	.text.user_pwm_set_pwm_immediate,"ax",%progbits
 198              		.align	1
 199              		.global	user_pwm_set_pwm_immediate
 200              		.syntax unified
 201              		.thumb
 202              		.thumb_func
 203              		.fpu fpv4-sp-d16
 205              	user_pwm_set_pwm_immediate:
 206              		@ args = 0, pretend = 0, frame = 0
 207              		@ frame_needed = 0, uses_anonymous_args = 0
 208 0000 70B5     		push	{r4, r5, r6, lr}
 209 0002 0546     		mov	r5, r0
 210 0004 0C46     		mov	r4, r1
 211 0006 1646     		mov	r6, r2
 212 0008 0121     		movs	r1, #1
 213 000a FFF7FEFF 		bl	hal_pwm_update_now
 214 000e 2146     		mov	r1, r4
 215 0010 2846     		mov	r0, r5
 216 0012 FFF7FEFF 		bl	hal_pwm_set_freq
 217 0016 0446     		mov	r4, r0
 218 0018 0021     		movs	r1, #0
 219 001a 2846     		mov	r0, r5
 220 001c FFF7FEFF 		bl	hal_pwm_update_now
 221 0020 0CB1     		cbz	r4, .L22
 222              	.L20:
 223 0022 2046     		mov	r0, r4
 224 0024 70BD     		pop	{r4, r5, r6, pc}
 225              	.L22:
 226 0026 3146     		mov	r1, r6
 227 0028 2846     		mov	r0, r5
 228 002a FFF7FEFF 		bl	hal_pwm_set_duty
 229 002e 0446     		mov	r4, r0
 230 0030 F7E7     		b	.L20
 232              		.section	.text.user_pwm_set_duty,"ax",%progbits
 233              		.align	1
 234              		.global	user_pwm_set_duty
 235              		.syntax unified
 236              		.thumb
 237              		.thumb_func
 238              		.fpu fpv4-sp-d16
 240              	user_pwm_set_duty:
 241              		@ args = 0, pretend = 0, frame = 0
 242              		@ frame_needed = 0, uses_anonymous_args = 0
 243 0000 08B5     		push	{r3, lr}
 244 0002 FFF7FEFF 		bl	hal_pwm_set_duty
 245 0006 08BD     		pop	{r3, pc}
 247              		.section	.text.user_pwm_set_duty_ramped,"ax",%progbits
 248              		.align	1
 249              		.global	user_pwm_set_duty_ramped
 250              		.syntax unified
 251              		.thumb
 252              		.thumb_func
 253              		.fpu fpv4-sp-d16
 255              	user_pwm_set_duty_ramped:
 256              		@ args = 0, pretend = 0, frame = 8
 257              		@ frame_needed = 0, uses_anonymous_args = 0
 258 0000 2DE9F041 		push	{r4, r5, r6, r7, r8, lr}
 259 0004 82B0     		sub	sp, sp, #8
 260 0006 0023     		movs	r3, #0
 261 0008 0193     		str	r3, [sp, #4]
 262 000a 0728     		cmp	r0, #7
 263 000c 65D8     		bhi	.L31
 264 000e 1646     		mov	r6, r2
 265 0010 0D46     		mov	r5, r1
 266 0012 0446     		mov	r4, r0
 267 0014 00EB8002 		add	r2, r0, r0, lsl #2
 268 0018 314B     		ldr	r3, .L34
 269 001a 03EB8203 		add	r3, r3, r2, lsl #2
 270 001e DB68     		ldr	r3, [r3, #12]
 271 0020 B342     		cmp	r3, r6
 272 0022 06D1     		bne	.L27
 273 0024 1346     		mov	r3, r2
 274 0026 2E4A     		ldr	r2, .L34
 275 0028 02EB8303 		add	r3, r2, r3, lsl #2
 276 002c 9B68     		ldr	r3, [r3, #8]
 277 002e 8B42     		cmp	r3, r1
 278 0030 3CD0     		beq	.L33
 279              	.L27:
 280 0032 0DF10201 		add	r1, sp, #2
 281 0036 2046     		mov	r0, r4
 282 0038 FFF7FEFF 		bl	hal_pwm_readback_duty
 283 003c BDF80230 		ldrh	r3, [sp, #2]
 284 0040 B3F57A7F 		cmp	r3, #1000
 285 0044 84BF     		itt	hi
 286 0046 4FF47A73 		movhi	r3, #1000
 287 004a ADF80230 		strhhi	r3, [sp, #2]	@ movhi
 288 004e 244F     		ldr	r7, .L34
 289 0050 4FEA8408 		lsl	r8, r4, #2
 290 0054 08EB0403 		add	r3, r8, r4
 291 0058 07EB8303 		add	r3, r7, r3, lsl #2
 292 005c BDF80220 		ldrh	r2, [sp, #2]
 293 0060 5A60     		str	r2, [r3, #4]
 294 0062 DE60     		str	r6, [r3, #12]
 295 0064 B5F57A7F 		cmp	r5, #1000
 296 0068 28BF     		it	cs
 297 006a 4FF47A75 		movcs	r5, #1000
 298 006e 9D60     		str	r5, [r3, #8]
 299 0070 04EB8406 		add	r6, r4, r4, lsl #2
 300 0074 B600     		lsls	r6, r6, #2
 301 0076 06F11000 		add	r0, r6, #16
 302 007a 0321     		movs	r1, #3
 303 007c 3844     		add	r0, r0, r7
 304 007e FFF7FEFF 		bl	user_set_timestamp
 305 0082 A044     		add	r8, r8, r4
 306 0084 0125     		movs	r5, #1
 307 0086 07F82850 		strb	r5, [r7, r8, lsl #2]
 308 008a 0199     		ldr	r1, [sp, #4]
 309 008c B819     		adds	r0, r7, r6
 310 008e FFF7FEFF 		bl	sfl_ramp_generator
 311              	.L28:
 312 0092 B0F57A7F 		cmp	r0, #1000
 313 0096 88BF     		it	hi
 314 0098 4FF47A70 		movhi	r0, #1000
 315 009c 81B2     		uxth	r1, r0
 316 009e 2046     		mov	r0, r4
 317 00a0 FFF7FEFF 		bl	user_pwm_set_duty
 318              	.L25:
 319 00a4 2846     		mov	r0, r5
 320 00a6 02B0     		add	sp, sp, #8
 321              		@ sp needed
 322 00a8 BDE8F081 		pop	{r4, r5, r6, r7, r8, pc}
 323              	.L33:
 324 00ac 0321     		movs	r1, #3
 325 00ae 01A8     		add	r0, sp, #4
 326 00b0 FFF7FEFF 		bl	user_set_timestamp
 327 00b4 0A4E     		ldr	r6, .L34
 328 00b6 A500     		lsls	r5, r4, #2
 329 00b8 2B19     		adds	r3, r5, r4
 330 00ba 06EB8303 		add	r3, r6, r3, lsl #2
 331 00be 1B69     		ldr	r3, [r3, #16]
 332 00c0 0199     		ldr	r1, [sp, #4]
 333 00c2 C91A     		subs	r1, r1, r3
 334 00c4 0191     		str	r1, [sp, #4]
 335 00c6 04EB8400 		add	r0, r4, r4, lsl #2
 336 00ca 06EB8000 		add	r0, r6, r0, lsl #2
 337 00ce FFF7FEFF 		bl	sfl_ramp_generator
 338 00d2 2544     		add	r5, r5, r4
 339 00d4 16F82550 		ldrb	r5, [r6, r5, lsl #2]	@ zero_extendqisi2
 340 00d8 DBE7     		b	.L28
 341              	.L31:
 342 00da 0225     		movs	r5, #2
 343 00dc E2E7     		b	.L25
 344              	.L35:
 345 00de 00BF     		.align	2
 346              	.L34:
 347 00e0 00000000 		.word	mgl_pwm_duty_ramp_control
 349              		.section	.text.user_pwm_output_force,"ax",%progbits
 350              		.align	1
 351              		.global	user_pwm_output_force
 352              		.syntax unified
 353              		.thumb
 354              		.thumb_func
 355              		.fpu fpv4-sp-d16
 357              	user_pwm_output_force:
 358              		@ args = 0, pretend = 0, frame = 0
 359              		@ frame_needed = 0, uses_anonymous_args = 0
 360 0000 08B5     		push	{r3, lr}
 361 0002 FFF7FEFF 		bl	hal_pwm_force_output
 362 0006 08BD     		pop	{r3, pc}
 364              		.section	.text.user_pwm_set_global_freq,"ax",%progbits
 365              		.align	1
 366              		.global	user_pwm_set_global_freq
 367              		.syntax unified
 368              		.thumb
 369              		.thumb_func
 370              		.fpu fpv4-sp-d16
 372              	user_pwm_set_global_freq:
 373              		@ args = 0, pretend = 0, frame = 0
 374              		@ frame_needed = 0, uses_anonymous_args = 0
 375 0000 08B5     		push	{r3, lr}
 376 0002 FFF7FEFF 		bl	hal_pwm_set_freq_global
 377 0006 08BD     		pop	{r3, pc}
 379              		.section	.text.user_pwm_set_freq,"ax",%progbits
 380              		.align	1
 381              		.global	user_pwm_set_freq
 382              		.syntax unified
 383              		.thumb
 384              		.thumb_func
 385              		.fpu fpv4-sp-d16
 387              	user_pwm_set_freq:
 388              		@ args = 0, pretend = 0, frame = 0
 389              		@ frame_needed = 0, uses_anonymous_args = 0
 390 0000 08B5     		push	{r3, lr}
 391 0002 11B9     		cbnz	r1, .L41
 392 0004 FFF7FEFF 		bl	hal_pwm_set_duty
 393              	.L42:
 394 0008 08BD     		pop	{r3, pc}
 395              	.L41:
 396 000a FFF7FEFF 		bl	hal_pwm_set_freq
 397 000e FBE7     		b	.L42
 399              		.section	.text.user_pwm_set_dither,"ax",%progbits
 400              		.align	1
 401              		.global	user_pwm_set_dither
 402              		.syntax unified
 403              		.thumb
 404              		.thumb_func
 405              		.fpu fpv4-sp-d16
 407              	user_pwm_set_dither:
 408              		@ args = 4, pretend = 0, frame = 0
 409              		@ frame_needed = 0, uses_anonymous_args = 0
 410 0000 F8B5     		push	{r3, r4, r5, r6, r7, lr}
 411 0002 1746     		mov	r7, r2
 412 0004 BDF81820 		ldrh	r2, [sp, #24]
 413 0008 0728     		cmp	r0, #7
 414 000a 37D8     		bhi	.L50
 415 000c 0446     		mov	r4, r0
 416 000e 0D46     		mov	r5, r1
 417 0010 1E46     		mov	r6, r3
 418 0012 8B42     		cmp	r3, r1
 419 0014 05D8     		bhi	.L51
 420 0016 C1F57A73 		rsb	r3, r1, #1000
 421 001a 9E42     		cmp	r6, r3
 422 001c 02DD     		ble	.L46
 423 001e 9EB2     		uxth	r6, r3
 424 0020 00E0     		b	.L46
 425              	.L51:
 426 0022 0E46     		mov	r6, r1
 427              	.L46:
 428 0024 092A     		cmp	r2, #9
 429 0026 19D9     		bls	.L52
 430 0028 7B08     		lsrs	r3, r7, #1
 431 002a 9342     		cmp	r3, r2
 432 002c 28BF     		it	cs
 433 002e 1346     		movcs	r3, r2
 434              	.L47:
 435 0030 1348     		ldr	r0, .L55
 436 0032 2101     		lsls	r1, r4, #4
 437 0034 4218     		adds	r2, r0, r1
 438 0036 4652     		strh	r6, [r0, r1]	@ movhi
 439 0038 B7FBF3F3 		udiv	r3, r7, r3
 440 003c 5380     		strh	r3, [r2, #2]	@ movhi
 441 003e D580     		strh	r5, [r2, #6]	@ movhi
 442 0040 1389     		ldrh	r3, [r2, #8]
 443 0042 BB42     		cmp	r3, r7
 444 0044 00D0     		beq	.L48
 445 0046 5FB9     		cbnz	r7, .L54
 446              	.L48:
 447 0048 1EB9     		cbnz	r6, .L49
 448 004a 0D4B     		ldr	r3, .L55
 449 004c 03EB0413 		add	r3, r3, r4, lsl #4
 450 0050 9D81     		strh	r5, [r3, #12]	@ movhi
 451              	.L49:
 452 0052 2946     		mov	r1, r5
 453 0054 2046     		mov	r0, r4
 454 0056 FFF7FEFF 		bl	user_pwm_set_duty
 455 005a 10E0     		b	.L44
 456              	.L52:
 457 005c 0A23     		movs	r3, #10
 458 005e E7E7     		b	.L47
 459              	.L54:
 460 0060 3946     		mov	r1, r7
 461 0062 2046     		mov	r0, r4
 462 0064 FFF7FEFF 		bl	user_pwm_set_freq
 463 0068 054A     		ldr	r2, .L55
 464 006a 02EB0412 		add	r2, r2, r4, lsl #4
 465 006e 7B08     		lsrs	r3, r7, #1
 466 0070 03F57A73 		add	r3, r3, #1000
 467 0074 93FBF7F7 		sdiv	r7, r3, r7
 468 0078 D781     		strh	r7, [r2, #14]	@ movhi
 469 007a E5E7     		b	.L48
 470              	.L50:
 471 007c 0020     		movs	r0, #0
 472              	.L44:
 473 007e F8BD     		pop	{r3, r4, r5, r6, r7, pc}
 474              	.L56:
 475              		.align	2
 476              	.L55:
 477 0080 00000000 		.word	pwm_vals_t
 479              		.section	.text.user_freq_get_measured_freq_high_res,"ax",%progbits
 480              		.align	1
 481              		.global	user_freq_get_measured_freq_high_res
 482              		.syntax unified
 483              		.thumb
 484              		.thumb_func
 485              		.fpu fpv4-sp-d16
 487              	user_freq_get_measured_freq_high_res:
 488              		@ args = 0, pretend = 0, frame = 8
 489              		@ frame_needed = 0, uses_anonymous_args = 0
 490 0000 00B5     		push	{lr}
 491 0002 83B0     		sub	sp, sp, #12
 492 0004 01A9     		add	r1, sp, #4
 493 0006 FFF7FEFF 		bl	hal_freq_get_freq
 494 000a 0198     		ldr	r0, [sp, #4]
 495 000c 03B0     		add	sp, sp, #12
 496              		@ sp needed
 497 000e 5DF804FB 		ldr	pc, [sp], #4
 499              		.section	.text.user_freq_get_measured_freq,"ax",%progbits
 500              		.align	1
 501              		.global	user_freq_get_measured_freq
 502              		.syntax unified
 503              		.thumb
 504              		.thumb_func
 505              		.fpu fpv4-sp-d16
 507              	user_freq_get_measured_freq:
 508              		@ args = 0, pretend = 0, frame = 0
 509              		@ frame_needed = 0, uses_anonymous_args = 0
 510 0000 08B5     		push	{r3, lr}
 511 0002 FFF7FEFF 		bl	user_freq_get_measured_freq_high_res
 512 0006 00F5FA70 		add	r0, r0, #500
 513 000a 024B     		ldr	r3, .L61
 514 000c A3FB0030 		umull	r3, r0, r3, r0
 515 0010 8009     		lsrs	r0, r0, #6
 516 0012 08BD     		pop	{r3, pc}
 517              	.L62:
 518              		.align	2
 519              	.L61:
 520 0014 D34D6210 		.word	274877907
 522              		.section	.text.user_freq_get_measured_duty_high_res,"ax",%progbits
 523              		.align	1
 524              		.global	user_freq_get_measured_duty_high_res
 525              		.syntax unified
 526              		.thumb
 527              		.thumb_func
 528              		.fpu fpv4-sp-d16
 530              	user_freq_get_measured_duty_high_res:
 531              		@ args = 0, pretend = 0, frame = 8
 532              		@ frame_needed = 0, uses_anonymous_args = 0
 533 0000 00B5     		push	{lr}
 534 0002 83B0     		sub	sp, sp, #12
 535 0004 0DF10601 		add	r1, sp, #6
 536 0008 FFF7FEFF 		bl	hal_freq_get_duty
 537 000c BDF80600 		ldrh	r0, [sp, #6]
 538 0010 03B0     		add	sp, sp, #12
 539              		@ sp needed
 540 0012 5DF804FB 		ldr	pc, [sp], #4
 542              		.section	.text.user_freq_get_measured_duty,"ax",%progbits
 543              		.align	1
 544              		.global	user_freq_get_measured_duty
 545              		.syntax unified
 546              		.thumb
 547              		.thumb_func
 548              		.fpu fpv4-sp-d16
 550              	user_freq_get_measured_duty:
 551              		@ args = 0, pretend = 0, frame = 0
 552              		@ frame_needed = 0, uses_anonymous_args = 0
 553 0000 08B5     		push	{r3, lr}
 554 0002 FFF7FEFF 		bl	user_freq_get_measured_duty_high_res
 555 0006 024B     		ldr	r3, .L67
 556 0008 A3FB0030 		umull	r3, r0, r3, r0
 557 000c C008     		lsrs	r0, r0, #3
 558 000e 08BD     		pop	{r3, pc}
 559              	.L68:
 560              		.align	2
 561              	.L67:
 562 0010 CDCCCCCC 		.word	-858993459
 564              		.section	.text.user_freq_get_measured_edge_count,"ax",%progbits
 565              		.align	1
 566              		.global	user_freq_get_measured_edge_count
 567              		.syntax unified
 568              		.thumb
 569              		.thumb_func
 570              		.fpu fpv4-sp-d16
 572              	user_freq_get_measured_edge_count:
 573              		@ args = 0, pretend = 0, frame = 8
 574              		@ frame_needed = 0, uses_anonymous_args = 0
 575 0000 00B5     		push	{lr}
 576 0002 83B0     		sub	sp, sp, #12
 577 0004 01A9     		add	r1, sp, #4
 578 0006 FFF7FEFF 		bl	hal_freq_get_edge_counter_value
 579 000a 0198     		ldr	r0, [sp, #4]
 580 000c 03B0     		add	sp, sp, #12
 581              		@ sp needed
 582 000e 5DF804FB 		ldr	pc, [sp], #4
 584              		.section	.text.user_freq_init_encoder,"ax",%progbits
 585              		.align	1
 586              		.global	user_freq_init_encoder
 587              		.syntax unified
 588              		.thumb
 589              		.thumb_func
 590              		.fpu fpv4-sp-d16
 592              	user_freq_init_encoder:
 593              		@ args = 0, pretend = 0, frame = 0
 594              		@ frame_needed = 0, uses_anonymous_args = 0
 595 0000 10B5     		push	{r4, lr}
 596 0002 A1F10904 		sub	r4, r1, #9
 597 0006 E4B2     		uxtb	r4, r4
 598 0008 052C     		cmp	r4, #5
 599 000a 04D9     		bls	.L72
 600 000c A2F10904 		sub	r4, r2, #9
 601 0010 E4B2     		uxtb	r4, r4
 602 0012 052C     		cmp	r4, #5
 603 0014 02D8     		bhi	.L74
 604              	.L72:
 605 0016 FFF7FEFF 		bl	hal_freq_init_encoder
 606              	.L71:
 607 001a 10BD     		pop	{r4, pc}
 608              	.L74:
 609 001c 0620     		movs	r0, #6
 610 001e FCE7     		b	.L71
 612              		.section	.text.user_freq_get_encoder_value,"ax",%progbits
 613              		.align	1
 614              		.global	user_freq_get_encoder_value
 615              		.syntax unified
 616              		.thumb
 617              		.thumb_func
 618              		.fpu fpv4-sp-d16
 620              	user_freq_get_encoder_value:
 621              		@ args = 0, pretend = 0, frame = 0
 622              		@ frame_needed = 0, uses_anonymous_args = 0
 623 0000 08B5     		push	{r3, lr}
 624 0002 FFF7FEFF 		bl	hal_freq_get_encoder_value
 625 0006 08BD     		pop	{r3, pc}
 627              		.section	.text.user_freq_set_encoder_value,"ax",%progbits
 628              		.align	1
 629              		.global	user_freq_set_encoder_value
 630              		.syntax unified
 631              		.thumb
 632              		.thumb_func
 633              		.fpu fpv4-sp-d16
 635              	user_freq_set_encoder_value:
 636              		@ args = 0, pretend = 0, frame = 0
 637              		@ frame_needed = 0, uses_anonymous_args = 0
 638 0000 08B5     		push	{r3, lr}
 639 0002 FFF7FEFF 		bl	hal_freq_set_encoder
 640 0006 08BD     		pop	{r3, pc}
 642              		.section	.text.PI_Controller_Discrete,"ax",%progbits
 643              		.align	1
 644              		.global	PI_Controller_Discrete
 645              		.syntax unified
 646              		.thumb
 647              		.thumb_func
 648              		.fpu fpv4-sp-d16
 650              	PI_Controller_Discrete:
 651              		@ args = 24, pretend = 0, frame = 0
 652              		@ frame_needed = 0, uses_anonymous_args = 0
 653              		@ link register save eliminated.
 654 0000 F0B4     		push	{r4, r5, r6, r7}
 655 0002 049C     		ldr	r4, [sp, #16]
 656 0004 0798     		ldr	r0, [sp, #28]
 657 0006 089E     		ldr	r6, [sp, #32]
 658 0008 099F     		ldr	r7, [sp, #36]
 659 000a 29B9     		cbnz	r1, .L81
 660 000c 0023     		movs	r3, #0
 661 000e 3360     		str	r3, [r6]
 662 0010 3B60     		str	r3, [r7]
 663 0012 0360     		str	r3, [r0]
 664              	.L80:
 665 0014 F0BC     		pop	{r4, r5, r6, r7}
 666 0016 7047     		bx	lr
 667              	.L81:
 668 0018 8A1A     		subs	r2, r1, r2
 669 001a 2344     		add	r3, r3, r4
 670 001c 02FB03F3 		mul	r3, r2, r3
 671 0020 0D49     		ldr	r1, .L85
 672 0022 81FB03C5 		smull	ip, r5, r1, r3
 673 0026 DB17     		asrs	r3, r3, #31
 674 0028 C3EBA513 		rsb	r3, r3, r5, asr #6
 675 002c 3D68     		ldr	r5, [r7]
 676 002e 2B44     		add	r3, r3, r5
 677 0030 3568     		ldr	r5, [r6]
 678 0032 05FB04F4 		mul	r4, r5, r4
 679 0036 81FB0451 		smull	r5, r1, r1, r4
 680 003a E417     		asrs	r4, r4, #31
 681 003c A4EBA114 		sub	r4, r4, r1, asr #6
 682 0040 2344     		add	r3, r3, r4
 683 0042 0699     		ldr	r1, [sp, #24]
 684 0044 9942     		cmp	r1, r3
 685 0046 03DB     		blt	.L83
 686 0048 0599     		ldr	r1, [sp, #20]
 687 004a 9942     		cmp	r1, r3
 688 004c B8BF     		it	lt
 689 004e 1946     		movlt	r1, r3
 690              	.L83:
 691 0050 3960     		str	r1, [r7]
 692 0052 3260     		str	r2, [r6]
 693 0054 0160     		str	r1, [r0]
 694 0056 DDE7     		b	.L80
 695              	.L86:
 696              		.align	2
 697              	.L85:
 698 0058 D34D6210 		.word	274877907
 700              		.section	.text.user_pwm_current_control,"ax",%progbits
 701              		.align	1
 702              		.global	user_pwm_current_control
 703              		.syntax unified
 704              		.thumb
 705              		.thumb_func
 706              		.fpu fpv4-sp-d16
 708              	user_pwm_current_control:
 709              		@ args = 0, pretend = 0, frame = 8
 710              		@ frame_needed = 0, uses_anonymous_args = 0
 711 0000 F0B5     		push	{r4, r5, r6, r7, lr}
 712 0002 89B0     		sub	sp, sp, #36
 713 0004 0546     		mov	r5, r0
 714 0006 00EB4007 		add	r7, r0, r0, lsl #1
 715 000a 144C     		ldr	r4, .L89
 716 000c 3C44     		add	r4, r4, r7
 717 000e A478     		ldrb	r4, [r4, #2]	@ zero_extendqisi2
 718 0010 04EB8404 		add	r4, r4, r4, lsl #2
 719 0014 124E     		ldr	r6, .L89+4
 720 0016 06EB4404 		add	r4, r6, r4, lsl #1
 721 001a B4F808C0 		ldrh	ip, [r4, #8]
 722 001e 114E     		ldr	r6, .L89+8
 723 0020 BC00     		lsls	r4, r7, #2
 724 0022 46F827C0 		str	ip, [r6, r7, lsl #2]
 725 0026 04F10807 		add	r7, r4, #8
 726 002a 3744     		add	r7, r7, r6
 727 002c 0597     		str	r7, [sp, #20]
 728 002e 0434     		adds	r4, r4, #4
 729 0030 3444     		add	r4, r4, r6
 730 0032 0494     		str	r4, [sp, #16]
 731 0034 07AC     		add	r4, sp, #28
 732 0036 0394     		str	r4, [sp, #12]
 733 0038 4FF47A74 		mov	r4, #1000
 734 003c 0294     		str	r4, [sp, #8]
 735 003e 0024     		movs	r4, #0
 736 0040 0194     		str	r4, [sp, #4]
 737 0042 0093     		str	r3, [sp]
 738 0044 1346     		mov	r3, r2
 739 0046 6246     		mov	r2, ip
 740 0048 FFF7FEFF 		bl	PI_Controller_Discrete
 741 004c BDF81C10 		ldrh	r1, [sp, #28]
 742 0050 2846     		mov	r0, r5
 743 0052 FFF7FEFF 		bl	hal_pwm_set_duty
 744 0056 0798     		ldr	r0, [sp, #28]
 745 0058 09B0     		add	sp, sp, #36
 746              		@ sp needed
 747 005a F0BD     		pop	{r4, r5, r6, r7, pc}
 748              	.L90:
 749              		.align	2
 750              	.L89:
 751 005c 00000000 		.word	struct_ftm_config_tbl
 752 0060 00000000 		.word	adc_results
 753 0064 00000000 		.word	mgl_pi_controller_data
 755              		.section	.text.user_pwm_current_control_with_dither,"ax",%progbits
 756              		.align	1
 757              		.global	user_pwm_current_control_with_dither
 758              		.syntax unified
 759              		.thumb
 760              		.thumb_func
 761              		.fpu fpv4-sp-d16
 763              	user_pwm_current_control_with_dither:
 764              		@ args = 12, pretend = 0, frame = 8
 765              		@ frame_needed = 0, uses_anonymous_args = 0
 766 0000 F0B5     		push	{r4, r5, r6, r7, lr}
 767 0002 89B0     		sub	sp, sp, #36
 768 0004 0446     		mov	r4, r0
 769 0006 0E9E     		ldr	r6, [sp, #56]
 770 0008 00EB4007 		add	r7, r0, r0, lsl #1
 771 000c 2D48     		ldr	r0, .L100
 772 000e 3844     		add	r0, r0, r7
 773 0010 8078     		ldrb	r0, [r0, #2]	@ zero_extendqisi2
 774 0012 00EB8000 		add	r0, r0, r0, lsl #2
 775 0016 2C4D     		ldr	r5, .L100+4
 776 0018 05EB4000 		add	r0, r5, r0, lsl #1
 777 001c B0F808C0 		ldrh	ip, [r0, #8]
 778 0020 2A4D     		ldr	r5, .L100+8
 779 0022 B800     		lsls	r0, r7, #2
 780 0024 45F827C0 		str	ip, [r5, r7, lsl #2]
 781 0028 00F10807 		add	r7, r0, #8
 782 002c 2F44     		add	r7, r7, r5
 783 002e 0597     		str	r7, [sp, #20]
 784 0030 0430     		adds	r0, r0, #4
 785 0032 2844     		add	r0, r0, r5
 786 0034 0490     		str	r0, [sp, #16]
 787 0036 07A8     		add	r0, sp, #28
 788 0038 0390     		str	r0, [sp, #12]
 789 003a 4FF47A70 		mov	r0, #1000
 790 003e 0290     		str	r0, [sp, #8]
 791 0040 0020     		movs	r0, #0
 792 0042 0190     		str	r0, [sp, #4]
 793 0044 0093     		str	r3, [sp]
 794 0046 1346     		mov	r3, r2
 795 0048 6246     		mov	r2, ip
 796 004a E0B2     		uxtb	r0, r4
 797 004c FFF7FEFF 		bl	PI_Controller_Discrete
 798 0050 072C     		cmp	r4, #7
 799 0052 22D8     		bhi	.L92
 800 0054 0799     		ldr	r1, [sp, #28]
 801 0056 0F9B     		ldr	r3, [sp, #60]
 802 0058 9942     		cmp	r1, r3
 803 005a 21D3     		bcc	.L96
 804 005c C1F57A75 		rsb	r5, r1, #1000
 805 0060 9D42     		cmp	r5, r3
 806 0062 28BF     		it	cs
 807 0064 1D46     		movcs	r5, r3
 808              	.L93:
 809 0066 109B     		ldr	r3, [sp, #64]
 810 0068 092B     		cmp	r3, #9
 811 006a 1BD9     		bls	.L97
 812 006c 7308     		lsrs	r3, r6, #1
 813 006e 109A     		ldr	r2, [sp, #64]
 814 0070 9342     		cmp	r3, r2
 815 0072 28BF     		it	cs
 816 0074 1346     		movcs	r3, r2
 817              	.L94:
 818 0076 164F     		ldr	r7, .L100+12
 819 0078 2001     		lsls	r0, r4, #4
 820 007a 3A18     		adds	r2, r7, r0
 821 007c 3D52     		strh	r5, [r7, r0]	@ movhi
 822 007e B6FBF3F3 		udiv	r3, r6, r3
 823 0082 5380     		strh	r3, [r2, #2]	@ movhi
 824 0084 D180     		strh	r1, [r2, #6]	@ movhi
 825 0086 1389     		ldrh	r3, [r2, #8]
 826 0088 B342     		cmp	r3, r6
 827 008a 00D0     		beq	.L95
 828 008c 66B9     		cbnz	r6, .L99
 829              	.L95:
 830 008e 25B9     		cbnz	r5, .L92
 831 0090 0F4B     		ldr	r3, .L100+12
 832 0092 03EB0414 		add	r4, r3, r4, lsl #4
 833 0096 079B     		ldr	r3, [sp, #28]
 834 0098 A381     		strh	r3, [r4, #12]	@ movhi
 835              	.L92:
 836 009a 0798     		ldr	r0, [sp, #28]
 837 009c 09B0     		add	sp, sp, #36
 838              		@ sp needed
 839 009e F0BD     		pop	{r4, r5, r6, r7, pc}
 840              	.L96:
 841 00a0 0D46     		mov	r5, r1
 842 00a2 E0E7     		b	.L93
 843              	.L97:
 844 00a4 0A23     		movs	r3, #10
 845 00a6 E6E7     		b	.L94
 846              	.L99:
 847 00a8 B1B2     		uxth	r1, r6
 848 00aa 2046     		mov	r0, r4
 849 00ac FFF7FEFF 		bl	user_pwm_set_freq
 850 00b0 07EB0412 		add	r2, r7, r4, lsl #4
 851 00b4 7308     		lsrs	r3, r6, #1
 852 00b6 03F57A73 		add	r3, r3, #1000
 853 00ba B3FBF6F6 		udiv	r6, r3, r6
 854 00be D681     		strh	r6, [r2, #14]	@ movhi
 855 00c0 E5E7     		b	.L95
 856              	.L101:
 857 00c2 00BF     		.align	2
 858              	.L100:
 859 00c4 00000000 		.word	struct_ftm_config_tbl
 860 00c8 00000000 		.word	adc_results
 861 00cc 00000000 		.word	mgl_pi_controller_data
 862 00d0 00000000 		.word	pwm_vals_t
 864              		.comm	mgl_pwm_freq_ramp_control,160,4
 865              		.comm	mgl_pwm_duty_ramp_control,160,4
 866              		.comm	mgl_pi_controller_data,96,4
 867              		.global	regulator_data
 868              		.section	.bss.regulator_data,"aw",%nobits
 869              		.align	2
 872              	regulator_data:
 873 0000 00000000 		.space	12
 873      00000000 
 873      00000000 
 874              		.ident	"GCC: (GNU Tools for Arm Embedded Processors 8-2019-q3-update) 8.3.1 20190703 (release) [gc
